TN:
SF:src/config/database.ts
FN:15,(anonymous_1)
FN:19,(anonymous_2)
FNF:2
FNH:0
FNDA:0,(anonymous_1)
FNDA:0,(anonymous_2)
DA:1,4
DA:2,4
DA:4,4
DA:6,4
DA:15,4
DA:16,0
DA:19,4
DA:20,0
DA:21,0
DA:24,4
DA:25,4
LF:11
LH:8
BRDA:8,0,0,0
BRDA:8,0,1,4
BRF:2
BRH:1
end_of_record
TN:
SF:src/config/redis.ts
FN:10,(anonymous_1)
FN:14,(anonymous_2)
FNF:2
FNH:1
FNDA:0,(anonymous_1)
FNDA:1,(anonymous_2)
DA:1,3
DA:2,3
DA:4,3
DA:6,3
DA:10,3
DA:11,0
DA:14,3
DA:15,1
DA:19,3
DA:21,3
LF:10
LH:9
BRDA:7,0,0,3
BRDA:7,0,1,0
BRF:2
BRH:1
end_of_record
TN:
SF:src/jobs/queue.ts
FNF:0
FNH:0
DA:1,0
DA:2,0
DA:5,0
DA:8,0
DA:16,0
DA:24,0
DA:32,0
LF:7
LH:0
BRDA:5,0,0,0
BRDA:5,0,1,0
BRDA:11,1,0,0
BRDA:11,1,1,0
BRDA:19,2,0,0
BRDA:19,2,1,0
BRDA:27,3,0,0
BRDA:27,3,1,0
BRDA:35,4,0,0
BRDA:35,4,1,0
BRF:10
BRH:0
end_of_record
TN:
SF:src/jobs/workers.ts
FN:12,(anonymous_0)
FN:41,(anonymous_1)
FN:70,(anonymous_2)
FN:81,(anonymous_3)
FN:112,(anonymous_4)
FN:148,(anonymous_5)
FN:172,(anonymous_6)
FN:197,(anonymous_7)
FN:234,(anonymous_8)
FN:283,(anonymous_9)
FN:287,(anonymous_10)
FN:291,(anonymous_11)
FN:295,(anonymous_12)
FNF:13
FNH:0
FNDA:0,(anonymous_0)
FNDA:0,(anonymous_1)
FNDA:0,(anonymous_2)
FNDA:0,(anonymous_3)
FNDA:0,(anonymous_4)
FNDA:0,(anonymous_5)
FNDA:0,(anonymous_6)
FNDA:0,(anonymous_7)
FNDA:0,(anonymous_8)
FNDA:0,(anonymous_9)
FNDA:0,(anonymous_10)
FNDA:0,(anonymous_11)
FNDA:0,(anonymous_12)
DA:1,0
DA:3,0
DA:4,0
DA:5,0
DA:6,0
DA:8,0
DA:9,0
DA:12,0
DA:13,0
DA:15,0
DA:17,0
DA:18,0
DA:19,0
DA:22,0
DA:25,0
DA:28,0
DA:30,0
DA:31,0
DA:34,0
DA:36,0
DA:37,0
DA:41,0
DA:42,0
DA:44,0
DA:46,0
DA:47,0
DA:48,0
DA:51,0
DA:54,0
DA:57,0
DA:59,0
DA:60,0
DA:63,0
DA:65,0
DA:66,0
DA:70,0
DA:71,0
DA:72,0
DA:73,0
DA:75,0
DA:76,0
DA:81,0
DA:82,0
DA:83,0
DA:91,0
DA:93,0
DA:95,0
DA:96,0
DA:105,0
DA:107,0
DA:108,0
DA:112,0
DA:113,0
DA:114,0
DA:115,0
DA:117,0
DA:128,0
DA:130,0
DA:132,0
DA:140,0
DA:142,0
DA:143,0
DA:148,0
DA:149,0
DA:151,0
DA:153,0
DA:156,0
DA:165,0
DA:167,0
DA:168,0
DA:172,0
DA:173,0
DA:175,0
DA:177,0
DA:180,0
DA:189,0
DA:191,0
DA:192,0
DA:197,0
DA:198,0
DA:199,0
DA:200,0
DA:201,0
DA:204,0
DA:205,0
DA:208,0
DA:211,0
DA:226,0
DA:228,0
DA:229,0
DA:234,0
DA:236,0
DA:247,0
DA:258,0
DA:269,0
DA:279,0
DA:283,0
DA:284,0
DA:287,0
DA:288,0
DA:291,0
DA:292,0
DA:295,0
DA:296,0
LF:104
LH:0
BRDA:18,0,0,0
BRDA:30,1,0,0
BRDA:47,2,0,0
BRDA:59,3,0,0
BRDA:93,4,0,0
BRDA:98,5,0,0
BRDA:98,5,1,0
BRDA:99,6,0,0
BRDA:99,6,1,0
BRDA:130,7,0,0
BRDA:134,8,0,0
BRDA:134,8,1,0
BRDA:201,9,0,0
BRDA:201,9,1,0
BRF:14
BRH:0
end_of_record
TN:
SF:src/middleware/auditLogger.ts
FN:15,(anonymous_0)
FN:23,(anonymous_1)
FN:33,(anonymous_2)
FN:71,getActionFromMethod
FN:85,sanitizeBody
FN:94,(anonymous_5)
FNF:6
FNH:0
FNDA:0,(anonymous_0)
FNDA:0,(anonymous_1)
FNDA:0,(anonymous_2)
FNDA:0,getActionFromMethod
FNDA:0,sanitizeBody
FNDA:0,(anonymous_5)
DA:2,0
DA:15,0
DA:16,0
DA:17,0
DA:19,0
DA:23,0
DA:25,0
DA:26,0
DA:30,0
DA:33,0
DA:35,0
DA:37,0
DA:38,0
DA:39,0
DA:42,0
DA:45,0
DA:47,0
DA:65,0
DA:68,0
DA:72,0
DA:74,0
DA:77,0
DA:79,0
DA:81,0
DA:86,0
DA:87,0
DA:90,0
DA:93,0
DA:94,0
DA:95,0
DA:96,0
DA:100,0
LF:32
LH:0
BRDA:25,0,0,0
BRDA:25,1,0,0
BRDA:25,1,1,0
BRDA:35,2,0,0
BRDA:35,3,0,0
BRDA:35,3,1,0
BRDA:38,4,0,0
BRDA:38,4,1,0
BRDA:42,5,0,0
BRDA:42,5,1,0
BRDA:42,6,0,0
BRDA:42,6,1,0
BRDA:45,7,0,0
BRDA:45,7,1,0
BRDA:45,7,2,0
BRDA:72,8,0,0
BRDA:72,8,1,0
BRDA:72,8,2,0
BRDA:72,8,3,0
BRDA:72,8,4,0
BRDA:86,9,0,0
BRDA:86,10,0,0
BRDA:86,10,1,0
BRDA:95,11,0,0
BRF:24
BRH:0
end_of_record
TN:
SF:src/middleware/auth.ts
FN:15,(anonymous_0)
FN:46,(anonymous_1)
FN:47,(anonymous_2)
FN:66,(anonymous_3)
FNF:4
FNH:0
FNDA:0,(anonymous_0)
FNDA:0,(anonymous_1)
FNDA:0,(anonymous_2)
FNDA:0,(anonymous_3)
DA:2,1
DA:15,1
DA:16,0
DA:17,0
DA:19,0
DA:20,0
DA:26,0
DA:27,0
DA:29,0
DA:30,0
DA:36,0
DA:37,0
DA:39,0
DA:46,1
DA:47,0
DA:48,0
DA:49,0
DA:55,0
DA:56,0
DA:62,0
DA:66,1
DA:67,0
DA:70,1
DA:71,1
LF:24
LH:6
BRDA:19,0,0,0
BRDA:19,1,0,0
BRDA:19,1,1,0
BRDA:29,2,0,0
BRDA:48,3,0,0
BRDA:55,4,0,0
BRF:6
BRH:0
end_of_record
TN:
SF:src/middleware/errorHandler.ts
FN:8,(anonymous_0)
FN:41,(anonymous_1)
FNF:2
FNH:0
FNDA:0,(anonymous_0)
FNDA:0,(anonymous_1)
DA:8,0
DA:14,0
DA:15,0
DA:18,0
DA:29,0
DA:30,0
DA:32,0
DA:41,0
DA:42,0
DA:43,0
DA:44,0
DA:45,0
LF:12
LH:0
BRDA:29,0,0,0
BRDA:29,0,1,0
BRDA:30,1,0,0
BRDA:30,1,1,0
BRDA:36,2,0,0
BRDA:36,2,1,0
BRDA:41,3,0,0
BRF:7
BRH:0
end_of_record
TN:
SF:src/models/AuditLog.ts
FN:17,(anonymous_0)
FN:21,(anonymous_1)
FN:46,(anonymous_2)
FN:60,(anonymous_3)
FN:75,(anonymous_4)
FNF:5
FNH:0
FNDA:0,(anonymous_0)
FNDA:0,(anonymous_1)
FNDA:0,(anonymous_2)
FNDA:0,(anonymous_3)
FNDA:0,(anonymous_4)
DA:1,0
DA:16,0
DA:18,0
DA:22,0
DA:43,0
DA:47,0
DA:57,0
DA:61,0
DA:72,0
DA:76,0
DA:88,0
LF:11
LH:0
BRDA:37,0,0,0
BRDA:37,0,1,0
BRDA:75,1,0,0
BRF:3
BRH:0
end_of_record
TN:
SF:src/models/Inventory.ts
FN:47,(anonymous_1)
FN:71,(anonymous_2)
FN:83,(anonymous_3)
FN:100,(anonymous_4)
FN:122,(anonymous_5)
FN:127,(anonymous_6)
FN:157,(anonymous_7)
FN:173,(anonymous_8)
FN:187,(anonymous_9)
FN:216,(anonymous_10)
FN:233,(anonymous_11)
FN:260,(anonymous_12)
FN:276,(anonymous_13)
FN:306,(anonymous_14)
FN:318,(anonymous_15)
FN:345,(anonymous_16)
FN:356,(anonymous_17)
FN:405,(anonymous_18)
FN:418,(anonymous_19)
FNF:19
FNH:0
FNDA:0,(anonymous_1)
FNDA:0,(anonymous_2)
FNDA:0,(anonymous_3)
FNDA:0,(anonymous_4)
FNDA:0,(anonymous_5)
FNDA:0,(anonymous_6)
FNDA:0,(anonymous_7)
FNDA:0,(anonymous_8)
FNDA:0,(anonymous_9)
FNDA:0,(anonymous_10)
FNDA:0,(anonymous_11)
FNDA:0,(anonymous_12)
FNDA:0,(anonymous_13)
FNDA:0,(anonymous_14)
FNDA:0,(anonymous_15)
FNDA:0,(anonymous_16)
FNDA:0,(anonymous_17)
FNDA:0,(anonymous_18)
FNDA:0,(anonymous_19)
DA:1,0
DA:45,0
DA:48,0
DA:49,0
DA:50,0
DA:52,0
DA:63,0
DA:65,0
DA:72,0
DA:79,0
DA:80,0
DA:84,0
DA:95,0
DA:96,0
DA:97,0
DA:101,0
DA:110,0
DA:119,0
DA:123,0
DA:124,0
DA:125,0
DA:127,0
DA:128,0
DA:129,0
DA:130,0
DA:131,0
DA:132,0
DA:136,0
DA:137,0
DA:140,0
DA:141,0
DA:143,0
DA:152,0
DA:153,0
DA:158,0
DA:169,0
DA:170,0
DA:174,0
DA:183,0
DA:184,0
DA:188,0
DA:202,0
DA:213,0
DA:217,0
DA:228,0
DA:229,0
DA:234,0
DA:246,0
DA:257,0
DA:261,0
DA:271,0
DA:272,0
DA:288,0
DA:305,0
DA:306,0
DA:328,0
DA:344,0
DA:345,0
DA:368,0
DA:383,0
DA:384,0
DA:386,0
DA:387,0
DA:388,0
DA:389,0
DA:392,0
DA:393,0
DA:394,0
DA:395,0
DA:398,0
DA:404,0
DA:405,0
DA:424,0
DA:426,0
DA:427,0
DA:430,0
DA:435,0
DA:437,0
DA:438,0
DA:439,0
DA:442,0
DA:444,0
DA:445,0
DA:446,0
DA:450,0
DA:451,0
DA:456,0
DA:459,0
DA:466,0
DA:475,0
DA:477,0
DA:478,0
DA:480,0
DA:481,0
DA:483,0
LF:95
LH:0
BRDA:47,0,0,0
BRDA:47,1,0,0
BRDA:80,2,0,0
BRDA:80,2,1,0
BRDA:83,3,0,0
BRDA:115,4,0,0
BRDA:115,4,1,0
BRDA:116,5,0,0
BRDA:116,5,1,0
BRDA:128,6,0,0
BRDA:136,7,0,0
BRDA:153,8,0,0
BRDA:153,8,1,0
BRDA:184,9,0,0
BRDA:184,9,1,0
BRDA:229,10,0,0
BRDA:229,10,1,0
BRDA:260,11,0,0
BRDA:318,12,0,0
BRDA:386,13,0,0
BRDA:392,14,0,0
BRDA:437,15,0,0
BRDA:444,16,0,0
BRF:23
BRH:0
end_of_record
TN:
SF:src/models/Invoice.ts
FN:4,(anonymous_0)
FN:14,(anonymous_1)
FN:22,(anonymous_2)
FN:57,(anonymous_3)
FN:59,(anonymous_4)
FN:69,(anonymous_5)
FNF:6
FNH:0
FNDA:0,(anonymous_0)
FNDA:0,(anonymous_1)
FNDA:0,(anonymous_2)
FNDA:0,(anonymous_3)
FNDA:0,(anonymous_4)
FNDA:0,(anonymous_5)
DA:1,0
DA:3,0
DA:5,0
DA:6,0
DA:7,0
DA:8,0
DA:10,0
DA:15,0
DA:19,0
DA:23,0
DA:54,0
DA:58,0
DA:59,0
DA:62,0
DA:66,0
DA:70,0
DA:74,0
LF:17
LH:0
BRDA:4,0,0,0
BRF:1
BRH:0
end_of_record
TN:
SF:src/models/LabRequest.ts
FN:38,(anonymous_1)
FN:94,(anonymous_2)
FN:113,(anonymous_3)
FN:125,(anonymous_4)
FN:128,(anonymous_5)
FN:140,(anonymous_6)
FN:143,(anonymous_7)
FN:171,(anonymous_8)
FN:174,(anonymous_9)
FN:228,(anonymous_10)
FN:301,(anonymous_11)
FN:310,(anonymous_12)
FN:313,(anonymous_13)
FN:331,(anonymous_14)
FN:334,(anonymous_15)
FN:362,(anonymous_16)
FN:365,(anonymous_17)
FN:391,(anonymous_18)
FNF:18
FNH:0
FNDA:0,(anonymous_1)
FNDA:0,(anonymous_2)
FNDA:0,(anonymous_3)
FNDA:0,(anonymous_4)
FNDA:0,(anonymous_5)
FNDA:0,(anonymous_6)
FNDA:0,(anonymous_7)
FNDA:0,(anonymous_8)
FNDA:0,(anonymous_9)
FNDA:0,(anonymous_10)
FNDA:0,(anonymous_11)
FNDA:0,(anonymous_12)
FNDA:0,(anonymous_13)
FNDA:0,(anonymous_14)
FNDA:0,(anonymous_15)
FNDA:0,(anonymous_16)
FNDA:0,(anonymous_17)
FNDA:0,(anonymous_18)
DA:1,0
DA:37,0
DA:39,0
DA:41,0
DA:42,0
DA:45,0
DA:52,0
DA:60,0
DA:61,0
DA:64,0
DA:65,0
DA:71,0
DA:80,0
DA:83,0
DA:85,0
DA:87,0
DA:88,0
DA:90,0
DA:95,0
DA:104,0
DA:106,0
DA:107,0
DA:110,0
DA:114,0
DA:124,0
DA:125,0
DA:129,0
DA:139,0
DA:140,0
DA:144,0
DA:152,0
DA:153,0
DA:155,0
DA:156,0
DA:157,0
DA:158,0
DA:161,0
DA:162,0
DA:163,0
DA:164,0
DA:165,0
DA:168,0
DA:170,0
DA:171,0
DA:175,0
DA:177,0
DA:178,0
DA:180,0
DA:181,0
DA:182,0
DA:184,0
DA:185,0
DA:187,0
DA:188,0
DA:189,0
DA:192,0
DA:193,0
DA:194,0
DA:197,0
DA:198,0
DA:199,0
DA:202,0
DA:203,0
DA:205,0
DA:212,0
DA:213,0
DA:215,0
DA:216,0
DA:219,0
DA:221,0
DA:222,0
DA:224,0
DA:229,0
DA:231,0
DA:232,0
DA:234,0
DA:235,0
DA:236,0
DA:238,0
DA:239,0
DA:241,0
DA:242,0
DA:243,0
DA:246,0
DA:247,0
DA:248,0
DA:251,0
DA:252,0
DA:253,0
DA:256,0
DA:257,0
DA:258,0
DA:261,0
DA:262,0
DA:263,0
DA:266,0
DA:267,0
DA:268,0
DA:271,0
DA:272,0
DA:273,0
DA:276,0
DA:278,0
DA:285,0
DA:286,0
DA:288,0
DA:289,0
DA:292,0
DA:294,0
DA:295,0
DA:297,0
DA:302,0
DA:309,0
DA:310,0
DA:314,0
DA:330,0
DA:331,0
DA:335,0
DA:344,0
DA:345,0
DA:347,0
DA:348,0
DA:349,0
DA:350,0
DA:353,0
DA:354,0
DA:355,0
DA:356,0
DA:359,0
DA:361,0
DA:362,0
DA:366,0
DA:392,0
LF:133
LH:0
BRDA:106,0,0,0
BRDA:155,1,0,0
BRDA:161,2,0,0
BRDA:162,3,0,0
BRDA:162,3,1,0
BRDA:187,4,0,0
BRDA:192,5,0,0
BRDA:197,6,0,0
BRDA:215,7,0,0
BRDA:241,8,0,0
BRDA:246,9,0,0
BRDA:251,10,0,0
BRDA:256,11,0,0
BRDA:261,12,0,0
BRDA:266,13,0,0
BRDA:271,14,0,0
BRDA:288,15,0,0
BRDA:347,16,0,0
BRDA:353,17,0,0
BRDA:382,18,0,0
BRDA:382,18,1,0
BRDA:384,19,0,0
BRDA:384,19,1,0
BRDA:396,20,0,0
BRDA:396,20,1,0
BRDA:397,21,0,0
BRDA:397,21,1,0
BRDA:406,22,0,0
BRDA:406,22,1,0
BRDA:407,23,0,0
BRDA:407,23,1,0
BRDA:408,24,0,0
BRDA:408,24,1,0
BRDA:411,25,0,0
BRDA:411,25,1,0
BRDA:412,26,0,0
BRDA:412,26,1,0
BRF:37
BRH:0
end_of_record
TN:
SF:src/models/LabTest.ts
FN:31,(anonymous_1)
FN:70,(anonymous_2)
FN:81,(anonymous_3)
FN:92,(anonymous_4)
FN:103,(anonymous_5)
FN:106,(anonymous_6)
FN:117,(anonymous_7)
FN:120,(anonymous_8)
FN:134,(anonymous_9)
FN:137,(anonymous_10)
FN:227,(anonymous_11)
FN:233,(anonymous_12)
FN:236,(anonymous_13)
FN:239,(anonymous_14)
FN:259,(anonymous_15)
FN:262,(anonymous_16)
FNF:16
FNH:0
FNDA:0,(anonymous_1)
FNDA:0,(anonymous_2)
FNDA:0,(anonymous_3)
FNDA:0,(anonymous_4)
FNDA:0,(anonymous_5)
FNDA:0,(anonymous_6)
FNDA:0,(anonymous_7)
FNDA:0,(anonymous_8)
FNDA:0,(anonymous_9)
FNDA:0,(anonymous_10)
FNDA:0,(anonymous_11)
FNDA:0,(anonymous_12)
FNDA:0,(anonymous_13)
FNDA:0,(anonymous_14)
FNDA:0,(anonymous_15)
FNDA:0,(anonymous_16)
DA:1,0
DA:30,0
DA:32,0
DA:34,0
DA:35,0
DA:37,0
DA:45,0
DA:58,0
DA:59,0
DA:61,0
DA:63,0
DA:64,0
DA:66,0
DA:71,0
DA:72,0
DA:74,0
DA:75,0
DA:78,0
DA:82,0
DA:83,0
DA:85,0
DA:86,0
DA:89,0
DA:93,0
DA:94,0
DA:96,0
DA:97,0
DA:100,0
DA:102,0
DA:103,0
DA:107,0
DA:108,0
DA:110,0
DA:111,0
DA:114,0
DA:116,0
DA:117,0
DA:121,0
DA:125,0
DA:127,0
DA:128,0
DA:131,0
DA:133,0
DA:134,0
DA:138,0
DA:140,0
DA:141,0
DA:143,0
DA:144,0
DA:145,0
DA:147,0
DA:148,0
DA:149,0
DA:152,0
DA:153,0
DA:154,0
DA:157,0
DA:158,0
DA:159,0
DA:162,0
DA:163,0
DA:164,0
DA:167,0
DA:168,0
DA:169,0
DA:172,0
DA:173,0
DA:174,0
DA:177,0
DA:178,0
DA:179,0
DA:182,0
DA:183,0
DA:184,0
DA:187,0
DA:188,0
DA:189,0
DA:192,0
DA:193,0
DA:194,0
DA:197,0
DA:198,0
DA:201,0
DA:202,0
DA:204,0
DA:211,0
DA:212,0
DA:214,0
DA:215,0
DA:218,0
DA:220,0
DA:221,0
DA:223,0
DA:228,0
DA:229,0
DA:230,0
DA:234,0
DA:235,0
DA:236,0
DA:240,0
DA:241,0
DA:242,0
DA:244,0
DA:245,0
DA:246,0
DA:247,0
DA:250,0
DA:251,0
DA:252,0
DA:253,0
DA:256,0
DA:258,0
DA:259,0
DA:263,0
LF:114
LH:0
BRDA:53,0,0,0
BRDA:53,0,1,0
BRDA:54,1,0,0
BRDA:54,1,1,0
BRDA:74,2,0,0
BRDA:85,3,0,0
BRDA:92,4,0,0
BRDA:96,5,0,0
BRDA:106,6,0,0
BRDA:110,7,0,0
BRDA:120,8,0,0
BRDA:127,9,0,0
BRDA:147,10,0,0
BRDA:152,11,0,0
BRDA:157,12,0,0
BRDA:162,13,0,0
BRDA:167,14,0,0
BRDA:172,15,0,0
BRDA:177,16,0,0
BRDA:182,17,0,0
BRDA:187,18,0,0
BRDA:189,19,0,0
BRDA:189,19,1,0
BRDA:192,20,0,0
BRDA:197,21,0,0
BRDA:214,22,0,0
BRDA:230,23,0,0
BRDA:230,23,1,0
BRDA:244,24,0,0
BRDA:250,25,0,0
BRDA:280,26,0,0
BRDA:280,26,1,0
BRF:32
BRH:0
end_of_record
TN:
SF:src/models/Patient.ts
FN:34,(anonymous_1)
FN:55,(anonymous_2)
FN:69,(anonymous_3)
FN:83,(anonymous_4)
FN:105,(anonymous_5)
FN:141,(anonymous_6)
FN:146,(anonymous_7)
FN:177,(anonymous_8)
FNF:8
FNH:0
FNDA:0,(anonymous_1)
FNDA:0,(anonymous_2)
FNDA:0,(anonymous_3)
FNDA:0,(anonymous_4)
FNDA:0,(anonymous_5)
FNDA:0,(anonymous_6)
FNDA:0,(anonymous_7)
FNDA:0,(anonymous_8)
DA:1,0
DA:33,0
DA:35,0
DA:36,0
DA:42,0
DA:44,0
DA:45,0
DA:48,0
DA:49,0
DA:50,0
DA:52,0
DA:56,0
DA:65,0
DA:66,0
DA:70,0
DA:79,0
DA:80,0
DA:84,0
DA:100,0
DA:101,0
DA:102,0
DA:106,0
DA:108,0
DA:123,0
DA:138,0
DA:142,0
DA:143,0
DA:144,0
DA:146,0
DA:147,0
DA:148,0
DA:149,0
DA:150,0
DA:151,0
DA:155,0
DA:156,0
DA:159,0
DA:160,0
DA:162,0
DA:173,0
DA:174,0
DA:178,0
DA:179,0
DA:180,0
DA:182,0
DA:194,0
DA:196,0
LF:47
LH:0
BRDA:44,0,0,0
BRDA:66,1,0,0
BRDA:66,1,1,0
BRDA:80,2,0,0
BRDA:80,2,1,0
BRDA:83,3,0,0
BRDA:106,4,0,0
BRDA:106,4,1,0
BRDA:147,5,0,0
BRDA:155,6,0,0
BRDA:174,7,0,0
BRDA:174,7,1,0
BRDA:177,8,0,0
BRDA:177,9,0,0
BRF:14
BRH:0
end_of_record
TN:
SF:src/models/Prescription.ts
FN:26,(anonymous_1)
FN:94,(anonymous_2)
FN:136,(anonymous_3)
FN:179,(anonymous_4)
FN:215,(anonymous_5)
FN:235,(anonymous_6)
FNF:6
FNH:0
FNDA:0,(anonymous_1)
FNDA:0,(anonymous_2)
FNDA:0,(anonymous_3)
FNDA:0,(anonymous_4)
FNDA:0,(anonymous_5)
FNDA:0,(anonymous_6)
DA:1,0
DA:24,0
DA:27,0
DA:29,0
DA:30,0
DA:33,0
DA:42,0
DA:49,0
DA:52,0
DA:64,0
DA:65,0
DA:66,0
DA:76,0
DA:79,0
DA:81,0
DA:86,0
DA:87,0
DA:89,0
DA:95,0
DA:97,0
DA:99,0
DA:106,0
DA:108,0
DA:109,0
DA:112,0
DA:115,0
DA:123,0
DA:124,0
DA:126,0
DA:131,0
DA:137,0
DA:139,0
DA:141,0
DA:149,0
DA:150,0
DA:153,0
DA:154,0
DA:155,0
DA:163,0
DA:164,0
DA:166,0
DA:172,0
DA:174,0
DA:180,0
DA:188,0
DA:190,0
DA:191,0
DA:194,0
DA:197,0
DA:205,0
DA:206,0
DA:208,0
DA:216,0
DA:225,0
DA:227,0
DA:228,0
DA:231,0
DA:236,0
DA:238,0
DA:240,0
DA:248,0
DA:249,0
DA:252,0
DA:253,0
DA:254,0
DA:262,0
DA:263,0
DA:265,0
DA:271,0
DA:273,0
LF:70
LH:0
BRDA:74,0,0,0
BRDA:74,0,1,0
BRDA:108,1,0,0
BRDA:190,2,0,0
BRDA:227,3,0,0
BRF:5
BRH:0
end_of_record
TN:
SF:src/models/User.ts
FN:35,(anonymous_1)
FN:48,(anonymous_2)
FN:61,(anonymous_3)
FN:79,(anonymous_4)
FN:129,(anonymous_5)
FN:140,(anonymous_6)
FN:151,(anonymous_7)
FN:161,(anonymous_8)
FN:185,(anonymous_9)
FNF:9
FNH:0
FNDA:0,(anonymous_1)
FNDA:0,(anonymous_2)
FNDA:0,(anonymous_3)
FNDA:0,(anonymous_4)
FNDA:0,(anonymous_5)
FNDA:0,(anonymous_6)
FNDA:0,(anonymous_7)
FNDA:0,(anonymous_8)
FNDA:0,(anonymous_9)
DA:1,2
DA:2,2
DA:34,2
DA:36,0
DA:44,0
DA:45,0
DA:49,0
DA:57,0
DA:58,0
DA:62,0
DA:64,0
DA:74,0
DA:76,0
DA:80,0
DA:81,0
DA:82,0
DA:84,0
DA:85,0
DA:86,0
DA:87,0
DA:90,0
DA:91,0
DA:92,0
DA:93,0
DA:96,0
DA:97,0
DA:98,0
DA:99,0
DA:102,0
DA:103,0
DA:104,0
DA:105,0
DA:108,0
DA:109,0
DA:112,0
DA:113,0
DA:115,0
DA:125,0
DA:126,0
DA:130,0
DA:137,0
DA:141,0
DA:148,0
DA:152,0
DA:153,0
DA:158,0
DA:162,0
DA:163,0
DA:164,0
DA:166,0
DA:177,0
DA:179,0
DA:186,0
LF:53
LH:3
BRDA:45,0,0,0
BRDA:45,0,1,0
BRDA:58,1,0,0
BRDA:58,1,1,0
BRDA:84,2,0,0
BRDA:90,3,0,0
BRDA:96,4,0,0
BRDA:102,5,0,0
BRDA:108,6,0,0
BRDA:126,7,0,0
BRDA:126,7,1,0
BRDA:161,8,0,0
BRDA:161,9,0,0
BRF:13
BRH:0
end_of_record
TN:
SF:src/models/Visit.ts
FN:18,(anonymous_1)
FN:30,(anonymous_2)
FN:45,(anonymous_3)
FN:65,(anonymous_4)
FN:105,(anonymous_5)
FN:125,(anonymous_6)
FN:168,(anonymous_7)
FN:172,(anonymous_8)
FNF:8
FNH:0
FNDA:0,(anonymous_1)
FNDA:0,(anonymous_2)
FNDA:0,(anonymous_3)
FNDA:0,(anonymous_4)
FNDA:0,(anonymous_5)
FNDA:0,(anonymous_6)
FNDA:0,(anonymous_7)
FNDA:0,(anonymous_8)
DA:1,0
DA:17,0
DA:19,0
DA:26,0
DA:27,0
DA:31,0
DA:41,0
DA:42,0
DA:46,0
DA:61,0
DA:62,0
DA:66,0
DA:101,0
DA:102,0
DA:106,0
DA:115,0
DA:122,0
DA:126,0
DA:127,0
DA:128,0
DA:130,0
DA:131,0
DA:132,0
DA:133,0
DA:136,0
DA:137,0
DA:138,0
DA:139,0
DA:142,0
DA:143,0
DA:144,0
DA:145,0
DA:148,0
DA:149,0
DA:152,0
DA:153,0
DA:155,0
DA:164,0
DA:165,0
DA:169,0
DA:178,0
DA:187,0
DA:188,0
DA:190,0
LF:44
LH:0
BRDA:27,0,0,0
BRDA:27,0,1,0
BRDA:30,1,0,0
BRDA:119,2,0,0
BRDA:119,2,1,0
BRDA:130,3,0,0
BRDA:136,4,0,0
BRDA:142,5,0,0
BRDA:148,6,0,0
BRDA:165,7,0,0
BRDA:165,7,1,0
BRF:11
BRH:0
end_of_record
TN:
SF:src/routes/admin.ts
FN:17,(anonymous_10)
FN:32,(anonymous_11)
FN:102,(anonymous_12)
FN:138,(anonymous_13)
FN:235,(anonymous_14)
FN:329,(anonymous_15)
FN:389,(anonymous_16)
FN:534,(anonymous_17)
FNF:8
FNH:0
FNDA:0,(anonymous_10)
FNDA:0,(anonymous_11)
FNDA:0,(anonymous_12)
FNDA:0,(anonymous_13)
FNDA:0,(anonymous_14)
FNDA:0,(anonymous_15)
FNDA:0,(anonymous_16)
FNDA:0,(anonymous_17)
DA:1,0
DA:2,0
DA:3,0
DA:4,0
DA:5,0
DA:6,0
DA:7,0
DA:8,0
DA:9,0
DA:10,0
DA:12,0
DA:15,0
DA:18,0
DA:19,0
DA:20,0
DA:21,0
DA:23,0
DA:32,0
DA:33,0
DA:34,0
DA:35,0
DA:36,0
DA:39,0
DA:78,0
DA:80,0
DA:93,0
DA:94,0
DA:102,0
DA:103,0
DA:104,0
DA:111,0
DA:116,0
DA:117,0
DA:125,0
DA:139,0
DA:140,0
DA:141,0
DA:142,0
DA:145,0
DA:148,0
DA:150,0
DA:151,0
DA:158,0
DA:159,0
DA:161,0
DA:186,0
DA:204,0
DA:212,0
DA:213,0
DA:222,0
DA:236,0
DA:237,0
DA:238,0
DA:239,0
DA:242,0
DA:243,0
DA:245,0
DA:246,0
DA:247,0
DA:249,0
DA:250,0
DA:251,0
DA:252,0
DA:255,0
DA:256,0
DA:257,0
DA:258,0
DA:261,0
DA:262,0
DA:263,0
DA:264,0
DA:267,0
DA:268,0
DA:269,0
DA:270,0
DA:273,0
DA:274,0
DA:280,0
DA:281,0
DA:282,0
DA:284,0
DA:285,0
DA:287,0
DA:297,0
DA:298,0
DA:305,0
DA:314,0
DA:319,0
DA:320,0
DA:329,0
DA:330,0
DA:331,0
DA:334,0
DA:335,0
DA:337,0
DA:347,0
DA:348,0
DA:355,0
DA:373,0
DA:380,0
DA:381,0
DA:389,0
DA:390,0
DA:391,0
DA:392,0
DA:398,0
DA:399,0
DA:400,0
DA:401,0
DA:403,0
DA:410,0
DA:412,0
DA:413,0
DA:415,0
DA:416,0
DA:418,0
DA:420,0
DA:421,0
DA:426,0
DA:427,0
DA:431,0
DA:433,0
DA:435,0
DA:458,0
DA:483,0
DA:485,0
DA:490,0
DA:494,0
DA:497,0
DA:514,0
DA:519,0
DA:520,0
DA:522,0
DA:525,0
DA:526,0
DA:534,0
DA:535,0
DA:536,0
DA:538,0
DA:544,0
DA:545,0
DA:547,0
DA:548,0
DA:549,0
DA:550,0
DA:553,0
DA:554,0
DA:555,0
DA:556,0
DA:559,0
DA:560,0
DA:561,0
DA:562,0
DA:565,0
DA:567,0
DA:568,0
DA:569,0
DA:570,0
DA:573,0
DA:574,0
DA:575,0
DA:576,0
DA:579,0
DA:581,0
DA:586,0
DA:587,0
DA:594,0
LF:167
LH:0
BRDA:20,0,0,0
BRDA:20,0,1,0
BRDA:141,1,0,0
BRDA:150,2,0,0
BRDA:238,3,0,0
BRDA:249,4,0,0
BRDA:255,5,0,0
BRDA:261,6,0,0
BRDA:267,7,0,0
BRDA:273,8,0,0
BRDA:297,9,0,0
BRDA:347,10,0,0
BRDA:391,11,0,0
BRDA:420,12,0,0
BRDA:420,13,0,0
BRDA:420,13,1,0
BRDA:420,13,2,0
BRDA:433,14,0,0
BRDA:433,14,1,0
BRDA:446,15,0,0
BRDA:446,15,1,0
BRDA:471,16,0,0
BRDA:471,16,1,0
BRDA:487,17,0,0
BRDA:487,17,1,0
BRDA:536,18,0,0
BRDA:536,19,0,0
BRDA:547,20,0,0
BRDA:553,21,0,0
BRDA:559,22,0,0
BRDA:567,23,0,0
BRDA:573,24,0,0
BRF:32
BRH:0
end_of_record
TN:
SF:src/routes/audit.ts
FN:9,(anonymous_1)
FN:91,(anonymous_2)
FN:126,(anonymous_3)
FN:204,(anonymous_4)
FN:219,(anonymous_5)
FNF:5
FNH:0
FNDA:0,(anonymous_1)
FNDA:0,(anonymous_2)
FNDA:0,(anonymous_3)
FNDA:0,(anonymous_4)
FNDA:0,(anonymous_5)
DA:1,0
DA:2,0
DA:3,0
DA:4,0
DA:6,0
DA:9,0
DA:10,0
DA:11,0
DA:13,0
DA:15,0
DA:16,0
DA:17,0
DA:19,0
DA:20,0
DA:21,0
DA:24,0
DA:25,0
DA:26,0
DA:29,0
DA:30,0
DA:31,0
DA:34,0
DA:35,0
DA:36,0
DA:39,0
DA:40,0
DA:41,0
DA:44,0
DA:45,0
DA:46,0
DA:49,0
DA:50,0
DA:59,0
DA:61,0
DA:66,0
DA:67,0
DA:69,0
DA:82,0
DA:83,0
DA:91,0
DA:92,0
DA:93,0
DA:95,0
DA:105,0
DA:106,0
DA:112,0
DA:117,0
DA:118,0
DA:126,0
DA:127,0
DA:128,0
DA:130,0
DA:131,0
DA:132,0
DA:134,0
DA:135,0
DA:136,0
DA:139,0
DA:140,0
DA:141,0
DA:144,0
DA:145,0
DA:146,0
DA:149,0
DA:150,0
DA:151,0
DA:154,0
DA:155,0
DA:156,0
DA:159,0
DA:160,0
DA:161,0
DA:164,0
DA:184,0
DA:187,0
DA:202,0
DA:204,0
DA:205,0
DA:219,0
DA:222,0
DA:223,0
DA:225,0
DA:226,0
DA:227,0
DA:229,0
DA:230,0
DA:237,0
LF:87
LH:0
BRDA:11,0,0,0
BRDA:11,1,0,0
BRDA:19,2,0,0
BRDA:24,3,0,0
BRDA:29,4,0,0
BRDA:34,5,0,0
BRDA:39,6,0,0
BRDA:44,7,0,0
BRDA:105,8,0,0
BRDA:134,9,0,0
BRDA:139,10,0,0
BRDA:144,11,0,0
BRDA:149,12,0,0
BRDA:154,13,0,0
BRDA:159,14,0,0
BRDA:207,15,0,0
BRDA:207,15,1,0
BRDA:208,16,0,0
BRDA:208,16,1,0
BRDA:209,17,0,0
BRDA:209,17,1,0
BRDA:212,18,0,0
BRDA:212,18,1,0
BRDA:213,19,0,0
BRDA:213,19,1,0
BRDA:214,20,0,0
BRDA:214,20,1,0
BRDA:215,21,0,0
BRDA:215,21,1,0
BRDA:216,22,0,0
BRDA:216,22,1,0
BRF:31
BRH:0
end_of_record
TN:
SF:src/routes/auth.ts
FN:15,(anonymous_1)
FN:58,(anonymous_2)
FN:94,(anonymous_3)
FN:113,(anonymous_4)
FNF:4
FNH:4
FNDA:4,(anonymous_1)
FNDA:2,(anonymous_2)
FNDA:1,(anonymous_3)
FNDA:1,(anonymous_4)
DA:1,1
DA:2,1
DA:3,1
DA:4,1
DA:6,1
DA:9,1
DA:16,4
DA:17,4
DA:18,4
DA:19,1
DA:26,3
DA:27,3
DA:29,2
DA:30,1
DA:36,1
DA:46,1
DA:55,1
DA:59,2
DA:60,2
DA:61,2
DA:62,0
DA:69,2
DA:70,2
DA:72,2
DA:73,1
DA:79,1
DA:85,0
DA:94,1
DA:95,1
DA:96,1
DA:97,1
DA:100,1
DA:105,0
DA:113,1
DA:114,1
DA:120,1
LF:36
LH:33
BRDA:18,0,0,1
BRDA:29,1,0,1
BRDA:48,2,0,1
BRDA:48,2,1,0
BRDA:61,3,0,0
BRDA:72,4,0,1
BRDA:96,5,0,1
BRF:7
BRH:5
end_of_record
TN:
SF:src/routes/claims.ts
FN:23,(anonymous_1)
FN:41,(anonymous_2)
FN:120,(anonymous_3)
FN:186,(anonymous_4)
FN:214,(anonymous_5)
FN:277,(anonymous_6)
FN:324,(anonymous_7)
FNF:7
FNH:0
FNDA:0,(anonymous_1)
FNDA:0,(anonymous_2)
FNDA:0,(anonymous_3)
FNDA:0,(anonymous_4)
FNDA:0,(anonymous_5)
FNDA:0,(anonymous_6)
FNDA:0,(anonymous_7)
DA:1,0
DA:2,0
DA:3,0
DA:4,0
DA:5,0
DA:6,0
DA:7,0
DA:9,0
DA:10,0
DA:13,0
DA:24,0
DA:25,0
DA:26,0
DA:27,0
DA:30,0
DA:32,0
DA:34,0
DA:35,0
DA:38,0
DA:41,0
DA:44,0
DA:71,0
DA:74,0
DA:75,0
DA:97,0
DA:99,0
DA:104,0
DA:105,0
DA:107,0
DA:110,0
DA:111,0
DA:120,0
DA:121,0
DA:122,0
DA:124,0
DA:130,0
DA:131,0
DA:133,0
DA:134,0
DA:135,0
DA:136,0
DA:139,0
DA:140,0
DA:141,0
DA:142,0
DA:145,0
DA:146,0
DA:147,0
DA:148,0
DA:151,0
DA:153,0
DA:154,0
DA:155,0
DA:156,0
DA:159,0
DA:160,0
DA:161,0
DA:162,0
DA:165,0
DA:167,0
DA:172,0
DA:173,0
DA:181,0
DA:187,0
DA:188,0
DA:189,0
DA:190,0
DA:193,0
DA:195,0
DA:197,0
DA:198,0
DA:201,0
DA:209,0
DA:210,0
DA:214,0
DA:215,0
DA:218,0
DA:221,0
DA:242,0
DA:245,0
DA:254,0
DA:256,0
DA:261,0
DA:262,0
DA:264,0
DA:267,0
DA:268,0
DA:277,0
DA:278,0
DA:279,0
DA:282,0
DA:289,0
DA:290,0
DA:296,0
DA:298,0
DA:306,0
DA:308,0
DA:315,0
DA:316,0
DA:324,0
DA:325,0
DA:327,0
DA:334,0
DA:344,0
DA:350,0
DA:359,0
DA:360,0
DA:367,0
LF:108
LH:0
BRDA:26,0,0,0
BRDA:58,1,0,0
BRDA:58,1,1,0
BRDA:90,2,0,0
BRDA:90,2,1,0
BRDA:122,3,0,0
BRDA:122,4,0,0
BRDA:133,5,0,0
BRDA:139,6,0,0
BRDA:145,7,0,0
BRDA:153,8,0,0
BRDA:159,9,0,0
BRDA:189,10,0,0
BRDA:209,11,0,0
BRDA:270,12,0,0
BRDA:270,12,1,0
BRDA:289,13,0,0
BRDA:310,14,0,0
BRDA:310,14,1,0
BRF:19
BRH:0
end_of_record
TN:
SF:src/routes/clinical-autocomplete.ts
FN:23,(anonymous_0)
FN:29,(anonymous_1)
FN:88,(anonymous_2)
FN:94,(anonymous_3)
FN:151,(anonymous_4)
FN:157,(anonymous_5)
FN:214,(anonymous_6)
FN:220,(anonymous_7)
FN:273,(anonymous_8)
FN:316,(anonymous_9)
FN:322,(anonymous_10)
FN:358,(anonymous_11)
FN:396,(anonymous_12)
FN:439,(anonymous_13)
FN:445,(anonymous_14)
FNF:15
FNH:0
FNDA:0,(anonymous_0)
FNDA:0,(anonymous_1)
FNDA:0,(anonymous_2)
FNDA:0,(anonymous_3)
FNDA:0,(anonymous_4)
FNDA:0,(anonymous_5)
FNDA:0,(anonymous_6)
FNDA:0,(anonymous_7)
FNDA:0,(anonymous_8)
FNDA:0,(anonymous_9)
FNDA:0,(anonymous_10)
FNDA:0,(anonymous_11)
FNDA:0,(anonymous_12)
FNDA:0,(anonymous_13)
FNDA:0,(anonymous_14)
DA:1,0
DA:2,0
DA:3,0
DA:4,0
DA:6,0
DA:8,0
DA:9,0
DA:12,0
DA:24,0
DA:25,0
DA:26,0
DA:27,0
DA:29,0
DA:40,0
DA:42,0
DA:51,0
DA:56,0
DA:68,0
DA:69,0
DA:78,0
DA:89,0
DA:90,0
DA:91,0
DA:92,0
DA:94,0
DA:104,0
DA:106,0
DA:114,0
DA:119,0
DA:131,0
DA:132,0
DA:141,0
DA:152,0
DA:153,0
DA:154,0
DA:155,0
DA:157,0
DA:167,0
DA:169,0
DA:177,0
DA:182,0
DA:194,0
DA:195,0
DA:204,0
DA:215,0
DA:216,0
DA:217,0
DA:218,0
DA:220,0
DA:230,0
DA:232,0
DA:240,0
DA:245,0
DA:257,0
DA:258,0
DA:267,0
DA:274,0
DA:275,0
DA:276,0
DA:278,0
DA:279,0
DA:285,0
DA:291,0
DA:298,0
DA:299,0
DA:308,0
DA:317,0
DA:318,0
DA:319,0
DA:320,0
DA:322,0
DA:326,0
DA:328,0
DA:335,0
DA:345,0
DA:346,0
DA:355,0
DA:359,0
DA:360,0
DA:362,0
DA:363,0
DA:369,0
DA:373,0
DA:380,0
DA:381,0
DA:390,0
DA:397,0
DA:398,0
DA:399,0
DA:401,0
DA:402,0
DA:408,0
DA:413,0
DA:420,0
DA:421,0
DA:430,0
DA:440,0
DA:441,0
DA:442,0
DA:443,0
DA:445,0
DA:449,0
DA:451,0
DA:459,0
DA:465,0
DA:466,0
DA:474,0
LF:107
LH:0
BRDA:26,0,0,0
BRDA:35,1,0,0
BRDA:36,2,0,0
BRDA:38,3,0,0
BRDA:39,4,0,0
BRDA:91,5,0,0
BRDA:100,6,0,0
BRDA:101,7,0,0
BRDA:103,8,0,0
BRDA:154,9,0,0
BRDA:163,10,0,0
BRDA:164,11,0,0
BRDA:166,12,0,0
BRDA:217,13,0,0
BRDA:226,14,0,0
BRDA:227,15,0,0
BRDA:229,16,0,0
BRDA:276,17,0,0
BRDA:278,18,0,0
BRDA:319,19,0,0
BRDA:341,20,0,0
BRDA:341,20,1,0
BRDA:362,21,0,0
BRDA:399,22,0,0
BRDA:401,23,0,0
BRDA:442,24,0,0
BRF:26
BRH:0
end_of_record
TN:
SF:src/routes/financial.ts
FN:23,(anonymous_1)
FN:47,(anonymous_2)
FN:174,(anonymous_3)
FN:301,(anonymous_4)
FN:349,(anonymous_5)
FN:360,(anonymous_6)
FNF:6
FNH:0
FNDA:0,(anonymous_1)
FNDA:0,(anonymous_2)
FNDA:0,(anonymous_3)
FNDA:0,(anonymous_4)
FNDA:0,(anonymous_5)
FNDA:0,(anonymous_6)
DA:1,0
DA:2,0
DA:3,0
DA:4,0
DA:5,0
DA:6,0
DA:7,0
DA:9,0
DA:10,0
DA:13,0
DA:24,0
DA:25,0
DA:26,0
DA:27,0
DA:39,0
DA:41,0
DA:43,0
DA:44,0
DA:47,0
DA:48,0
DA:49,0
DA:52,0
DA:55,0
DA:89,0
DA:92,0
DA:93,0
DA:116,0
DA:117,0
DA:140,0
DA:142,0
DA:147,0
DA:148,0
DA:150,0
DA:153,0
DA:154,0
DA:163,0
DA:175,0
DA:176,0
DA:177,0
DA:178,0
DA:181,0
DA:183,0
DA:185,0
DA:186,0
DA:189,0
DA:190,0
DA:192,0
DA:215,0
DA:224,0
DA:226,0
DA:233,0
DA:234,0
DA:235,0
DA:237,0
DA:238,0
DA:239,0
DA:240,0
DA:241,0
DA:244,0
DA:254,0
DA:255,0
DA:266,0
DA:268,0
DA:276,0
DA:277,0
DA:279,0
DA:282,0
DA:283,0
DA:292,0
DA:302,0
DA:303,0
DA:304,0
DA:305,0
DA:308,0
DA:311,0
DA:324,0
DA:331,0
DA:339,0
DA:340,0
DA:349,0
DA:350,0
DA:351,0
DA:352,0
DA:354,0
DA:355,0
DA:360,0
DA:361,0
DA:362,0
DA:363,0
DA:364,0
DA:367,0
DA:377,0
DA:388,0
DA:396,0
DA:405,0
DA:406,0
DA:413,0
LF:97
LH:0
BRDA:26,0,0,0
BRDA:36,1,0,0
BRDA:37,2,0,0
BRDA:103,3,0,0
BRDA:103,3,1,0
BRDA:116,4,0,0
BRDA:177,5,0,0
BRDA:209,6,0,0
BRDA:209,6,1,0
BRDA:233,7,0,0
BRDA:238,8,0,0
BRDA:238,8,1,0
BRDA:240,9,0,0
BRDA:254,10,0,0
BRDA:304,11,0,0
BRF:15
BRH:0
end_of_record
TN:
SF:src/routes/inventory.ts
FN:18,(anonymous_1)
FN:74,(anonymous_2)
FN:112,(anonymous_3)
FN:156,(anonymous_4)
FN:216,(anonymous_5)
FN:256,(anonymous_6)
FN:278,(anonymous_7)
FN:313,(anonymous_8)
FNF:8
FNH:0
FNDA:0,(anonymous_1)
FNDA:0,(anonymous_2)
FNDA:0,(anonymous_3)
FNDA:0,(anonymous_4)
FNDA:0,(anonymous_5)
FNDA:0,(anonymous_6)
FNDA:0,(anonymous_7)
FNDA:0,(anonymous_8)
DA:1,0
DA:2,0
DA:3,0
DA:4,0
DA:5,0
DA:7,0
DA:10,0
DA:19,0
DA:20,0
DA:21,0
DA:22,0
DA:29,0
DA:30,0
DA:31,0
DA:32,0
DA:35,0
DA:36,0
DA:37,0
DA:39,0
DA:42,0
DA:55,0
DA:64,0
DA:75,0
DA:76,0
DA:77,0
DA:78,0
DA:85,0
DA:87,0
DA:93,0
DA:94,0
DA:100,0
DA:109,0
DA:113,0
DA:114,0
DA:115,0
DA:117,0
DA:118,0
DA:124,0
DA:125,0
DA:127,0
DA:136,0
DA:145,0
DA:157,0
DA:158,0
DA:159,0
DA:160,0
DA:167,0
DA:173,0
DA:176,0
DA:186,0
DA:192,0
DA:193,0
DA:199,0
DA:208,0
DA:217,0
DA:218,0
DA:219,0
DA:220,0
DA:227,0
DA:229,0
DA:231,0
DA:232,0
DA:238,0
DA:244,0
DA:253,0
DA:257,0
DA:258,0
DA:260,0
DA:265,0
DA:274,0
DA:279,0
DA:280,0
DA:281,0
DA:282,0
DA:289,0
DA:290,0
DA:292,0
DA:297,0
DA:306,0
DA:314,0
DA:315,0
DA:316,0
DA:317,0
DA:324,0
DA:325,0
DA:327,0
DA:329,0
DA:334,0
DA:342,0
LF:89
LH:0
BRDA:21,0,0,0
BRDA:29,1,0,0
BRDA:29,1,1,0
BRDA:30,2,0,0
BRDA:30,2,1,0
BRDA:35,3,0,0
BRDA:35,3,1,0
BRDA:77,4,0,0
BRDA:93,5,0,0
BRDA:117,6,0,0
BRDA:159,7,0,0
BRDA:192,8,0,0
BRDA:219,9,0,0
BRDA:231,10,0,0
BRDA:281,11,0,0
BRDA:289,12,0,0
BRDA:289,12,1,0
BRDA:316,13,0,0
BRF:18
BRH:0
end_of_record
TN:
SF:src/routes/invoices.ts
FN:10,(anonymous_1)
FN:103,(anonymous_2)
FN:175,(anonymous_3)
FN:229,(anonymous_4)
FNF:4
FNH:0
FNDA:0,(anonymous_1)
FNDA:0,(anonymous_2)
FNDA:0,(anonymous_3)
FNDA:0,(anonymous_4)
DA:1,0
DA:2,0
DA:3,0
DA:4,0
DA:5,0
DA:7,0
DA:10,0
DA:11,0
DA:12,0
DA:14,0
DA:16,0
DA:17,0
DA:18,0
DA:20,0
DA:21,0
DA:22,0
DA:25,0
DA:26,0
DA:27,0
DA:30,0
DA:31,0
DA:32,0
DA:35,0
DA:36,0
DA:37,0
DA:40,0
DA:41,0
DA:42,0
DA:45,0
DA:52,0
DA:71,0
DA:73,0
DA:78,0
DA:79,0
DA:81,0
DA:94,0
DA:95,0
DA:103,0
DA:104,0
DA:105,0
DA:107,0
DA:126,0
DA:137,0
DA:144,0
DA:150,0
DA:151,0
DA:157,0
DA:158,0
DA:159,0
DA:161,0
DA:166,0
DA:167,0
DA:175,0
DA:176,0
DA:177,0
DA:178,0
DA:180,0
DA:181,0
DA:187,0
DA:197,0
DA:198,0
DA:204,0
DA:214,0
DA:220,0
DA:221,0
DA:229,0
DA:230,0
DA:231,0
DA:234,0
DA:236,0
DA:237,0
DA:244,0
DA:247,0
DA:249,0
DA:250,0
DA:256,0
DA:266,0
DA:271,0
DA:272,0
DA:279,0
LF:80
LH:0
BRDA:12,0,0,0
BRDA:12,1,0,0
BRDA:20,2,0,0
BRDA:25,3,0,0
BRDA:30,4,0,0
BRDA:35,5,0,0
BRDA:40,6,0,0
BRDA:150,7,0,0
BRDA:180,8,0,0
BRDA:197,9,0,0
BRDA:236,10,0,0
BRDA:249,11,0,0
BRF:12
BRH:0
end_of_record
TN:
SF:src/routes/lab-requests.ts
FN:17,(anonymous_1)
FN:23,(anonymous_2)
FN:51,(anonymous_3)
FN:77,(anonymous_4)
FN:83,(anonymous_5)
FN:111,(anonymous_6)
FN:134,(anonymous_7)
FN:157,(anonymous_8)
FN:205,(anonymous_9)
FN:211,(anonymous_10)
FN:257,(anonymous_11)
FN:263,(anonymous_12)
FN:316,(anonymous_13)
FN:322,(anonymous_14)
FN:365,(anonymous_15)
FNF:15
FNH:0
FNDA:0,(anonymous_1)
FNDA:0,(anonymous_2)
FNDA:0,(anonymous_3)
FNDA:0,(anonymous_4)
FNDA:0,(anonymous_5)
FNDA:0,(anonymous_6)
FNDA:0,(anonymous_7)
FNDA:0,(anonymous_8)
FNDA:0,(anonymous_9)
FNDA:0,(anonymous_10)
FNDA:0,(anonymous_11)
FNDA:0,(anonymous_12)
FNDA:0,(anonymous_13)
FNDA:0,(anonymous_14)
FNDA:0,(anonymous_15)
DA:1,0
DA:2,0
DA:3,0
DA:4,0
DA:5,0
DA:7,0
DA:10,0
DA:18,0
DA:19,0
DA:20,0
DA:21,0
DA:23,0
DA:27,0
DA:28,0
DA:33,0
DA:38,0
DA:39,0
DA:48,0
DA:52,0
DA:53,0
DA:55,0
DA:60,0
DA:61,0
DA:70,0
DA:78,0
DA:79,0
DA:80,0
DA:81,0
DA:83,0
DA:87,0
DA:88,0
DA:93,0
DA:98,0
DA:99,0
DA:108,0
DA:112,0
DA:113,0
DA:114,0
DA:116,0
DA:121,0
DA:122,0
DA:131,0
DA:135,0
DA:136,0
DA:137,0
DA:139,0
DA:144,0
DA:145,0
DA:154,0
DA:158,0
DA:159,0
DA:160,0
DA:162,0
DA:163,0
DA:170,0
DA:172,0
DA:180,0
DA:181,0
DA:190,0
DA:206,0
DA:207,0
DA:208,0
DA:209,0
DA:211,0
DA:221,0
DA:223,0
DA:232,0
DA:238,0
DA:239,0
DA:248,0
DA:258,0
DA:259,0
DA:260,0
DA:261,0
DA:263,0
DA:267,0
DA:268,0
DA:271,0
DA:272,0
DA:274,0
DA:275,0
DA:278,0
DA:280,0
DA:281,0
DA:287,0
DA:293,0
DA:294,0
DA:303,0
DA:317,0
DA:318,0
DA:319,0
DA:320,0
DA:322,0
DA:326,0
DA:327,0
DA:330,0
DA:331,0
DA:333,0
DA:334,0
DA:337,0
DA:339,0
DA:340,0
DA:346,0
DA:352,0
DA:353,0
DA:362,0
DA:366,0
DA:367,0
DA:368,0
DA:370,0
DA:375,0
DA:376,0
DA:384,0
LF:113
LH:0
BRDA:20,0,0,0
BRDA:80,1,0,0
BRDA:89,2,0,0
BRDA:89,2,1,0
BRDA:90,3,0,0
BRDA:90,3,1,0
BRDA:162,4,0,0
BRDA:208,5,0,0
BRDA:260,6,0,0
BRDA:271,7,0,0
BRDA:274,8,0,0
BRDA:280,9,0,0
BRDA:319,10,0,0
BRDA:330,11,0,0
BRDA:333,12,0,0
BRDA:339,13,0,0
BRF:16
BRH:0
end_of_record
TN:
SF:src/routes/lab-tests.ts
FN:18,(anonymous_1)
FN:24,(anonymous_2)
FN:61,(anonymous_3)
FN:67,(anonymous_4)
FN:95,(anonymous_5)
FN:117,(anonymous_6)
FN:158,(anonymous_7)
FN:164,(anonymous_8)
FN:234,(anonymous_9)
FN:240,(anonymous_10)
FN:286,(anonymous_11)
FNF:11
FNH:0
FNDA:0,(anonymous_1)
FNDA:0,(anonymous_2)
FNDA:0,(anonymous_3)
FNDA:0,(anonymous_4)
FNDA:0,(anonymous_5)
FNDA:0,(anonymous_6)
FNDA:0,(anonymous_7)
FNDA:0,(anonymous_8)
FNDA:0,(anonymous_9)
FNDA:0,(anonymous_10)
FNDA:0,(anonymous_11)
DA:1,0
DA:2,0
DA:3,0
DA:4,0
DA:5,0
DA:7,0
DA:10,0
DA:19,0
DA:20,0
DA:21,0
DA:22,0
DA:24,0
DA:28,0
DA:31,0
DA:32,0
DA:33,0
DA:34,0
DA:36,0
DA:39,0
DA:44,0
DA:45,0
DA:54,0
DA:62,0
DA:63,0
DA:64,0
DA:65,0
DA:67,0
DA:71,0
DA:72,0
DA:77,0
DA:82,0
DA:83,0
DA:92,0
DA:96,0
DA:97,0
DA:99,0
DA:104,0
DA:105,0
DA:114,0
DA:118,0
DA:119,0
DA:120,0
DA:122,0
DA:123,0
DA:129,0
DA:134,0
DA:135,0
DA:144,0
DA:159,0
DA:160,0
DA:161,0
DA:162,0
DA:164,0
DA:179,0
DA:182,0
DA:183,0
DA:184,0
DA:190,0
DA:203,0
DA:209,0
DA:210,0
DA:219,0
DA:235,0
DA:236,0
DA:237,0
DA:238,0
DA:240,0
DA:244,0
DA:245,0
DA:248,0
DA:249,0
DA:250,0
DA:251,0
DA:258,0
DA:260,0
DA:261,0
DA:267,0
DA:273,0
DA:274,0
DA:283,0
DA:287,0
DA:288,0
DA:289,0
DA:291,0
DA:292,0
DA:298,0
DA:303,0
DA:304,0
DA:312,0
LF:89
LH:0
BRDA:21,0,0,0
BRDA:28,1,0,0
BRDA:31,2,0,0
BRDA:31,2,1,0
BRDA:33,3,0,0
BRDA:33,3,1,0
BRDA:64,4,0,0
BRDA:122,5,0,0
BRDA:161,6,0,0
BRDA:176,7,0,0
BRDA:183,8,0,0
BRDA:237,9,0,0
BRDA:248,10,0,0
BRDA:250,11,0,0
BRDA:250,12,0,0
BRDA:250,12,1,0
BRDA:260,13,0,0
BRDA:291,14,0,0
BRF:18
BRH:0
end_of_record
TN:
SF:src/routes/patient-encounters.ts
FN:27,(anonymous_1)
FN:33,(anonymous_2)
FN:138,(anonymous_3)
FN:144,(anonymous_4)
FN:228,(anonymous_5)
FN:254,(anonymous_6)
FN:278,(anonymous_7)
FN:339,(anonymous_8)
FN:345,(anonymous_9)
FN:417,(anonymous_10)
FN:464,(anonymous_11)
FN:470,(anonymous_12)
FN:504,(anonymous_13)
FNF:13
FNH:0
FNDA:0,(anonymous_1)
FNDA:0,(anonymous_2)
FNDA:0,(anonymous_3)
FNDA:0,(anonymous_4)
FNDA:0,(anonymous_5)
FNDA:0,(anonymous_6)
FNDA:0,(anonymous_7)
FNDA:0,(anonymous_8)
FNDA:0,(anonymous_9)
FNDA:0,(anonymous_10)
FNDA:0,(anonymous_11)
FNDA:0,(anonymous_12)
FNDA:0,(anonymous_13)
DA:1,0
DA:2,0
DA:3,0
DA:4,0
DA:5,0
DA:7,0
DA:8,0
DA:10,0
DA:11,0
DA:14,0
DA:28,0
DA:29,0
DA:30,0
DA:31,0
DA:33,0
DA:46,0
DA:49,0
DA:54,0
DA:55,0
DA:61,0
DA:63,0
DA:68,0
DA:69,0
DA:76,0
DA:77,0
DA:80,0
DA:81,0
DA:108,0
DA:115,0
DA:116,0
DA:125,0
DA:139,0
DA:140,0
DA:141,0
DA:142,0
DA:144,0
DA:148,0
DA:158,0
DA:160,0
DA:162,0
DA:174,0
DA:181,0
DA:208,0
DA:215,0
DA:216,0
DA:225,0
DA:229,0
DA:230,0
DA:232,0
DA:234,0
DA:241,0
DA:242,0
DA:251,0
DA:255,0
DA:256,0
DA:258,0
DA:265,0
DA:266,0
DA:275,0
DA:279,0
DA:280,0
DA:282,0
DA:302,0
DA:303,0
DA:309,0
DA:316,0
DA:317,0
DA:326,0
DA:340,0
DA:341,0
DA:342,0
DA:343,0
DA:345,0
DA:358,0
DA:360,0
DA:361,0
DA:362,0
DA:364,0
DA:365,0
DA:366,0
DA:369,0
DA:370,0
DA:371,0
DA:374,0
DA:375,0
DA:376,0
DA:379,0
DA:380,0
DA:381,0
DA:384,0
DA:385,0
DA:386,0
DA:389,0
DA:390,0
DA:391,0
DA:394,0
DA:396,0
DA:414,0
DA:418,0
DA:419,0
DA:424,0
DA:439,0
DA:440,0
DA:449,0
DA:465,0
DA:466,0
DA:467,0
DA:468,0
DA:470,0
DA:474,0
DA:475,0
DA:478,0
DA:483,0
DA:484,0
DA:490,0
DA:492,0
DA:493,0
DA:500,0
DA:501,0
DA:502,0
DA:504,0
DA:505,0
DA:506,0
DA:508,0
DA:509,0
DA:510,0
DA:512,0
DA:513,0
DA:518,0
DA:519,0
DA:521,0
DA:528,0
DA:530,0
DA:537,0
DA:538,0
DA:546,0
LF:136
LH:0
BRDA:30,0,0,0
BRDA:44,1,0,0
BRDA:45,2,0,0
BRDA:54,3,0,0
BRDA:68,4,0,0
BRDA:77,5,0,0
BRDA:77,5,1,0
BRDA:141,6,0,0
BRDA:150,7,0,0
BRDA:151,8,0,0
BRDA:152,9,0,0
BRDA:153,10,0,0
BRDA:156,11,0,0
BRDA:157,12,0,0
BRDA:160,13,0,0
BRDA:160,13,1,0
BRDA:218,14,0,0
BRDA:218,14,1,0
BRDA:244,15,0,0
BRDA:244,15,1,0
BRDA:302,16,0,0
BRDA:342,17,0,0
BRDA:356,18,0,0
BRDA:357,19,0,0
BRDA:364,20,0,0
BRDA:369,21,0,0
BRDA:374,22,0,0
BRDA:379,23,0,0
BRDA:384,24,0,0
BRDA:389,25,0,0
BRDA:419,26,0,0
BRDA:419,26,1,0
BRDA:467,27,0,0
BRDA:483,28,0,0
BRDA:492,29,0,0
BRDA:505,30,0,0
BRDA:508,31,0,0
BRDA:508,31,1,0
BRF:38
BRH:0
end_of_record
TN:
SF:src/routes/patients.ts
FN:19,(anonymous_1)
FN:68,(anonymous_2)
FN:112,(anonymous_3)
FN:167,(anonymous_4)
FN:217,(anonymous_5)
FNF:5
FNH:0
FNDA:0,(anonymous_1)
FNDA:0,(anonymous_2)
FNDA:0,(anonymous_3)
FNDA:0,(anonymous_4)
FNDA:0,(anonymous_5)
DA:1,0
DA:2,0
DA:3,0
DA:4,0
DA:5,0
DA:6,0
DA:8,0
DA:11,0
DA:20,0
DA:21,0
DA:22,0
DA:23,0
DA:30,0
DA:31,0
DA:32,0
DA:33,0
DA:36,0
DA:37,0
DA:38,0
DA:40,0
DA:43,0
DA:56,0
DA:65,0
DA:69,0
DA:70,0
DA:71,0
DA:73,0
DA:74,0
DA:81,0
DA:83,0
DA:91,0
DA:100,0
DA:113,0
DA:114,0
DA:115,0
DA:116,0
DA:123,0
DA:126,0
DA:127,0
DA:130,0
DA:132,0
DA:138,0
DA:140,0
DA:146,0
DA:155,0
DA:168,0
DA:169,0
DA:170,0
DA:171,0
DA:178,0
DA:179,0
DA:182,0
DA:183,0
DA:186,0
DA:188,0
DA:189,0
DA:195,0
DA:201,0
DA:210,0
DA:218,0
DA:219,0
DA:220,0
DA:221,0
DA:228,0
DA:229,0
DA:231,0
DA:233,0
DA:241,0
DA:249,0
LF:69
LH:0
BRDA:22,0,0,0
BRDA:30,1,0,0
BRDA:30,1,1,0
BRDA:31,2,0,0
BRDA:31,2,1,0
BRDA:36,3,0,0
BRDA:36,3,1,0
BRDA:73,4,0,0
BRDA:115,5,0,0
BRDA:126,6,0,0
BRDA:138,7,0,0
BRDA:170,8,0,0
BRDA:182,9,0,0
BRDA:188,10,0,0
BRDA:220,11,0,0
BRDA:229,12,0,0
BRDA:229,12,1,0
BRF:17
BRH:0
end_of_record
TN:
SF:src/routes/prescriptions.ts
FN:13,(anonymous_1)
FN:35,(anonymous_2)
FN:77,(anonymous_3)
FN:116,(anonymous_4)
FN:160,(anonymous_5)
FNF:5
FNH:0
FNDA:0,(anonymous_1)
FNDA:0,(anonymous_2)
FNDA:0,(anonymous_3)
FNDA:0,(anonymous_4)
FNDA:0,(anonymous_5)
DA:1,0
DA:2,0
DA:3,0
DA:4,0
DA:5,0
DA:7,0
DA:10,0
DA:14,0
DA:15,0
DA:16,0
DA:18,0
DA:23,0
DA:32,0
DA:36,0
DA:37,0
DA:38,0
DA:40,0
DA:41,0
DA:47,0
DA:52,0
DA:61,0
DA:78,0
DA:79,0
DA:80,0
DA:81,0
DA:88,0
DA:93,0
DA:95,0
DA:101,0
DA:110,0
DA:117,0
DA:118,0
DA:119,0
DA:120,0
DA:127,0
DA:128,0
DA:130,0
DA:132,0
DA:133,0
DA:139,0
DA:145,0
DA:154,0
DA:161,0
DA:162,0
DA:163,0
DA:164,0
DA:171,0
DA:172,0
DA:174,0
DA:176,0
DA:177,0
DA:183,0
DA:189,0
DA:197,0
LF:54
LH:0
BRDA:40,0,0,0
BRDA:80,1,0,0
BRDA:103,2,0,0
BRDA:103,2,1,0
BRDA:119,3,0,0
BRDA:132,4,0,0
BRDA:147,5,0,0
BRDA:147,5,1,0
BRDA:163,6,0,0
BRDA:176,7,0,0
BRDA:191,8,0,0
BRDA:191,8,1,0
BRF:12
BRH:0
end_of_record
TN:
SF:src/routes/sha-batches.ts
FN:24,(anonymous_1)
FN:30,(anonymous_2)
FN:123,(anonymous_3)
FN:129,(anonymous_4)
FN:141,(anonymous_5)
FN:179,(anonymous_6)
FN:234,(anonymous_7)
FN:296,(anonymous_8)
FN:365,(anonymous_9)
FN:425,(anonymous_10)
FN:481,(anonymous_11)
FNF:11
FNH:0
FNDA:0,(anonymous_1)
FNDA:0,(anonymous_2)
FNDA:0,(anonymous_3)
FNDA:0,(anonymous_4)
FNDA:0,(anonymous_5)
FNDA:0,(anonymous_6)
FNDA:0,(anonymous_7)
FNDA:0,(anonymous_8)
FNDA:0,(anonymous_9)
FNDA:0,(anonymous_10)
FNDA:0,(anonymous_11)
DA:1,0
DA:2,0
DA:3,0
DA:4,0
DA:5,0
DA:6,0
DA:7,0
DA:9,0
DA:10,0
DA:13,0
DA:25,0
DA:26,0
DA:27,0
DA:28,0
DA:30,0
DA:34,0
DA:35,0
DA:36,0
DA:37,0
DA:39,0
DA:40,0
DA:41,0
DA:43,0
DA:44,0
DA:45,0
DA:46,0
DA:49,0
DA:50,0
DA:51,0
DA:52,0
DA:55,0
DA:56,0
DA:57,0
DA:58,0
DA:61,0
DA:62,0
DA:63,0
DA:64,0
DA:67,0
DA:82,0
DA:89,0
DA:91,0
DA:104,0
DA:105,0
DA:114,0
DA:124,0
DA:125,0
DA:126,0
DA:127,0
DA:129,0
DA:133,0
DA:134,0
DA:135,0
DA:137,0
DA:139,0
DA:141,0
DA:142,0
DA:146,0
DA:150,0
DA:152,0
DA:153,0
DA:154,0
DA:155,0
DA:157,0
DA:160,0
DA:168,0
DA:171,0
DA:172,0
DA:179,0
DA:182,0
DA:202,0
DA:205,0
DA:206,0
DA:212,0
DA:221,0
DA:222,0
DA:231,0
DA:235,0
DA:236,0
DA:239,0
DA:249,0
DA:250,0
DA:256,0
DA:259,0
DA:275,0
DA:283,0
DA:284,0
DA:293,0
DA:297,0
DA:298,0
DA:301,0
DA:306,0
DA:307,0
DA:313,0
DA:315,0
DA:316,0
DA:323,0
DA:328,0
DA:329,0
DA:336,0
DA:338,0
DA:339,0
DA:345,0
DA:352,0
DA:353,0
DA:362,0
DA:366,0
DA:367,0
DA:369,0
DA:374,0
DA:375,0
DA:381,0
DA:382,0
DA:385,0
DA:396,0
DA:403,0
DA:404,0
DA:407,0
DA:412,0
DA:413,0
DA:422,0
DA:426,0
DA:427,0
DA:429,0
DA:434,0
DA:435,0
DA:441,0
DA:443,0
DA:444,0
DA:451,0
DA:457,0
DA:459,0
DA:464,0
DA:465,0
DA:474,0
DA:482,0
DA:483,0
DA:485,0
DA:486,0
DA:488,0
DA:489,0
DA:490,0
DA:493,0
DA:511,0
DA:516,0
DA:517,0
DA:525,0
LF:147
LH:0
BRDA:27,0,0,0
BRDA:34,1,0,0
BRDA:34,1,1,0
BRDA:35,2,0,0
BRDA:35,2,1,0
BRDA:43,3,0,0
BRDA:49,4,0,0
BRDA:55,5,0,0
BRDA:61,6,0,0
BRDA:126,7,0,0
BRDA:135,8,0,0
BRDA:135,8,1,0
BRDA:139,9,0,0
BRDA:139,9,1,0
BRDA:139,10,0,0
BRDA:139,10,1,0
BRDA:139,10,2,0
BRDA:152,11,0,0
BRDA:152,11,1,0
BRDA:154,12,0,0
BRDA:154,12,1,0
BRDA:171,13,0,0
BRDA:249,14,0,0
BRDA:306,15,0,0
BRDA:315,16,0,0
BRDA:328,17,0,0
BRDA:338,18,0,0
BRDA:338,18,1,0
BRDA:374,19,0,0
BRDA:434,20,0,0
BRDA:443,21,0,0
BRDA:488,22,0,0
BRDA:488,23,0,0
BRDA:488,23,1,0
BRF:34
BRH:0
end_of_record
TN:
SF:src/routes/sha-documents.ts
FN:17,(anonymous_1)
FN:24,(anonymous_2)
FN:35,(anonymous_3)
FN:66,(anonymous_4)
FN:72,(anonymous_5)
FN:165,(anonymous_6)
FN:201,(anonymous_7)
FN:272,(anonymous_8)
FN:278,(anonymous_9)
FN:303,(anonymous_10)
FN:347,(anonymous_11)
FN:407,(anonymous_12)
FN:468,(anonymous_13)
FN:477,(anonymous_14)
FN:486,(anonymous_15)
FN:487,(anonymous_16)
FN:488,(anonymous_17)
FN:489,(anonymous_18)
FN:525,(anonymous_19)
FN:531,(anonymous_20)
FN:612,(anonymous_21)
FNF:21
FNH:0
FNDA:0,(anonymous_1)
FNDA:0,(anonymous_2)
FNDA:0,(anonymous_3)
FNDA:0,(anonymous_4)
FNDA:0,(anonymous_5)
FNDA:0,(anonymous_6)
FNDA:0,(anonymous_7)
FNDA:0,(anonymous_8)
FNDA:0,(anonymous_9)
FNDA:0,(anonymous_10)
FNDA:0,(anonymous_11)
FNDA:0,(anonymous_12)
FNDA:0,(anonymous_13)
FNDA:0,(anonymous_14)
FNDA:0,(anonymous_15)
FNDA:0,(anonymous_16)
FNDA:0,(anonymous_17)
FNDA:0,(anonymous_18)
FNDA:0,(anonymous_19)
FNDA:0,(anonymous_20)
FNDA:0,(anonymous_21)
DA:1,0
DA:2,0
DA:3,0
DA:4,0
DA:5,0
DA:7,0
DA:8,0
DA:9,0
DA:10,0
DA:13,0
DA:16,0
DA:18,0
DA:19,0
DA:20,0
DA:22,0
DA:25,0
DA:26,0
DA:30,0
DA:36,0
DA:44,0
DA:45,0
DA:47,0
DA:53,0
DA:67,0
DA:68,0
DA:69,0
DA:70,0
DA:72,0
DA:76,0
DA:77,0
DA:83,0
DA:84,0
DA:87,0
DA:92,0
DA:94,0
DA:95,0
DA:102,0
DA:103,0
DA:128,0
DA:139,0
DA:146,0
DA:149,0
DA:150,0
DA:153,0
DA:162,0
DA:166,0
DA:167,0
DA:169,0
DA:181,0
DA:188,0
DA:189,0
DA:198,0
DA:202,0
DA:203,0
DA:205,0
DA:210,0
DA:211,0
DA:217,0
DA:220,0
DA:221,0
DA:228,0
DA:238,0
DA:239,0
DA:240,0
DA:243,0
DA:244,0
DA:247,0
DA:248,0
DA:257,0
DA:273,0
DA:274,0
DA:275,0
DA:276,0
DA:278,0
DA:282,0
DA:283,0
DA:286,0
DA:291,0
DA:292,0
DA:299,0
DA:300,0
DA:301,0
DA:303,0
DA:304,0
DA:305,0
DA:306,0
DA:307,0
DA:311,0
DA:312,0
DA:315,0
DA:316,0
DA:318,0
DA:325,0
DA:327,0
DA:334,0
DA:335,0
DA:344,0
DA:348,0
DA:349,0
DA:351,0
DA:356,0
DA:357,0
DA:363,0
DA:366,0
DA:367,0
DA:371,0
DA:377,0
DA:388,0
DA:394,0
DA:395,0
DA:404,0
DA:408,0
DA:409,0
DA:412,0
DA:423,0
DA:424,0
DA:430,0
DA:433,0
DA:436,0
DA:442,0
DA:443,0
DA:446,0
DA:447,0
DA:450,0
DA:451,0
DA:454,0
DA:455,0
DA:459,0
DA:468,0
DA:469,0
DA:473,0
DA:477,0
DA:484,0
DA:486,0
DA:487,0
DA:488,0
DA:489,0
DA:492,0
DA:503,0
DA:504,0
DA:513,0
DA:526,0
DA:527,0
DA:528,0
DA:529,0
DA:531,0
DA:535,0
DA:536,0
DA:542,0
DA:543,0
DA:545,0
DA:547,0
DA:548,0
DA:549,0
DA:551,0
DA:553,0
DA:554,0
DA:557,0
DA:559,0
DA:560,0
DA:582,0
DA:591,0
DA:592,0
DA:601,0
DA:608,0
DA:611,0
DA:612,0
DA:613,0
DA:614,0
DA:619,0
DA:627,0
LF:171
LH:0
BRDA:19,0,0,0
BRDA:44,1,0,0
BRDA:44,1,1,0
BRDA:69,2,0,0
BRDA:76,3,0,0
BRDA:84,4,0,0
BRDA:84,5,0,0
BRDA:92,6,0,0
BRDA:149,7,0,0
BRDA:149,8,0,0
BRDA:149,8,1,0
BRDA:210,9,0,0
BRDA:220,10,0,0
BRDA:275,11,0,0
BRDA:291,12,0,0
BRDA:304,13,0,0
BRDA:311,14,0,0
BRDA:356,15,0,0
BRDA:366,16,0,0
BRDA:423,17,0,0
BRDA:442,18,0,0
BRDA:446,19,0,0
BRDA:450,20,0,0
BRDA:454,21,0,0
BRDA:479,22,0,0
BRDA:479,22,1,0
BRDA:480,23,0,0
BRDA:480,23,1,0
BRDA:481,24,0,0
BRDA:481,24,1,0
BRDA:489,25,0,0
BRDA:489,25,1,0
BRDA:489,25,2,0
BRDA:528,26,0,0
BRDA:535,27,0,0
BRDA:535,28,0,0
BRDA:535,28,1,0
BRDA:551,29,0,0
BRDA:596,30,0,0
BRDA:596,30,1,0
BRDA:611,31,0,0
BRDA:613,32,0,0
BRF:42
BRH:0
end_of_record
TN:
SF:src/routes/sha-exports.ts
FN:23,(anonymous_1)
FN:29,(anonymous_2)
FN:80,(anonymous_3)
FN:86,(anonymous_4)
FN:142,(anonymous_5)
FN:148,(anonymous_6)
FN:199,(anonymous_7)
FN:205,(anonymous_8)
FN:246,(anonymous_9)
FN:323,(anonymous_10)
FN:329,(anonymous_11)
FN:421,(anonymous_12)
FN:474,(anonymous_13)
FNF:13
FNH:0
FNDA:0,(anonymous_1)
FNDA:0,(anonymous_2)
FNDA:0,(anonymous_3)
FNDA:0,(anonymous_4)
FNDA:0,(anonymous_5)
FNDA:0,(anonymous_6)
FNDA:0,(anonymous_7)
FNDA:0,(anonymous_8)
FNDA:0,(anonymous_9)
FNDA:0,(anonymous_10)
FNDA:0,(anonymous_11)
FNDA:0,(anonymous_12)
FNDA:0,(anonymous_13)
DA:1,0
DA:2,0
DA:3,0
DA:4,0
DA:5,0
DA:7,0
DA:8,0
DA:9,0
DA:11,0
DA:12,0
DA:15,0
DA:24,0
DA:25,0
DA:26,0
DA:27,0
DA:29,0
DA:33,0
DA:34,0
DA:36,0
DA:44,0
DA:46,0
DA:57,0
DA:58,0
DA:67,0
DA:81,0
DA:82,0
DA:83,0
DA:84,0
DA:86,0
DA:90,0
DA:92,0
DA:99,0
DA:107,0
DA:109,0
DA:120,0
DA:121,0
DA:130,0
DA:143,0
DA:144,0
DA:145,0
DA:146,0
DA:148,0
DA:152,0
DA:154,0
DA:160,0
DA:168,0
DA:170,0
DA:181,0
DA:182,0
DA:191,0
DA:200,0
DA:201,0
DA:202,0
DA:203,0
DA:205,0
DA:209,0
DA:210,0
DA:212,0
DA:220,0
DA:222,0
DA:233,0
DA:234,0
DA:243,0
DA:247,0
DA:248,0
DA:250,0
DA:255,0
DA:256,0
DA:262,0
DA:265,0
DA:266,0
DA:273,0
DA:281,0
DA:282,0
DA:283,0
DA:284,0
DA:285,0
DA:286,0
DA:287,0
DA:291,0
DA:292,0
DA:293,0
DA:294,0
DA:297,0
DA:298,0
DA:301,0
DA:302,0
DA:311,0
DA:324,0
DA:325,0
DA:326,0
DA:327,0
DA:329,0
DA:341,0
DA:343,0
DA:344,0
DA:345,0
DA:347,0
DA:348,0
DA:349,0
DA:352,0
DA:353,0
DA:354,0
DA:357,0
DA:358,0
DA:359,0
DA:362,0
DA:363,0
DA:364,0
DA:367,0
DA:368,0
DA:369,0
DA:372,0
DA:374,0
DA:387,0
DA:393,0
DA:408,0
DA:409,0
DA:418,0
DA:422,0
DA:423,0
DA:425,0
DA:430,0
DA:431,0
DA:437,0
DA:440,0
DA:441,0
DA:445,0
DA:450,0
DA:456,0
DA:457,0
DA:466,0
DA:475,0
DA:476,0
DA:478,0
DA:479,0
DA:481,0
DA:482,0
DA:483,0
DA:486,0
DA:489,0
DA:491,0
DA:492,0
DA:494,0
DA:495,0
DA:497,0
DA:498,0
DA:500,0
DA:503,0
DA:504,0
DA:507,0
DA:522,0
DA:535,0
DA:546,0
DA:547,0
DA:555,0
LF:156
LH:0
BRDA:26,0,0,0
BRDA:34,1,0,0
BRDA:60,2,0,0
BRDA:60,2,1,0
BRDA:83,3,0,0
BRDA:90,4,0,0
BRDA:90,5,0,0
BRDA:93,6,0,0
BRDA:93,6,1,0
BRDA:94,7,0,0
BRDA:94,7,1,0
BRDA:123,8,0,0
BRDA:123,8,1,0
BRDA:145,9,0,0
BRDA:152,10,0,0
BRDA:155,11,0,0
BRDA:155,11,1,0
BRDA:156,12,0,0
BRDA:156,12,1,0
BRDA:157,13,0,0
BRDA:157,13,1,0
BRDA:184,14,0,0
BRDA:184,14,1,0
BRDA:202,15,0,0
BRDA:210,16,0,0
BRDA:236,17,0,0
BRDA:236,17,1,0
BRDA:255,18,0,0
BRDA:265,19,0,0
BRDA:282,20,0,0
BRDA:282,20,1,0
BRDA:284,21,0,0
BRDA:284,21,1,0
BRDA:286,22,0,0
BRDA:326,23,0,0
BRDA:339,24,0,0
BRDA:340,25,0,0
BRDA:347,26,0,0
BRDA:352,27,0,0
BRDA:357,28,0,0
BRDA:362,29,0,0
BRDA:367,30,0,0
BRDA:430,31,0,0
BRDA:440,32,0,0
BRDA:476,33,0,0
BRDA:481,34,0,0
BRDA:481,34,1,0
BRDA:481,35,0,0
BRDA:481,35,1,0
BRDA:489,36,0,0
BRDA:489,36,1,0
BRDA:489,36,2,0
BRDA:489,36,3,0
BRF:53
BRH:0
end_of_record
TN:
SF:src/routes/sha-invoices.ts
FN:24,(anonymous_1)
FN:30,(anonymous_2)
FN:123,(anonymous_3)
FN:154,(anonymous_4)
FN:180,(anonymous_5)
FN:206,(anonymous_6)
FN:233,(anonymous_7)
FN:239,(anonymous_8)
FN:268,(anonymous_9)
FN:307,(anonymous_10)
FN:331,(anonymous_11)
FN:364,(anonymous_12)
FN:400,(anonymous_13)
FN:406,(anonymous_14)
FN:420,(anonymous_15)
FN:421,(anonymous_16)
FN:422,(anonymous_17)
FN:423,(anonymous_18)
FN:424,(anonymous_19)
FN:452,(anonymous_20)
FN:458,(anonymous_21)
FN:478,(anonymous_22)
FN:479,(anonymous_23)
FN:505,(anonymous_24)
FNF:24
FNH:0
FNDA:0,(anonymous_1)
FNDA:0,(anonymous_2)
FNDA:0,(anonymous_3)
FNDA:0,(anonymous_4)
FNDA:0,(anonymous_5)
FNDA:0,(anonymous_6)
FNDA:0,(anonymous_7)
FNDA:0,(anonymous_8)
FNDA:0,(anonymous_9)
FNDA:0,(anonymous_10)
FNDA:0,(anonymous_11)
FNDA:0,(anonymous_12)
FNDA:0,(anonymous_13)
FNDA:0,(anonymous_14)
FNDA:0,(anonymous_15)
FNDA:0,(anonymous_16)
FNDA:0,(anonymous_17)
FNDA:0,(anonymous_18)
FNDA:0,(anonymous_19)
FNDA:0,(anonymous_20)
FNDA:0,(anonymous_21)
FNDA:0,(anonymous_22)
FNDA:0,(anonymous_23)
FNDA:0,(anonymous_24)
DA:1,0
DA:2,0
DA:3,0
DA:4,0
DA:5,0
DA:7,0
DA:9,0
DA:10,0
DA:13,0
DA:25,0
DA:26,0
DA:27,0
DA:28,0
DA:30,0
DA:34,0
DA:35,0
DA:36,0
DA:37,0
DA:39,0
DA:40,0
DA:41,0
DA:43,0
DA:44,0
DA:45,0
DA:46,0
DA:49,0
DA:50,0
DA:51,0
DA:52,0
DA:55,0
DA:56,0
DA:57,0
DA:58,0
DA:61,0
DA:62,0
DA:63,0
DA:64,0
DA:67,0
DA:86,0
DA:95,0
DA:97,0
DA:110,0
DA:111,0
DA:120,0
DA:124,0
DA:125,0
DA:127,0
DA:129,0
DA:130,0
DA:136,0
DA:141,0
DA:142,0
DA:151,0
DA:155,0
DA:156,0
DA:159,0
DA:161,0
DA:167,0
DA:168,0
DA:177,0
DA:181,0
DA:182,0
DA:185,0
DA:187,0
DA:193,0
DA:194,0
DA:203,0
DA:207,0
DA:208,0
DA:210,0
DA:216,0
DA:217,0
DA:226,0
DA:234,0
DA:235,0
DA:236,0
DA:237,0
DA:239,0
DA:243,0
DA:244,0
DA:249,0
DA:255,0
DA:256,0
DA:265,0
DA:269,0
DA:270,0
DA:273,0
DA:278,0
DA:279,0
DA:286,0
DA:288,0
DA:294,0
DA:295,0
DA:304,0
DA:308,0
DA:309,0
DA:311,0
DA:313,0
DA:318,0
DA:319,0
DA:328,0
DA:332,0
DA:333,0
DA:335,0
DA:337,0
DA:338,0
DA:344,0
DA:351,0
DA:352,0
DA:361,0
DA:365,0
DA:366,0
DA:368,0
DA:369,0
DA:375,0
DA:377,0
DA:383,0
DA:384,0
DA:393,0
DA:401,0
DA:402,0
DA:403,0
DA:404,0
DA:406,0
DA:410,0
DA:412,0
DA:418,0
DA:420,0
DA:421,0
DA:422,0
DA:423,0
DA:424,0
DA:427,0
DA:435,0
DA:436,0
DA:445,0
DA:453,0
DA:454,0
DA:455,0
DA:456,0
DA:458,0
DA:462,0
DA:463,0
DA:465,0
DA:466,0
DA:467,0
DA:468,0
DA:470,0
DA:478,0
DA:479,0
DA:481,0
DA:492,0
DA:493,0
DA:502,0
DA:506,0
DA:507,0
DA:509,0
DA:520,0
DA:525,0
DA:526,0
DA:534,0
LF:161
LH:0
BRDA:27,0,0,0
BRDA:34,1,0,0
BRDA:34,1,1,0
BRDA:35,2,0,0
BRDA:35,2,1,0
BRDA:43,3,0,0
BRDA:49,4,0,0
BRDA:55,5,0,0
BRDA:61,6,0,0
BRDA:129,7,0,0
BRDA:170,8,0,0
BRDA:170,8,1,0
BRDA:196,9,0,0
BRDA:196,9,1,0
BRDA:236,10,0,0
BRDA:245,11,0,0
BRDA:245,11,1,0
BRDA:246,12,0,0
BRDA:246,12,1,0
BRDA:278,13,0,0
BRDA:337,14,0,0
BRDA:337,14,1,0
BRDA:368,15,0,0
BRDA:403,16,0,0
BRDA:455,17,0,0
BRDA:473,18,0,0
BRDA:473,18,1,0
BRF:27
BRH:0
end_of_record
TN:
SF:src/routes/users.ts
FN:17,(anonymous_1)
FN:65,(anonymous_2)
FN:121,(anonymous_3)
FN:171,(anonymous_4)
FNF:4
FNH:0
FNDA:0,(anonymous_1)
FNDA:0,(anonymous_2)
FNDA:0,(anonymous_3)
FNDA:0,(anonymous_4)
DA:1,0
DA:2,0
DA:3,0
DA:4,0
DA:5,0
DA:7,0
DA:10,0
DA:18,0
DA:19,0
DA:20,0
DA:21,0
DA:28,0
DA:29,0
DA:30,0
DA:32,0
DA:34,0
DA:47,0
DA:56,0
DA:66,0
DA:67,0
DA:68,0
DA:69,0
DA:76,0
DA:79,0
DA:80,0
DA:81,0
DA:87,0
DA:95,0
DA:97,0
DA:103,0
DA:112,0
DA:122,0
DA:123,0
DA:124,0
DA:125,0
DA:132,0
DA:133,0
DA:135,0
DA:142,0
DA:143,0
DA:150,0
DA:152,0
DA:158,0
DA:167,0
DA:172,0
DA:173,0
DA:174,0
DA:175,0
DA:182,0
DA:183,0
DA:185,0
DA:186,0
DA:187,0
DA:193,0
DA:195,0
DA:200,0
DA:208,0
LF:57
LH:0
BRDA:20,0,0,0
BRDA:28,1,0,0
BRDA:28,1,1,0
BRDA:29,2,0,0
BRDA:29,2,1,0
BRDA:68,3,0,0
BRDA:80,4,0,0
BRDA:124,5,0,0
BRDA:142,6,0,0
BRDA:174,7,0,0
BRDA:186,8,0,0
BRF:11
BRH:0
end_of_record
TN:
SF:src/routes/visits.ts
FN:14,(anonymous_1)
FN:44,(anonymous_2)
FN:68,(anonymous_3)
FN:107,(anonymous_4)
FN:148,(anonymous_5)
FNF:5
FNH:0
FNDA:0,(anonymous_1)
FNDA:0,(anonymous_2)
FNDA:0,(anonymous_3)
FNDA:0,(anonymous_4)
FNDA:0,(anonymous_5)
DA:1,0
DA:2,0
DA:3,0
DA:4,0
DA:5,0
DA:6,0
DA:8,0
DA:11,0
DA:15,0
DA:16,0
DA:17,0
DA:19,0
DA:27,0
DA:36,0
DA:45,0
DA:46,0
DA:47,0
DA:48,0
DA:55,0
DA:58,0
DA:59,0
DA:60,0
DA:67,0
DA:68,0
DA:69,0
DA:70,0
DA:71,0
DA:74,0
DA:75,0
DA:81,0
DA:88,0
DA:94,0
DA:103,0
DA:108,0
DA:109,0
DA:110,0
DA:111,0
DA:118,0
DA:119,0
DA:121,0
DA:123,0
DA:124,0
DA:130,0
DA:136,0
DA:145,0
DA:149,0
DA:150,0
DA:151,0
DA:153,0
DA:154,0
DA:161,0
DA:163,0
DA:171,0
DA:179,0
LF:54
LH:0
BRDA:47,0,0,0
BRDA:59,1,0,0
BRDA:74,2,0,0
BRDA:110,3,0,0
BRDA:123,4,0,0
BRDA:153,5,0,0
BRF:6
BRH:0
end_of_record
TN:
SF:src/scripts/migrate.ts
FN:5,migrate
FN:16,(anonymous_2)
FN:17,(anonymous_3)
FNF:3
FNH:0
FNDA:0,migrate
FNDA:0,(anonymous_2)
FNDA:0,(anonymous_3)
DA:1,0
DA:2,0
DA:3,0
DA:6,0
DA:7,0
DA:10,0
DA:11,0
DA:14,0
DA:16,0
DA:17,0
DA:19,0
DA:22,0
DA:23,0
DA:24,0
DA:25,0
DA:26,0
DA:27,0
DA:29,0
DA:35,0
DA:36,0
DA:38,0
DA:39,0
DA:43,0
LF:23
LH:0
BRDA:17,0,0,0
BRDA:17,0,1,0
BRDA:24,1,0,0
BRF:3
BRH:0
end_of_record
TN:
SF:src/scripts/seed.ts
FN:5,seed
FN:16,(anonymous_2)
FN:17,(anonymous_3)
FNF:3
FNH:0
FNDA:0,seed
FNDA:0,(anonymous_2)
FNDA:0,(anonymous_3)
DA:1,0
DA:2,0
DA:3,0
DA:6,0
DA:7,0
DA:10,0
DA:11,0
DA:14,0
DA:16,0
DA:17,0
DA:19,0
DA:22,0
DA:23,0
DA:24,0
DA:25,0
DA:26,0
DA:27,0
DA:29,0
DA:35,0
DA:36,0
DA:38,0
DA:39,0
DA:43,0
LF:23
LH:0
BRDA:17,0,0,0
BRDA:17,0,1,0
BRDA:24,1,0,0
BRF:3
BRH:0
end_of_record
TN:
SF:src/scripts/seedClinicalData.ts
FN:67,(anonymous_1)
FN:84,(anonymous_2)
FN:144,(anonymous_3)
FN:277,(anonymous_4)
FN:415,(anonymous_5)
FN:510,(anonymous_6)
FN:550,(anonymous_7)
FN:554,(anonymous_8)
FNF:8
FNH:0
FNDA:0,(anonymous_1)
FNDA:0,(anonymous_2)
FNDA:0,(anonymous_3)
FNDA:0,(anonymous_4)
FNDA:0,(anonymous_5)
FNDA:0,(anonymous_6)
FNDA:0,(anonymous_7)
FNDA:0,(anonymous_8)
DA:1,0
DA:2,0
DA:65,0
DA:68,0
DA:70,0
DA:71,0
DA:72,0
DA:73,0
DA:74,0
DA:75,0
DA:77,0
DA:79,0
DA:80,0
DA:85,0
DA:87,0
DA:123,0
DA:124,0
DA:141,0
DA:145,0
DA:147,0
DA:243,0
DA:244,0
DA:274,0
DA:278,0
DA:280,0
DA:379,0
DA:380,0
DA:412,0
DA:416,0
DA:418,0
DA:478,0
DA:479,0
DA:507,0
DA:511,0
DA:513,0
DA:526,0
DA:527,0
DA:542,0
DA:547,0
DA:548,0
DA:549,0
DA:551,0
DA:552,0
DA:555,0
DA:556,0
LF:45
LH:0
BRDA:267,0,0,0
BRDA:267,0,1,0
BRDA:547,1,0,0
BRF:3
BRH:0
end_of_record
TN:
SF:src/services/AuthService.ts
FN:29,(anonymous_1)
FN:81,(anonymous_2)
FN:110,(anonymous_3)
FN:115,(anonymous_4)
FN:136,(anonymous_5)
FN:154,(anonymous_6)
FNF:6
FNH:4
FNDA:4,(anonymous_1)
FNDA:0,(anonymous_2)
FNDA:0,(anonymous_3)
FNDA:3,(anonymous_4)
FNDA:1,(anonymous_5)
FNDA:1,(anonymous_6)
DA:1,2
DA:2,2
DA:3,2
DA:24,2
DA:25,2
DA:26,2
DA:27,2
DA:30,4
DA:32,4
DA:33,1
DA:37,3
DA:38,1
DA:42,2
DA:43,1
DA:47,1
DA:49,1
DA:51,0
DA:52,0
DA:54,0
DA:55,0
DA:58,0
DA:62,1
DA:65,1
DA:68,1
DA:70,1
DA:78,1
DA:82,0
DA:84,0
DA:87,0
DA:88,0
DA:89,0
DA:93,0
DA:94,0
DA:95,0
DA:99,0
DA:102,0
DA:104,0
DA:106,0
DA:112,0
DA:116,3
DA:117,3
DA:119,2
DA:120,2
DA:121,1
DA:124,1
DA:132,1
DA:137,1
DA:143,1
DA:147,1
DA:151,1
DA:155,1
DA:156,1
DA:157,1
LF:53
LH:35
BRDA:32,0,0,1
BRDA:37,1,0,1
BRDA:42,2,0,1
BRDA:49,3,0,0
BRDA:54,4,0,0
BRDA:88,5,0,0
BRDA:94,6,0,0
BRDA:94,7,0,0
BRDA:94,7,1,0
BRDA:120,8,0,1
BRDA:120,9,0,2
BRDA:120,9,1,2
BRF:12
BRH:6
end_of_record
TN:
SF:src/services/AutoInvoiceService.ts
FN:43,(anonymous_1)
FN:51,(anonymous_2)
FN:150,(anonymous_3)
FN:205,(anonymous_4)
FN:243,(anonymous_5)
FN:245,(anonymous_6)
FN:246,(anonymous_7)
FN:247,(anonymous_8)
FN:248,(anonymous_9)
FN:283,(anonymous_10)
FN:311,(anonymous_11)
FN:333,(anonymous_12)
FN:381,(anonymous_13)
FN:396,(anonymous_14)
FN:409,(anonymous_15)
FN:430,(anonymous_16)
FNF:16
FNH:0
FNDA:0,(anonymous_1)
FNDA:0,(anonymous_2)
FNDA:0,(anonymous_3)
FNDA:0,(anonymous_4)
FNDA:0,(anonymous_5)
FNDA:0,(anonymous_6)
FNDA:0,(anonymous_7)
FNDA:0,(anonymous_8)
FNDA:0,(anonymous_9)
FNDA:0,(anonymous_10)
FNDA:0,(anonymous_11)
FNDA:0,(anonymous_12)
FNDA:0,(anonymous_13)
FNDA:0,(anonymous_14)
FNDA:0,(anonymous_15)
FNDA:0,(anonymous_16)
DA:1,0
DA:2,0
DA:3,0
DA:4,0
DA:40,0
DA:44,0
DA:52,0
DA:54,0
DA:55,0
DA:58,0
DA:63,0
DA:64,0
DA:67,0
DA:70,0
DA:80,0
DA:81,0
DA:84,0
DA:87,0
DA:100,0
DA:102,0
DA:105,0
DA:109,0
DA:126,0
DA:128,0
DA:139,0
DA:140,0
DA:141,0
DA:143,0
DA:152,0
DA:153,0
DA:155,0
DA:191,0
DA:194,0
DA:196,0
DA:206,0
DA:207,0
DA:209,0
DA:232,0
DA:234,0
DA:244,0
DA:245,0
DA:246,0
DA:247,0
DA:248,0
DA:251,0
DA:252,0
DA:284,0
DA:291,0
DA:292,0
DA:322,0
DA:324,0
DA:325,0
DA:328,0
DA:333,0
DA:336,0
DA:365,0
DA:368,0
DA:371,0
DA:372,0
DA:374,0
DA:382,0
DA:383,0
DA:384,0
DA:386,0
DA:392,0
DA:393,0
DA:397,0
DA:403,0
DA:410,0
DA:424,0
DA:431,0
LF:71
LH:0
BRDA:63,0,0,0
BRDA:80,1,0,0
BRDA:100,2,0,0
BRDA:100,2,1,0
BRDA:100,3,0,0
BRDA:100,3,1,0
BRDA:131,4,0,0
BRDA:131,4,1,0
BRDA:175,5,0,0
BRDA:175,5,1,0
BRDA:176,6,0,0
BRDA:176,6,1,0
BRDA:179,7,0,0
BRDA:179,7,1,0
BRDA:180,8,0,0
BRDA:180,8,1,0
BRDA:181,9,0,0
BRDA:181,9,1,0
BRDA:262,10,0,0
BRDA:262,10,1,0
BRDA:263,11,0,0
BRDA:263,11,1,0
BRDA:265,12,0,0
BRDA:265,12,1,0
BRDA:266,13,0,0
BRDA:266,13,1,0
BRDA:266,13,2,0
BRDA:267,14,0,0
BRDA:267,14,1,0
BRDA:267,15,0,0
BRDA:267,15,1,0
BRDA:267,15,2,0
BRDA:268,16,0,0
BRDA:268,16,1,0
BRDA:299,17,0,0
BRDA:299,17,1,0
BRDA:300,18,0,0
BRDA:300,18,1,0
BRDA:301,19,0,0
BRDA:301,19,1,0
BRDA:301,19,2,0
BRDA:302,20,0,0
BRDA:302,20,1,0
BRDA:302,21,0,0
BRDA:302,21,1,0
BRDA:302,21,2,0
BRDA:333,22,0,0
BRDA:333,22,1,0
BRDA:333,23,0,0
BRDA:333,23,1,0
BRDA:333,23,2,0
BRDA:403,24,0,0
BRDA:403,24,1,0
BRF:53
BRH:0
end_of_record
TN:
SF:src/services/ClinicalAutocompleteService.ts
FN:26,(anonymous_1)
FN:33,(anonymous_2)
FN:132,(anonymous_3)
FN:150,(anonymous_4)
FN:245,(anonymous_5)
FN:272,(anonymous_6)
FN:362,(anonymous_7)
FN:391,(anonymous_8)
FN:481,(anonymous_9)
FN:508,(anonymous_10)
FN:542,(anonymous_11)
FN:558,(anonymous_12)
FN:597,(anonymous_13)
FN:616,(anonymous_14)
FN:622,(anonymous_15)
FN:637,(anonymous_16)
FN:643,(anonymous_17)
FN:676,(anonymous_18)
FNF:18
FNH:0
FNDA:0,(anonymous_1)
FNDA:0,(anonymous_2)
FNDA:0,(anonymous_3)
FNDA:0,(anonymous_4)
FNDA:0,(anonymous_5)
FNDA:0,(anonymous_6)
FNDA:0,(anonymous_7)
FNDA:0,(anonymous_8)
FNDA:0,(anonymous_9)
FNDA:0,(anonymous_10)
FNDA:0,(anonymous_11)
FNDA:0,(anonymous_12)
FNDA:0,(anonymous_13)
FNDA:0,(anonymous_14)
FNDA:0,(anonymous_15)
FNDA:0,(anonymous_16)
FNDA:0,(anonymous_17)
FNDA:0,(anonymous_18)
DA:1,0
DA:2,0
DA:26,0
DA:27,0
DA:28,0
DA:37,0
DA:38,0
DA:41,0
DA:49,0
DA:51,0
DA:52,0
DA:53,0
DA:55,0
DA:59,0
DA:60,0
DA:61,0
DA:65,0
DA:71,0
DA:77,0
DA:80,0
DA:109,0
DA:119,0
DA:122,0
DA:123,0
DA:132,0
DA:154,0
DA:155,0
DA:158,0
DA:165,0
DA:167,0
DA:168,0
DA:169,0
DA:171,0
DA:172,0
DA:173,0
DA:177,0
DA:185,0
DA:192,0
DA:194,0
DA:223,0
DA:233,0
DA:235,0
DA:236,0
DA:245,0
DA:276,0
DA:277,0
DA:280,0
DA:287,0
DA:289,0
DA:290,0
DA:291,0
DA:293,0
DA:294,0
DA:295,0
DA:298,0
DA:305,0
DA:311,0
DA:313,0
DA:341,0
DA:350,0
DA:352,0
DA:353,0
DA:362,0
DA:395,0
DA:396,0
DA:399,0
DA:406,0
DA:408,0
DA:409,0
DA:410,0
DA:412,0
DA:413,0
DA:414,0
DA:417,0
DA:424,0
DA:430,0
DA:432,0
DA:460,0
DA:469,0
DA:471,0
DA:472,0
DA:481,0
DA:513,0
DA:515,0
DA:542,0
DA:564,0
DA:577,0
DA:585,0
DA:591,0
DA:600,0
DA:608,0
DA:609,0
DA:616,0
DA:626,0
DA:637,0
DA:652,0
DA:653,0
DA:669,0
DA:683,0
LF:99
LH:0
BRDA:35,0,0,0
BRDA:37,1,0,0
BRDA:43,2,0,0
BRDA:44,3,0,0
BRDA:46,4,0,0
BRDA:47,5,0,0
BRDA:55,6,0,0
BRDA:59,7,0,0
BRDA:114,8,0,0
BRDA:114,8,1,0
BRDA:122,9,0,0
BRDA:152,10,0,0
BRDA:154,11,0,0
BRDA:160,12,0,0
BRDA:161,13,0,0
BRDA:163,14,0,0
BRDA:171,15,0,0
BRDA:228,16,0,0
BRDA:228,16,1,0
BRDA:235,17,0,0
BRDA:274,18,0,0
BRDA:276,19,0,0
BRDA:282,20,0,0
BRDA:283,21,0,0
BRDA:285,22,0,0
BRDA:293,23,0,0
BRDA:345,24,0,0
BRDA:345,24,1,0
BRDA:352,25,0,0
BRDA:393,26,0,0
BRDA:395,27,0,0
BRDA:401,28,0,0
BRDA:402,29,0,0
BRDA:404,30,0,0
BRDA:412,31,0,0
BRDA:464,32,0,0
BRDA:464,32,1,0
BRDA:471,33,0,0
BRDA:511,34,0,0
BRDA:513,35,0,0
BRDA:624,36,0,0
BRF:41
BRH:0
end_of_record
TN:
SF:src/services/MPesaService.ts
FN:13,(anonymous_1)
FN:22,(anonymous_2)
FN:40,(anonymous_3)
FN:49,(anonymous_4)
FN:56,(anonymous_5)
FN:136,(anonymous_6)
FN:220,(anonymous_7)
FNF:7
FNH:0
FNDA:0,(anonymous_1)
FNDA:0,(anonymous_2)
FNDA:0,(anonymous_3)
FNDA:0,(anonymous_4)
FNDA:0,(anonymous_5)
FNDA:0,(anonymous_6)
FNDA:0,(anonymous_7)
DA:1,0
DA:3,0
DA:5,0
DA:14,0
DA:15,0
DA:16,0
DA:17,0
DA:18,0
DA:19,0
DA:23,0
DA:25,0
DA:26,0
DA:33,0
DA:35,0
DA:36,0
DA:41,0
DA:45,0
DA:46,0
DA:50,0
DA:62,0
DA:63,0
DA:64,0
DA:67,0
DA:69,0
DA:83,0
DA:84,0
DA:92,0
DA:106,0
DA:129,0
DA:131,0
DA:132,0
DA:137,0
DA:138,0
DA:140,0
DA:141,0
DA:142,0
DA:143,0
DA:145,0
DA:149,0
DA:150,0
DA:151,0
DA:153,0
DA:154,0
DA:155,0
DA:157,0
DA:158,0
DA:161,0
DA:162,0
DA:166,0
DA:177,0
DA:178,0
DA:185,0
DA:186,0
DA:189,0
DA:213,0
DA:214,0
DA:222,0
DA:231,0
DA:234,0
DA:241,0
DA:242,0
DA:243,0
DA:245,0
DA:246,0
DA:247,0
DA:248,0
DA:249,0
DA:252,0
LF:68
LH:0
BRDA:14,0,0,0
BRDA:14,0,1,0
BRDA:15,1,0,0
BRDA:15,1,1,0
BRDA:16,2,0,0
BRDA:16,2,1,0
BRDA:17,3,0,0
BRDA:17,3,1,0
BRDA:18,4,0,0
BRDA:18,4,1,0
BRDA:19,5,0,0
BRDA:19,5,1,0
BRDA:149,6,0,0
BRDA:149,6,1,0
BRDA:151,7,0,0
BRDA:151,7,1,0
BRDA:154,8,0,0
BRDA:157,9,0,0
BRDA:161,10,0,0
BRDA:177,11,0,0
BRDA:185,12,0,0
BRDA:213,13,0,0
BRDA:241,14,0,0
BRDA:246,15,0,0
BRDA:246,15,1,0
BRDA:248,16,0,0
BRF:26
BRH:0
end_of_record
TN:
SF:src/services/SHAExportService.ts
FN:27,(anonymous_1)
FN:38,(anonymous_2)
FN:97,(anonymous_3)
FN:154,(anonymous_4)
FN:186,(anonymous_5)
FN:187,(anonymous_6)
FN:235,(anonymous_7)
FN:289,(anonymous_8)
FN:328,(anonymous_9)
FN:387,(anonymous_10)
FN:431,(anonymous_11)
FN:456,(anonymous_12)
FN:492,(anonymous_13)
FN:499,(anonymous_14)
FN:511,(anonymous_15)
FN:523,(anonymous_16)
FN:529,(anonymous_17)
FN:546,(anonymous_18)
FN:553,(anonymous_19)
FN:555,(anonymous_20)
FN:565,(anonymous_21)
FN:572,(anonymous_22)
FN:584,(anonymous_23)
FN:589,(anonymous_24)
FN:595,(anonymous_25)
FN:605,(anonymous_26)
FN:617,(anonymous_27)
FN:634,(anonymous_28)
FN:646,(anonymous_29)
FN:662,(anonymous_30)
FN:673,(anonymous_31)
FN:674,(anonymous_32)
FN:690,(anonymous_33)
FN:700,(anonymous_34)
FNF:34
FNH:0
FNDA:0,(anonymous_1)
FNDA:0,(anonymous_2)
FNDA:0,(anonymous_3)
FNDA:0,(anonymous_4)
FNDA:0,(anonymous_5)
FNDA:0,(anonymous_6)
FNDA:0,(anonymous_7)
FNDA:0,(anonymous_8)
FNDA:0,(anonymous_9)
FNDA:0,(anonymous_10)
FNDA:0,(anonymous_11)
FNDA:0,(anonymous_12)
FNDA:0,(anonymous_13)
FNDA:0,(anonymous_14)
FNDA:0,(anonymous_15)
FNDA:0,(anonymous_16)
FNDA:0,(anonymous_17)
FNDA:0,(anonymous_18)
FNDA:0,(anonymous_19)
FNDA:0,(anonymous_20)
FNDA:0,(anonymous_21)
FNDA:0,(anonymous_22)
FNDA:0,(anonymous_23)
FNDA:0,(anonymous_24)
FNDA:0,(anonymous_25)
FNDA:0,(anonymous_26)
FNDA:0,(anonymous_27)
FNDA:0,(anonymous_28)
FNDA:0,(anonymous_29)
FNDA:0,(anonymous_30)
FNDA:0,(anonymous_31)
FNDA:0,(anonymous_32)
FNDA:0,(anonymous_33)
FNDA:0,(anonymous_34)
DA:1,0
DA:2,0
DA:3,0
DA:4,0
DA:5,0
DA:6,0
DA:26,0
DA:28,0
DA:29,0
DA:30,0
DA:32,0
DA:39,0
DA:41,0
DA:43,0
DA:44,0
DA:47,0
DA:48,0
DA:49,0
DA:52,0
DA:53,0
DA:56,0
DA:59,0
DA:62,0
DA:65,0
DA:68,0
DA:70,0
DA:73,0
DA:86,0
DA:89,0
DA:90,0
DA:98,0
DA:99,0
DA:101,0
DA:102,0
DA:105,0
DA:106,0
DA:107,0
DA:109,0
DA:112,0
DA:113,0
DA:116,0
DA:117,0
DA:120,0
DA:121,0
DA:124,0
DA:125,0
DA:127,0
DA:130,0
DA:143,0
DA:146,0
DA:147,0
DA:155,0
DA:156,0
DA:158,0
DA:159,0
DA:162,0
DA:163,0
DA:164,0
DA:167,0
DA:184,0
DA:186,0
DA:187,0
DA:188,0
DA:204,0
DA:208,0
DA:211,0
DA:224,0
DA:227,0
DA:228,0
DA:236,0
DA:237,0
DA:239,0
DA:240,0
DA:243,0
DA:244,0
DA:245,0
DA:247,0
DA:248,0
DA:251,0
DA:254,0
DA:257,0
DA:260,0
DA:262,0
DA:265,0
DA:278,0
DA:281,0
DA:282,0
DA:290,0
DA:310,0
DA:312,0
DA:315,0
DA:324,0
DA:325,0
DA:329,0
DA:330,0
DA:331,0
DA:333,0
DA:334,0
DA:335,0
DA:338,0
DA:339,0
DA:340,0
DA:343,0
DA:344,0
DA:345,0
DA:348,0
DA:349,0
DA:350,0
DA:353,0
DA:373,0
DA:374,0
DA:381,0
DA:384,0
DA:388,0
DA:389,0
DA:390,0
DA:392,0
DA:393,0
DA:394,0
DA:397,0
DA:398,0
DA:399,0
DA:402,0
DA:403,0
DA:404,0
DA:407,0
DA:418,0
DA:419,0
DA:425,0
DA:428,0
DA:432,0
DA:438,0
DA:440,0
DA:443,0
DA:452,0
DA:453,0
DA:457,0
DA:459,0
DA:488,0
DA:493,0
DA:494,0
DA:495,0
DA:496,0
DA:500,0
DA:501,0
DA:502,0
DA:503,0
DA:504,0
DA:505,0
DA:506,0
DA:507,0
DA:508,0
DA:512,0
DA:513,0
DA:514,0
DA:515,0
DA:516,0
DA:517,0
DA:518,0
DA:519,0
DA:520,0
DA:524,0
DA:525,0
DA:527,0
DA:529,0
DA:539,0
DA:540,0
DA:541,0
DA:542,0
DA:545,0
DA:546,0
DA:547,0
DA:548,0
DA:550,0
DA:553,0
DA:554,0
DA:555,0
DA:556,0
DA:557,0
DA:559,0
DA:562,0
DA:566,0
DA:567,0
DA:568,0
DA:569,0
DA:573,0
DA:574,0
DA:575,0
DA:576,0
DA:577,0
DA:578,0
DA:579,0
DA:580,0
DA:581,0
DA:585,0
DA:586,0
DA:587,0
DA:589,0
DA:590,0
DA:592,0
DA:596,0
DA:597,0
DA:598,0
DA:599,0
DA:600,0
DA:601,0
DA:606,0
DA:617,0
DA:618,0
DA:631,0
DA:635,0
DA:646,0
DA:647,0
DA:659,0
DA:663,0
DA:673,0
DA:674,0
DA:675,0
DA:687,0
DA:691,0
DA:700,0
DA:701,0
DA:711,0
LF:223
LH:0
BRDA:29,0,0,0
BRDA:43,1,0,0
BRDA:81,2,0,0
BRDA:81,2,1,0
BRDA:101,3,0,0
BRDA:138,4,0,0
BRDA:138,4,1,0
BRDA:158,5,0,0
BRDA:192,6,0,0
BRDA:192,6,1,0
BRDA:202,7,0,0
BRDA:202,7,1,0
BRDA:219,8,0,0
BRDA:219,8,1,0
BRDA:239,9,0,0
BRDA:273,10,0,0
BRDA:273,10,1,0
BRDA:310,11,0,0
BRDA:333,12,0,0
BRDA:338,13,0,0
BRDA:343,14,0,0
BRDA:343,15,0,0
BRDA:343,15,1,0
BRDA:348,16,0,0
BRDA:348,17,0,0
BRDA:348,17,1,0
BRDA:392,18,0,0
BRDA:397,19,0,0
BRDA:402,20,0,0
BRDA:402,21,0,0
BRDA:402,21,1,0
BRDA:438,22,0,0
BRDA:471,23,0,0
BRDA:471,23,1,0
BRDA:472,24,0,0
BRDA:472,24,1,0
BRDA:473,25,0,0
BRDA:473,25,1,0
BRDA:474,26,0,0
BRDA:474,26,1,0
BRDA:475,27,0,0
BRDA:475,27,1,0
BRDA:476,28,0,0
BRDA:476,28,1,0
BRDA:482,29,0,0
BRDA:482,29,1,0
BRDA:518,30,0,0
BRDA:518,30,1,0
BRDA:599,31,0,0
BRDA:599,31,1,0
BRDA:600,32,0,0
BRDA:600,32,1,0
BRDA:626,33,0,0
BRDA:626,33,1,0
BRDA:651,34,0,0
BRDA:651,34,1,0
BRDA:706,35,0,0
BRDA:706,35,1,0
BRF:58
BRH:0
end_of_record
TN:
SF:src/services/SHAService.ts
FN:17,(anonymous_1)
FN:27,(anonymous_2)
FN:58,(anonymous_3)
FN:157,(anonymous_4)
FN:189,(anonymous_5)
FN:280,(anonymous_6)
FN:299,(anonymous_7)
FN:375,(anonymous_8)
FN:379,(anonymous_9)
FN:383,(anonymous_10)
FN:433,(anonymous_11)
FN:454,(anonymous_12)
FN:478,(anonymous_13)
FN:519,(anonymous_14)
FN:541,(anonymous_15)
FN:556,(anonymous_16)
FN:567,(anonymous_17)
FN:578,(anonymous_18)
FN:600,(anonymous_19)
FNF:19
FNH:0
FNDA:0,(anonymous_1)
FNDA:0,(anonymous_2)
FNDA:0,(anonymous_3)
FNDA:0,(anonymous_4)
FNDA:0,(anonymous_5)
FNDA:0,(anonymous_6)
FNDA:0,(anonymous_7)
FNDA:0,(anonymous_8)
FNDA:0,(anonymous_9)
FNDA:0,(anonymous_10)
FNDA:0,(anonymous_11)
FNDA:0,(anonymous_12)
FNDA:0,(anonymous_13)
FNDA:0,(anonymous_14)
FNDA:0,(anonymous_15)
FNDA:0,(anonymous_16)
FNDA:0,(anonymous_17)
FNDA:0,(anonymous_18)
FNDA:0,(anonymous_19)
DA:1,0
DA:3,0
DA:4,0
DA:14,0
DA:18,0
DA:28,0
DA:29,0
DA:42,0
DA:48,0
DA:49,0
DA:59,0
DA:61,0
DA:69,0
DA:70,0
DA:73,0
DA:76,0
DA:81,0
DA:82,0
DA:86,0
DA:87,0
DA:88,0
DA:91,0
DA:97,0
DA:123,0
DA:126,0
DA:137,0
DA:144,0
DA:151,0
DA:152,0
DA:158,0
DA:160,0
DA:167,0
DA:168,0
DA:171,0
DA:172,0
DA:175,0
DA:180,0
DA:189,0
DA:201,0
DA:202,0
DA:211,0
DA:214,0
DA:227,0
DA:228,0
DA:229,0
DA:232,0
DA:240,0
DA:252,0
DA:260,0
DA:271,0
DA:275,0
DA:276,0
DA:281,0
DA:283,0
DA:284,0
DA:291,0
DA:299,0
DA:310,0
DA:320,0
DA:321,0
DA:330,0
DA:333,0
DA:348,0
DA:350,0
DA:360,0
DA:361,0
DA:372,0
DA:376,0
DA:380,0
DA:385,0
DA:390,0
DA:391,0
DA:392,0
DA:394,0
DA:395,0
DA:396,0
DA:398,0
DA:399,0
DA:400,0
DA:401,0
DA:402,0
DA:403,0
DA:404,0
DA:407,0
DA:408,0
DA:427,0
DA:434,0
DA:455,0
DA:474,0
DA:479,0
DA:480,0
DA:482,0
DA:483,0
DA:484,0
DA:487,0
DA:488,0
DA:489,0
DA:492,0
DA:515,0
DA:520,0
DA:538,0
DA:542,0
DA:553,0
DA:557,0
DA:564,0
DA:568,0
DA:575,0
DA:579,0
DA:597,0
DA:601,0
DA:612,0
LF:111
LH:0
BRDA:19,0,0,0
BRDA:19,0,1,0
BRDA:20,1,0,0
BRDA:20,1,1,0
BRDA:21,2,0,0
BRDA:21,2,1,0
BRDA:27,3,0,0
BRDA:32,4,0,0
BRDA:32,4,1,0
BRDA:33,5,0,0
BRDA:33,5,1,0
BRDA:48,6,0,0
BRDA:48,6,1,0
BRDA:51,7,0,0
BRDA:51,7,1,0
BRDA:52,8,0,0
BRDA:52,8,1,0
BRDA:69,9,0,0
BRDA:81,10,0,0
BRDA:167,11,0,0
BRDA:220,12,0,0
BRDA:220,12,1,0
BRDA:221,13,0,0
BRDA:221,13,1,0
BRDA:227,14,0,0
BRDA:227,14,1,0
BRDA:229,15,0,0
BRDA:229,15,1,0
BRDA:271,16,0,0
BRDA:271,16,1,0
BRDA:341,17,0,0
BRDA:341,17,1,0
BRDA:342,18,0,0
BRDA:342,18,1,0
BRDA:348,19,0,0
BRDA:356,20,0,0
BRDA:356,20,1,0
BRDA:394,21,0,0
BRDA:394,22,0,0
BRDA:394,22,1,0
BRDA:399,23,0,0
BRDA:399,23,1,0
BRDA:401,24,0,0
BRDA:401,24,1,0
BRDA:403,25,0,0
BRDA:407,26,0,0
BRDA:418,27,0,0
BRDA:418,27,1,0
BRDA:418,28,0,0
BRDA:418,28,1,0
BRDA:482,29,0,0
BRDA:487,30,0,0
BRDA:610,31,0,0
BRDA:610,31,1,0
BRDA:610,32,0,0
BRDA:610,32,1,0
BRF:56
BRH:0
end_of_record
TN:
SF:src/services/SHAWorkflowService.ts
FN:38,(anonymous_1)
FN:45,(anonymous_2)
FN:117,(anonymous_3)
FN:195,(anonymous_4)
FN:223,(anonymous_5)
FN:250,(anonymous_6)
FN:262,(anonymous_7)
FN:322,(anonymous_8)
FN:359,(anonymous_9)
FN:360,(anonymous_10)
FN:361,(anonymous_11)
FN:362,(anonymous_12)
FN:370,(anonymous_13)
FN:465,(anonymous_14)
FN:486,(anonymous_15)
FN:517,(anonymous_16)
FN:541,(anonymous_17)
FN:570,(anonymous_18)
FN:585,(anonymous_19)
FN:607,(anonymous_20)
FNF:20
FNH:0
FNDA:0,(anonymous_1)
FNDA:0,(anonymous_2)
FNDA:0,(anonymous_3)
FNDA:0,(anonymous_4)
FNDA:0,(anonymous_5)
FNDA:0,(anonymous_6)
FNDA:0,(anonymous_7)
FNDA:0,(anonymous_8)
FNDA:0,(anonymous_9)
FNDA:0,(anonymous_10)
FNDA:0,(anonymous_11)
FNDA:0,(anonymous_12)
FNDA:0,(anonymous_13)
FNDA:0,(anonymous_14)
FNDA:0,(anonymous_15)
FNDA:0,(anonymous_16)
FNDA:0,(anonymous_17)
FNDA:0,(anonymous_18)
FNDA:0,(anonymous_19)
FNDA:0,(anonymous_20)
DA:1,0
DA:2,0
DA:3,0
DA:35,0
DA:39,0
DA:46,0
DA:48,0
DA:49,0
DA:51,0
DA:54,0
DA:72,0
DA:74,0
DA:75,0
DA:99,0
DA:101,0
DA:104,0
DA:107,0
DA:108,0
DA:110,0
DA:124,0
DA:126,0
DA:127,0
DA:130,0
DA:143,0
DA:148,0
DA:150,0
DA:152,0
DA:153,0
DA:156,0
DA:164,0
DA:174,0
DA:180,0
DA:182,0
DA:185,0
DA:186,0
DA:188,0
DA:196,0
DA:198,0
DA:199,0
DA:200,0
DA:201,0
DA:203,0
DA:206,0
DA:214,0
DA:224,0
DA:233,0
DA:234,0
DA:237,0
DA:240,0
DA:250,0
DA:256,0
DA:269,0
DA:270,0
DA:271,0
DA:273,0
DA:274,0
DA:275,0
DA:278,0
DA:279,0
DA:280,0
DA:283,0
DA:284,0
DA:285,0
DA:288,0
DA:289,0
DA:290,0
DA:293,0
DA:307,0
DA:308,0
DA:313,0
DA:316,0
DA:323,0
DA:324,0
DA:326,0
DA:327,0
DA:328,0
DA:331,0
DA:341,0
DA:355,0
DA:359,0
DA:360,0
DA:361,0
DA:362,0
DA:371,0
DA:471,0
DA:481,0
DA:492,0
DA:510,0
DA:511,0
DA:514,0
DA:522,0
DA:524,0
DA:526,0
DA:527,0
DA:529,0
DA:530,0
DA:532,0
DA:533,0
DA:535,0
DA:538,0
DA:543,0
DA:546,0
DA:554,0
DA:556,0
DA:557,0
DA:561,0
DA:571,0
DA:574,0
DA:577,0
DA:587,0
DA:590,0
DA:615,0
LF:112
LH:0
BRDA:122,0,0,0
BRDA:148,1,0,0
BRDA:152,2,0,0
BRDA:152,2,1,0
BRDA:199,3,0,0
BRDA:199,4,0,0
BRDA:199,4,1,0
BRDA:212,5,0,0
BRDA:212,5,1,0
BRDA:233,6,0,0
BRDA:252,7,0,0
BRDA:252,7,1,0
BRDA:253,8,0,0
BRDA:253,8,1,0
BRDA:273,9,0,0
BRDA:278,10,0,0
BRDA:283,11,0,0
BRDA:288,12,0,0
BRDA:326,13,0,0
BRDA:326,14,0,0
BRDA:326,14,1,0
BRDA:360,15,0,0
BRDA:360,15,1,0
BRDA:361,16,0,0
BRDA:361,16,1,0
BRDA:362,17,0,0
BRDA:362,17,1,0
BRDA:510,18,0,0
BRDA:510,19,0,0
BRDA:510,19,1,0
BRDA:524,20,0,0
BRDA:524,20,1,0
BRDA:524,20,2,0
BRDA:524,20,3,0
BRDA:556,21,0,0
BRDA:556,22,0,0
BRDA:556,22,1,0
BRF:37
BRH:0
end_of_record
TN:
SF:src/types/index.ts
FN:1,(anonymous_0)
FN:44,(anonymous_1)
FNF:2
FNH:0
FNDA:0,(anonymous_0)
FNDA:0,(anonymous_1)
DA:1,0
DA:2,0
DA:3,0
DA:4,0
DA:5,0
DA:6,0
DA:7,0
DA:8,0
DA:9,0
DA:10,0
DA:11,0
DA:44,0
DA:45,0
DA:46,0
DA:47,0
DA:48,0
DA:49,0
DA:50,0
DA:51,0
DA:52,0
DA:53,0
DA:54,0
DA:55,0
DA:56,0
LF:24
LH:0
BRDA:1,0,0,0
BRDA:1,0,1,0
BRDA:44,1,0,0
BRDA:44,1,1,0
BRF:4
BRH:0
end_of_record
TN:
SF:src/utils/invoiceUtils.ts
FN:4,generateInvoiceNumber
FN:27,generateBatchNumber
FN:51,generateClaimNumber
FN:74,validateSHAMemberNumber
FN:81,getSHAServiceCode
FN:112,formatSHACurrency
FN:121,calculateInvoiceDueDate
FN:128,generateInvoiceReference
FN:134,validateDiagnosisCode
FN:141,calculateInvoiceAging
FN:153,generateComplianceChecklist
FNF:11
FNH:0
FNDA:0,generateInvoiceNumber
FNDA:0,generateBatchNumber
FNDA:0,generateClaimNumber
FNDA:0,validateSHAMemberNumber
FNDA:0,getSHAServiceCode
FNDA:0,formatSHACurrency
FNDA:0,calculateInvoiceDueDate
FNDA:0,generateInvoiceReference
FNDA:0,validateDiagnosisCode
FNDA:0,calculateInvoiceAging
FNDA:0,generateComplianceChecklist
DA:1,0
DA:4,0
DA:5,0
DA:6,0
DA:9,0
DA:16,0
DA:17,0
DA:18,0
DA:19,0
DA:20,0
DA:23,0
DA:27,0
DA:28,0
DA:29,0
DA:30,0
DA:33,0
DA:40,0
DA:41,0
DA:42,0
DA:43,0
DA:44,0
DA:47,0
DA:51,0
DA:52,0
DA:53,0
DA:56,0
DA:63,0
DA:64,0
DA:65,0
DA:66,0
DA:67,0
DA:70,0
DA:74,0
DA:76,0
DA:77,0
DA:81,0
DA:82,0
DA:108,0
DA:112,0
DA:113,0
DA:121,0
DA:122,0
DA:123,0
DA:124,0
DA:128,0
DA:129,0
DA:130,0
DA:134,0
DA:136,0
DA:137,0
DA:141,0
DA:142,0
DA:143,0
DA:144,0
DA:146,0
DA:147,0
DA:148,0
DA:149,0
DA:153,0
DA:154,0
DA:156,0
DA:157,0
DA:160,0
DA:161,0
DA:164,0
DA:165,0
DA:168,0
DA:169,0
DA:172,0
DA:173,0
DA:176,0
LF:71
LH:0
BRDA:4,0,0,0
BRDA:17,1,0,0
BRDA:19,2,0,0
BRDA:19,2,1,0
BRDA:27,3,0,0
BRDA:41,4,0,0
BRDA:43,5,0,0
BRDA:43,5,1,0
BRDA:64,6,0,0
BRDA:66,7,0,0
BRDA:66,7,1,0
BRDA:108,8,0,0
BRDA:108,8,1,0
BRDA:121,9,0,0
BRDA:146,10,0,0
BRDA:147,11,0,0
BRDA:148,12,0,0
BRDA:156,13,0,0
BRDA:160,14,0,0
BRDA:160,15,0,0
BRDA:160,15,1,0
BRDA:164,16,0,0
BRDA:164,17,0,0
BRDA:164,17,1,0
BRDA:168,18,0,0
BRDA:168,19,0,0
BRDA:168,19,1,0
BRDA:172,20,0,0
BRDA:172,21,0,0
BRDA:172,21,1,0
BRF:30
BRH:0
end_of_record
