{"/home/njau-wangari/Sethmed/seth-clinic-cms/app/layout.tsx": {"path":"/home/njau-wangari/Sethmed/seth-clinic-cms/app/layout.tsx","statementMap":{"0":{"start":{"line":7,"column":14},"end":{"line":11,"column":2}},"1":{"start":{"line":13,"column":16},"end":{"line":18,"column":2}},"2":{"start":{"line":20,"column":34},"end":{"line":24,"column":1}},"3":{"start":{"line":31,"column":2},"end":{"line":53,"column":3}}},"fnMap":{"0":{"name":"RootLayout","decl":{"start":{"line":26,"column":24},"end":{"line":26,"column":34}},"loc":{"start":{"line":30,"column":4},"end":{"line":54,"column":1}},"line":30}},"branchMap":{},"s":{"0":0,"1":0,"2":0,"3":0},"f":{"0":0},"b":{}}
,"/home/njau-wangari/Sethmed/seth-clinic-cms/app/page.tsx": {"path":"/home/njau-wangari/Sethmed/seth-clinic-cms/app/page.tsx","statementMap":{"0":{"start":{"line":9,"column":41},"end":{"line":9,"column":55}},"1":{"start":{"line":10,"column":17},"end":{"line":10,"column":28}},"2":{"start":{"line":12,"column":2},"end":{"line":20,"column":42}},"3":{"start":{"line":13,"column":4},"end":{"line":19,"column":5}},"4":{"start":{"line":14,"column":6},"end":{"line":18,"column":7}},"5":{"start":{"line":15,"column":8},"end":{"line":15,"column":33}},"6":{"start":{"line":17,"column":8},"end":{"line":17,"column":29}},"7":{"start":{"line":22,"column":2},"end":{"line":29,"column":3}}},"fnMap":{"0":{"name":"HomePage","decl":{"start":{"line":8,"column":24},"end":{"line":8,"column":32}},"loc":{"start":{"line":8,"column":35},"end":{"line":30,"column":1}},"line":8},"1":{"name":"(anonymous_1)","decl":{"start":{"line":12,"column":12},"end":{"line":12,"column":13}},"loc":{"start":{"line":12,"column":18},"end":{"line":20,"column":3}},"line":12}},"branchMap":{"0":{"loc":{"start":{"line":13,"column":4},"end":{"line":19,"column":5}},"type":"if","locations":[{"start":{"line":13,"column":4},"end":{"line":19,"column":5}},{"start":{},"end":{}}],"line":13},"1":{"loc":{"start":{"line":14,"column":6},"end":{"line":18,"column":7}},"type":"if","locations":[{"start":{"line":14,"column":6},"end":{"line":18,"column":7}},{"start":{"line":16,"column":13},"end":{"line":18,"column":7}}],"line":14}},"s":{"0":0,"1":0,"2":0,"3":0,"4":0,"5":0,"6":0,"7":0},"f":{"0":0,"1":0},"b":{"0":[0,0],"1":[0,0]}}
,"/home/njau-wangari/Sethmed/seth-clinic-cms/app/admin/page.tsx": {"path":"/home/njau-wangari/Sethmed/seth-clinic-cms/app/admin/page.tsx","statementMap":{"0":{"start":{"line":9,"column":2},"end":{"line":50,"column":3}}},"fnMap":{"0":{"name":"AdminPage","decl":{"start":{"line":8,"column":24},"end":{"line":8,"column":33}},"loc":{"start":{"line":8,"column":36},"end":{"line":51,"column":1}},"line":8}},"branchMap":{},"s":{"0":0},"f":{"0":0},"b":{}}
,"/home/njau-wangari/Sethmed/seth-clinic-cms/app/api/health/route.ts": {"path":"/home/njau-wangari/Sethmed/seth-clinic-cms/app/api/health/route.ts","statementMap":{"0":{"start":{"line":4,"column":2},"end":{"line":10,"column":4}}},"fnMap":{"0":{"name":"GET","decl":{"start":{"line":3,"column":22},"end":{"line":3,"column":25}},"loc":{"start":{"line":3,"column":28},"end":{"line":11,"column":1}},"line":3}},"branchMap":{"0":{"loc":{"start":{"line":8,"column":17},"end":{"line":8,"column":54}},"type":"binary-expr","locations":[{"start":{"line":8,"column":17},"end":{"line":8,"column":37}},{"start":{"line":8,"column":41},"end":{"line":8,"column":54}}],"line":8},"1":{"loc":{"start":{"line":9,"column":13},"end":{"line":9,"column":55}},"type":"binary-expr","locations":[{"start":{"line":9,"column":13},"end":{"line":9,"column":44}},{"start":{"line":9,"column":48},"end":{"line":9,"column":55}}],"line":9}},"s":{"0":0},"f":{"0":0},"b":{"0":[0,0],"1":[0,0]}}
,"/home/njau-wangari/Sethmed/seth-clinic-cms/app/claims/page.tsx": {"path":"/home/njau-wangari/Sethmed/seth-clinic-cms/app/claims/page.tsx","statementMap":{"0":{"start":{"line":6,"column":2},"end":{"line":6,"column":26}}},"fnMap":{"0":{"name":"ClaimsPage","decl":{"start":{"line":5,"column":24},"end":{"line":5,"column":34}},"loc":{"start":{"line":5,"column":37},"end":{"line":7,"column":1}},"line":5}},"branchMap":{},"s":{"0":0},"f":{"0":0},"b":{}}
,"/home/njau-wangari/Sethmed/seth-clinic-cms/app/components/sha/SHAInvoiceManagerEnhanced.tsx": {"path":"/home/njau-wangari/Sethmed/seth-clinic-cms/app/components/sha/SHAInvoiceManagerEnhanced.tsx","statementMap":{"0":{"start":{"line":81,"column":36},"end":{"line":81,"column":64}},"1":{"start":{"line":82,"column":34},"end":{"line":82,"column":60}},"2":{"start":{"line":83,"column":32},"end":{"line":83,"column":47}},"3":{"start":{"line":84,"column":48},"end":{"line":84,"column":81}},"4":{"start":{"line":85,"column":36},"end":{"line":85,"column":70}},"5":{"start":{"line":86,"column":50},"end":{"line":86,"column":65}},"6":{"start":{"line":87,"column":44},"end":{"line":91,"column":4}},"7":{"start":{"line":92,"column":32},"end":{"line":98,"column":4}},"8":{"start":{"line":100,"column":20},"end":{"line":100,"column":30}},"9":{"start":{"line":102,"column":2},"end":{"line":104,"column":26}},"10":{"start":{"line":103,"column":4},"end":{"line":103,"column":18}},"11":{"start":{"line":106,"column":23},"end":{"line":147,"column":3}},"12":{"start":{"line":107,"column":4},"end":{"line":107,"column":20}},"13":{"start":{"line":108,"column":4},"end":{"line":146,"column":5}},"14":{"start":{"line":109,"column":21},"end":{"line":109,"column":41}},"15":{"start":{"line":110,"column":6},"end":{"line":114,"column":7}},"16":{"start":{"line":111,"column":8},"end":{"line":111,"column":38}},"17":{"start":{"line":112,"column":13},"end":{"line":114,"column":7}},"18":{"start":{"line":113,"column":8},"end":{"line":113,"column":39}},"19":{"start":{"line":117,"column":26},"end":{"line":117,"column":47}},"20":{"start":{"line":118,"column":6},"end":{"line":120,"column":8}},"21":{"start":{"line":119,"column":8},"end":{"line":119,"column":49}},"22":{"start":{"line":119,"column":19},"end":{"line":119,"column":49}},"23":{"start":{"line":122,"column":6},"end":{"line":124,"column":7}},"24":{"start":{"line":123,"column":8},"end":{"line":123,"column":48}},"25":{"start":{"line":126,"column":23},"end":{"line":130,"column":8}},"26":{"start":{"line":132,"column":6},"end":{"line":137,"column":7}},"27":{"start":{"line":133,"column":21},"end":{"line":133,"column":42}},"28":{"start":{"line":134,"column":8},"end":{"line":134,"column":30}},"29":{"start":{"line":136,"column":8},"end":{"line":136,"column":50}},"30":{"start":{"line":139,"column":6},"end":{"line":143,"column":8}},"31":{"start":{"line":145,"column":6},"end":{"line":145,"column":23}},"32":{"start":{"line":149,"column":26},"end":{"line":175,"column":3}},"33":{"start":{"line":150,"column":4},"end":{"line":174,"column":5}},"34":{"start":{"line":151,"column":23},"end":{"line":157,"column":8}},"35":{"start":{"line":159,"column":6},"end":{"line":167,"column":7}},"36":{"start":{"line":160,"column":8},"end":{"line":163,"column":10}},"37":{"start":{"line":164,"column":8},"end":{"line":164,"column":22}},"38":{"start":{"line":166,"column":8},"end":{"line":166,"column":53}},"39":{"start":{"line":169,"column":6},"end":{"line":173,"column":8}},"40":{"start":{"line":177,"column":22},"end":{"line":203,"column":3}},"41":{"start":{"line":178,"column":4},"end":{"line":202,"column":5}},"42":{"start":{"line":179,"column":23},"end":{"line":185,"column":8}},"43":{"start":{"line":187,"column":6},"end":{"line":195,"column":7}},"44":{"start":{"line":188,"column":8},"end":{"line":191,"column":10}},"45":{"start":{"line":192,"column":8},"end":{"line":192,"column":22}},"46":{"start":{"line":194,"column":8},"end":{"line":194,"column":49}},"47":{"start":{"line":197,"column":6},"end":{"line":201,"column":8}},"48":{"start":{"line":205,"column":24},"end":{"line":261,"column":3}},"49":{"start":{"line":206,"column":4},"end":{"line":213,"column":5}},"50":{"start":{"line":207,"column":6},"end":{"line":211,"column":8}},"51":{"start":{"line":212,"column":6},"end":{"line":212,"column":12}},"52":{"start":{"line":215,"column":4},"end":{"line":260,"column":5}},"53":{"start":{"line":216,"column":21},"end":{"line":216,"column":40}},"54":{"start":{"line":217,"column":25},"end":{"line":220,"column":7}},"55":{"start":{"line":222,"column":6},"end":{"line":230,"column":7}},"56":{"start":{"line":223,"column":8},"end":{"line":223,"column":55}},"57":{"start":{"line":224,"column":13},"end":{"line":230,"column":7}},"58":{"start":{"line":225,"column":8},"end":{"line":225,"column":36}},"59":{"start":{"line":226,"column":8},"end":{"line":226,"column":33}},"60":{"start":{"line":227,"column":13},"end":{"line":230,"column":7}},"61":{"start":{"line":228,"column":8},"end":{"line":228,"column":32}},"62":{"start":{"line":229,"column":8},"end":{"line":229,"column":33}},"63":{"start":{"line":232,"column":23},"end":{"line":239,"column":8}},"64":{"start":{"line":241,"column":6},"end":{"line":253,"column":7}},"65":{"start":{"line":242,"column":21},"end":{"line":242,"column":42}},"66":{"start":{"line":244,"column":8},"end":{"line":244,"column":52}},"67":{"start":{"line":246,"column":8},"end":{"line":249,"column":10}},"68":{"start":{"line":250,"column":8},"end":{"line":250,"column":34}},"69":{"start":{"line":252,"column":8},"end":{"line":252,"column":43}},"70":{"start":{"line":255,"column":6},"end":{"line":259,"column":8}},"71":{"start":{"line":263,"column":24},"end":{"line":278,"column":3}},"72":{"start":{"line":264,"column":4},"end":{"line":277,"column":5}},"73":{"start":{"line":265,"column":23},"end":{"line":269,"column":8}},"74":{"start":{"line":271,"column":6},"end":{"line":274,"column":7}},"75":{"start":{"line":272,"column":21},"end":{"line":272,"column":42}},"76":{"start":{"line":273,"column":8},"end":{"line":273,"column":31}},"77":{"start":{"line":276,"column":6},"end":{"line":276,"column":55}},"78":{"start":{"line":280,"column":25},"end":{"line":298,"column":3}},"79":{"start":{"line":281,"column":25},"end":{"line":286,"column":5}},"80":{"start":{"line":288,"column":19},"end":{"line":288,"column":68}},"81":{"start":{"line":289,"column":4},"end":{"line":289,"column":67}},"82":{"start":{"line":289,"column":17},"end":{"line":289,"column":67}},"83":{"start":{"line":291,"column":17},"end":{"line":291,"column":28}},"84":{"start":{"line":292,"column":4},"end":{"line":297,"column":5}},"85":{"start":{"line":300,"column":29},"end":{"line":318,"column":3}},"86":{"start":{"line":301,"column":25},"end":{"line":306,"column":5}},"87":{"start":{"line":308,"column":19},"end":{"line":308,"column":68}},"88":{"start":{"line":309,"column":4},"end":{"line":309,"column":67}},"89":{"start":{"line":309,"column":17},"end":{"line":309,"column":67}},"90":{"start":{"line":311,"column":17},"end":{"line":311,"column":28}},"91":{"start":{"line":312,"column":4},"end":{"line":317,"column":5}},"92":{"start":{"line":320,"column":24},"end":{"line":404,"column":3}},"93":{"start":{"line":321,"column":4},"end":{"line":403,"column":11}},"94":{"start":{"line":336,"column":31},"end":{"line":336,"column":93}},"95":{"start":{"line":336,"column":51},"end":{"line":336,"column":91}},"96":{"start":{"line":345,"column":31},"end":{"line":345,"column":90}},"97":{"start":{"line":345,"column":51},"end":{"line":345,"column":88}},"98":{"start":{"line":352,"column":40},"end":{"line":352,"column":88}},"99":{"start":{"line":352,"column":60},"end":{"line":352,"column":86}},"100":{"start":{"line":372,"column":31},"end":{"line":372,"column":90}},"101":{"start":{"line":372,"column":51},"end":{"line":372,"column":88}},"102":{"start":{"line":381,"column":31},"end":{"line":381,"column":88}},"103":{"start":{"line":381,"column":51},"end":{"line":381,"column":86}},"104":{"start":{"line":391,"column":27},"end":{"line":391,"column":110}},"105":{"start":{"line":406,"column":31},"end":{"line":545,"column":3}},"106":{"start":{"line":407,"column":4},"end":{"line":544,"column":13}},"107":{"start":{"line":407,"column":57},"end":{"line":407,"column":81}},"108":{"start":{"line":481,"column":22},"end":{"line":505,"column":28}},"109":{"start":{"line":524,"column":41},"end":{"line":524,"column":78}},"110":{"start":{"line":532,"column":18},"end":{"line":532,"column":82}},"111":{"start":{"line":532,"column":44},"end":{"line":532,"column":80}},"112":{"start":{"line":533,"column":18},"end":{"line":533,"column":43}},"113":{"start":{"line":547,"column":23},"end":{"line":618,"column":3}},"114":{"start":{"line":548,"column":4},"end":{"line":617,"column":13}},"115":{"start":{"line":563,"column":16},"end":{"line":563,"column":68}},"116":{"start":{"line":563,"column":42},"end":{"line":563,"column":66}},"117":{"start":{"line":582,"column":16},"end":{"line":582,"column":69}},"118":{"start":{"line":582,"column":42},"end":{"line":582,"column":67}},"119":{"start":{"line":602,"column":31},"end":{"line":602,"column":94}},"120":{"start":{"line":602,"column":57},"end":{"line":602,"column":92}},"121":{"start":{"line":611,"column":53},"end":{"line":611,"column":79}},"122":{"start":{"line":620,"column":2},"end":{"line":864,"column":3}},"123":{"start":{"line":632,"column":14},"end":{"line":632,"column":77}},"124":{"start":{"line":632,"column":40},"end":{"line":632,"column":75}},"125":{"start":{"line":633,"column":14},"end":{"line":633,"column":39}},"126":{"start":{"line":653,"column":52},"end":{"line":653,"column":95}},"127":{"start":{"line":657,"column":53},"end":{"line":657,"column":93}},"128":{"start":{"line":694,"column":22},"end":{"line":757,"column":33}},"129":{"start":{"line":720,"column":32},"end":{"line":720,"column":59}},"130":{"start":{"line":721,"column":32},"end":{"line":721,"column":63}},"131":{"start":{"line":729,"column":47},"end":{"line":729,"column":76}},"132":{"start":{"line":746,"column":34},"end":{"line":746,"column":61}},"133":{"start":{"line":747,"column":34},"end":{"line":747,"column":98}},"134":{"start":{"line":747,"column":60},"end":{"line":747,"column":96}},"135":{"start":{"line":748,"column":34},"end":{"line":748,"column":59}},"136":{"start":{"line":801,"column":22},"end":{"line":847,"column":33}},"137":{"start":{"line":828,"column":32},"end":{"line":828,"column":59}},"138":{"start":{"line":829,"column":32},"end":{"line":829,"column":63}},"139":{"start":{"line":838,"column":32},"end":{"line":838,"column":59}},"140":{"start":{"line":839,"column":32},"end":{"line":839,"column":96}},"141":{"start":{"line":839,"column":58},"end":{"line":839,"column":94}},"142":{"start":{"line":840,"column":32},"end":{"line":840,"column":57}}},"fnMap":{"0":{"name":"SHAInvoiceManagerEnhanced","decl":{"start":{"line":80,"column":16},"end":{"line":80,"column":41}},"loc":{"start":{"line":80,"column":44},"end":{"line":865,"column":1}},"line":80},"1":{"name":"(anonymous_1)","decl":{"start":{"line":102,"column":12},"end":{"line":102,"column":13}},"loc":{"start":{"line":102,"column":18},"end":{"line":104,"column":3}},"line":102},"2":{"name":"(anonymous_2)","decl":{"start":{"line":106,"column":23},"end":{"line":106,"column":24}},"loc":{"start":{"line":106,"column":35},"end":{"line":147,"column":3}},"line":106},"3":{"name":"(anonymous_3)","decl":{"start":{"line":118,"column":38},"end":{"line":118,"column":39}},"loc":{"start":{"line":118,"column":56},"end":{"line":120,"column":7}},"line":118},"4":{"name":"(anonymous_4)","decl":{"start":{"line":149,"column":26},"end":{"line":149,"column":27}},"loc":{"start":{"line":149,"column":53},"end":{"line":175,"column":3}},"line":149},"5":{"name":"(anonymous_5)","decl":{"start":{"line":177,"column":22},"end":{"line":177,"column":23}},"loc":{"start":{"line":177,"column":49},"end":{"line":203,"column":3}},"line":177},"6":{"name":"(anonymous_6)","decl":{"start":{"line":205,"column":24},"end":{"line":205,"column":25}},"loc":{"start":{"line":205,"column":36},"end":{"line":261,"column":3}},"line":205},"7":{"name":"(anonymous_7)","decl":{"start":{"line":263,"column":24},"end":{"line":263,"column":25}},"loc":{"start":{"line":263,"column":51},"end":{"line":278,"column":3}},"line":263},"8":{"name":"(anonymous_8)","decl":{"start":{"line":280,"column":25},"end":{"line":280,"column":26}},"loc":{"start":{"line":280,"column":45},"end":{"line":298,"column":3}},"line":280},"9":{"name":"(anonymous_9)","decl":{"start":{"line":300,"column":29},"end":{"line":300,"column":30}},"loc":{"start":{"line":300,"column":49},"end":{"line":318,"column":3}},"line":300},"10":{"name":"(anonymous_10)","decl":{"start":{"line":320,"column":24},"end":{"line":320,"column":25}},"loc":{"start":{"line":321,"column":4},"end":{"line":403,"column":11}},"line":321},"11":{"name":"(anonymous_11)","decl":{"start":{"line":336,"column":24},"end":{"line":336,"column":25}},"loc":{"start":{"line":336,"column":31},"end":{"line":336,"column":93}},"line":336},"12":{"name":"(anonymous_12)","decl":{"start":{"line":336,"column":42},"end":{"line":336,"column":43}},"loc":{"start":{"line":336,"column":51},"end":{"line":336,"column":91}},"line":336},"13":{"name":"(anonymous_13)","decl":{"start":{"line":345,"column":24},"end":{"line":345,"column":25}},"loc":{"start":{"line":345,"column":31},"end":{"line":345,"column":90}},"line":345},"14":{"name":"(anonymous_14)","decl":{"start":{"line":345,"column":42},"end":{"line":345,"column":43}},"loc":{"start":{"line":345,"column":51},"end":{"line":345,"column":88}},"line":345},"15":{"name":"(anonymous_15)","decl":{"start":{"line":352,"column":29},"end":{"line":352,"column":30}},"loc":{"start":{"line":352,"column":40},"end":{"line":352,"column":88}},"line":352},"16":{"name":"(anonymous_16)","decl":{"start":{"line":352,"column":51},"end":{"line":352,"column":52}},"loc":{"start":{"line":352,"column":60},"end":{"line":352,"column":86}},"line":352},"17":{"name":"(anonymous_17)","decl":{"start":{"line":372,"column":24},"end":{"line":372,"column":25}},"loc":{"start":{"line":372,"column":31},"end":{"line":372,"column":90}},"line":372},"18":{"name":"(anonymous_18)","decl":{"start":{"line":372,"column":42},"end":{"line":372,"column":43}},"loc":{"start":{"line":372,"column":51},"end":{"line":372,"column":88}},"line":372},"19":{"name":"(anonymous_19)","decl":{"start":{"line":381,"column":24},"end":{"line":381,"column":25}},"loc":{"start":{"line":381,"column":31},"end":{"line":381,"column":88}},"line":381},"20":{"name":"(anonymous_20)","decl":{"start":{"line":381,"column":42},"end":{"line":381,"column":43}},"loc":{"start":{"line":381,"column":51},"end":{"line":381,"column":86}},"line":381},"21":{"name":"(anonymous_21)","decl":{"start":{"line":391,"column":21},"end":{"line":391,"column":22}},"loc":{"start":{"line":391,"column":27},"end":{"line":391,"column":110}},"line":391},"22":{"name":"(anonymous_22)","decl":{"start":{"line":406,"column":31},"end":{"line":406,"column":32}},"loc":{"start":{"line":407,"column":4},"end":{"line":544,"column":13}},"line":407},"23":{"name":"(anonymous_23)","decl":{"start":{"line":407,"column":51},"end":{"line":407,"column":52}},"loc":{"start":{"line":407,"column":57},"end":{"line":407,"column":81}},"line":407},"24":{"name":"(anonymous_24)","decl":{"start":{"line":480,"column":35},"end":{"line":480,"column":36}},"loc":{"start":{"line":481,"column":22},"end":{"line":505,"column":28}},"line":481},"25":{"name":"(anonymous_25)","decl":{"start":{"line":520,"column":35},"end":{"line":520,"column":36}},"loc":{"start":{"line":520,"column":41},"end":{"line":520,"column":61}},"line":520},"26":{"name":"(anonymous_26)","decl":{"start":{"line":524,"column":35},"end":{"line":524,"column":36}},"loc":{"start":{"line":524,"column":41},"end":{"line":524,"column":78}},"line":524},"27":{"name":"(anonymous_27)","decl":{"start":{"line":531,"column":25},"end":{"line":531,"column":26}},"loc":{"start":{"line":531,"column":31},"end":{"line":534,"column":17}},"line":531},"28":{"name":"(anonymous_28)","decl":{"start":{"line":532,"column":35},"end":{"line":532,"column":36}},"loc":{"start":{"line":532,"column":44},"end":{"line":532,"column":80}},"line":532},"29":{"name":"(anonymous_29)","decl":{"start":{"line":547,"column":23},"end":{"line":547,"column":24}},"loc":{"start":{"line":548,"column":4},"end":{"line":617,"column":13}},"line":548},"30":{"name":"(anonymous_30)","decl":{"start":{"line":562,"column":29},"end":{"line":562,"column":30}},"loc":{"start":{"line":563,"column":16},"end":{"line":563,"column":68}},"line":563},"31":{"name":"(anonymous_31)","decl":{"start":{"line":563,"column":33},"end":{"line":563,"column":34}},"loc":{"start":{"line":563,"column":42},"end":{"line":563,"column":66}},"line":563},"32":{"name":"(anonymous_32)","decl":{"start":{"line":581,"column":29},"end":{"line":581,"column":30}},"loc":{"start":{"line":582,"column":16},"end":{"line":582,"column":69}},"line":582},"33":{"name":"(anonymous_33)","decl":{"start":{"line":582,"column":33},"end":{"line":582,"column":34}},"loc":{"start":{"line":582,"column":42},"end":{"line":582,"column":67}},"line":582},"34":{"name":"(anonymous_34)","decl":{"start":{"line":602,"column":24},"end":{"line":602,"column":25}},"loc":{"start":{"line":602,"column":31},"end":{"line":602,"column":94}},"line":602},"35":{"name":"(anonymous_35)","decl":{"start":{"line":602,"column":48},"end":{"line":602,"column":49}},"loc":{"start":{"line":602,"column":57},"end":{"line":602,"column":92}},"line":602},"36":{"name":"(anonymous_36)","decl":{"start":{"line":611,"column":47},"end":{"line":611,"column":48}},"loc":{"start":{"line":611,"column":53},"end":{"line":611,"column":79}},"line":611},"37":{"name":"(anonymous_37)","decl":{"start":{"line":631,"column":21},"end":{"line":631,"column":22}},"loc":{"start":{"line":631,"column":27},"end":{"line":634,"column":13}},"line":631},"38":{"name":"(anonymous_38)","decl":{"start":{"line":632,"column":31},"end":{"line":632,"column":32}},"loc":{"start":{"line":632,"column":40},"end":{"line":632,"column":75}},"line":632},"39":{"name":"(anonymous_39)","decl":{"start":{"line":653,"column":47},"end":{"line":653,"column":48}},"loc":{"start":{"line":653,"column":52},"end":{"line":653,"column":95}},"line":653},"40":{"name":"(anonymous_40)","decl":{"start":{"line":657,"column":48},"end":{"line":657,"column":49}},"loc":{"start":{"line":657,"column":53},"end":{"line":657,"column":93}},"line":657},"41":{"name":"(anonymous_41)","decl":{"start":{"line":693,"column":34},"end":{"line":693,"column":35}},"loc":{"start":{"line":694,"column":22},"end":{"line":757,"column":33}},"line":694},"42":{"name":"(anonymous_42)","decl":{"start":{"line":719,"column":39},"end":{"line":719,"column":40}},"loc":{"start":{"line":719,"column":45},"end":{"line":722,"column":31}},"line":719},"43":{"name":"(anonymous_43)","decl":{"start":{"line":729,"column":41},"end":{"line":729,"column":42}},"loc":{"start":{"line":729,"column":47},"end":{"line":729,"column":76}},"line":729},"44":{"name":"(anonymous_44)","decl":{"start":{"line":741,"column":59},"end":{"line":741,"column":60}},"loc":{"start":{"line":741,"column":65},"end":{"line":741,"column":85}},"line":741},"45":{"name":"(anonymous_45)","decl":{"start":{"line":745,"column":59},"end":{"line":745,"column":60}},"loc":{"start":{"line":745,"column":65},"end":{"line":749,"column":33}},"line":745},"46":{"name":"(anonymous_46)","decl":{"start":{"line":747,"column":51},"end":{"line":747,"column":52}},"loc":{"start":{"line":747,"column":60},"end":{"line":747,"column":96}},"line":747},"47":{"name":"(anonymous_47)","decl":{"start":{"line":800,"column":34},"end":{"line":800,"column":35}},"loc":{"start":{"line":801,"column":22},"end":{"line":847,"column":33}},"line":801},"48":{"name":"(anonymous_48)","decl":{"start":{"line":827,"column":39},"end":{"line":827,"column":40}},"loc":{"start":{"line":827,"column":45},"end":{"line":830,"column":31}},"line":827},"49":{"name":"(anonymous_49)","decl":{"start":{"line":837,"column":39},"end":{"line":837,"column":40}},"loc":{"start":{"line":837,"column":45},"end":{"line":841,"column":31}},"line":837},"50":{"name":"(anonymous_50)","decl":{"start":{"line":839,"column":49},"end":{"line":839,"column":50}},"loc":{"start":{"line":839,"column":58},"end":{"line":839,"column":94}},"line":839}},"branchMap":{"0":{"loc":{"start":{"line":110,"column":6},"end":{"line":114,"column":7}},"type":"if","locations":[{"start":{"line":110,"column":6},"end":{"line":114,"column":7}},{"start":{"line":112,"column":13},"end":{"line":114,"column":7}}],"line":110},"1":{"loc":{"start":{"line":112,"column":13},"end":{"line":114,"column":7}},"type":"if","locations":[{"start":{"line":112,"column":13},"end":{"line":114,"column":7}},{"start":{},"end":{}}],"line":112},"2":{"loc":{"start":{"line":119,"column":8},"end":{"line":119,"column":49}},"type":"if","locations":[{"start":{"line":119,"column":8},"end":{"line":119,"column":49}},{"start":{},"end":{}}],"line":119},"3":{"loc":{"start":{"line":122,"column":6},"end":{"line":124,"column":7}},"type":"if","locations":[{"start":{"line":122,"column":6},"end":{"line":124,"column":7}},{"start":{},"end":{}}],"line":122},"4":{"loc":{"start":{"line":132,"column":6},"end":{"line":137,"column":7}},"type":"if","locations":[{"start":{"line":132,"column":6},"end":{"line":137,"column":7}},{"start":{"line":135,"column":13},"end":{"line":137,"column":7}}],"line":132},"5":{"loc":{"start":{"line":159,"column":6},"end":{"line":167,"column":7}},"type":"if","locations":[{"start":{"line":159,"column":6},"end":{"line":167,"column":7}},{"start":{"line":165,"column":13},"end":{"line":167,"column":7}}],"line":159},"6":{"loc":{"start":{"line":187,"column":6},"end":{"line":195,"column":7}},"type":"if","locations":[{"start":{"line":187,"column":6},"end":{"line":195,"column":7}},{"start":{"line":193,"column":13},"end":{"line":195,"column":7}}],"line":187},"7":{"loc":{"start":{"line":206,"column":4},"end":{"line":213,"column":5}},"type":"if","locations":[{"start":{"line":206,"column":4},"end":{"line":213,"column":5}},{"start":{},"end":{}}],"line":206},"8":{"loc":{"start":{"line":222,"column":6},"end":{"line":230,"column":7}},"type":"if","locations":[{"start":{"line":222,"column":6},"end":{"line":230,"column":7}},{"start":{"line":224,"column":13},"end":{"line":230,"column":7}}],"line":222},"9":{"loc":{"start":{"line":222,"column":10},"end":{"line":222,"column":69}},"type":"binary-expr","locations":[{"start":{"line":222,"column":10},"end":{"line":222,"column":50}},{"start":{"line":222,"column":54},"end":{"line":222,"column":69}}],"line":222},"10":{"loc":{"start":{"line":224,"column":13},"end":{"line":230,"column":7}},"type":"if","locations":[{"start":{"line":224,"column":13},"end":{"line":230,"column":7}},{"start":{"line":227,"column":13},"end":{"line":230,"column":7}}],"line":224},"11":{"loc":{"start":{"line":227,"column":13},"end":{"line":230,"column":7}},"type":"if","locations":[{"start":{"line":227,"column":13},"end":{"line":230,"column":7}},{"start":{},"end":{}}],"line":227},"12":{"loc":{"start":{"line":241,"column":6},"end":{"line":253,"column":7}},"type":"if","locations":[{"start":{"line":241,"column":6},"end":{"line":253,"column":7}},{"start":{"line":251,"column":13},"end":{"line":253,"column":7}}],"line":241},"13":{"loc":{"start":{"line":271,"column":6},"end":{"line":274,"column":7}},"type":"if","locations":[{"start":{"line":271,"column":6},"end":{"line":274,"column":7}},{"start":{},"end":{}}],"line":271},"14":{"loc":{"start":{"line":289,"column":4},"end":{"line":289,"column":67}},"type":"if","locations":[{"start":{"line":289,"column":4},"end":{"line":289,"column":67}},{"start":{},"end":{}}],"line":289},"15":{"loc":{"start":{"line":309,"column":4},"end":{"line":309,"column":67}},"type":"if","locations":[{"start":{"line":309,"column":4},"end":{"line":309,"column":67}},{"start":{},"end":{}}],"line":309},"16":{"loc":{"start":{"line":416,"column":9},"end":{"line":542,"column":9}},"type":"binary-expr","locations":[{"start":{"line":416,"column":9},"end":{"line":416,"column":24}},{"start":{"line":417,"column":10},"end":{"line":541,"column":16}}],"line":416},"17":{"loc":{"start":{"line":478,"column":17},"end":{"line":512,"column":17}},"type":"cond-expr","locations":[{"start":{"line":479,"column":18},"end":{"line":507,"column":24}},{"start":{"line":509,"column":18},"end":{"line":511,"column":24}}],"line":478},"18":{"loc":{"start":{"line":492,"column":27},"end":{"line":494,"column":27}},"type":"binary-expr","locations":[{"start":{"line":492,"column":27},"end":{"line":492,"column":42}},{"start":{"line":493,"column":28},"end":{"line":493,"column":89}}],"line":492},"19":{"loc":{"start":{"line":495,"column":27},"end":{"line":500,"column":27}},"type":"binary-expr","locations":[{"start":{"line":495,"column":27},"end":{"line":495,"column":50}},{"start":{"line":496,"column":28},"end":{"line":499,"column":36}}],"line":495},"20":{"loc":{"start":{"line":518,"column":15},"end":{"line":529,"column":15}},"type":"binary-expr","locations":[{"start":{"line":518,"column":15},"end":{"line":518,"column":53}},{"start":{"line":519,"column":16},"end":{"line":528,"column":19}}],"line":518},"21":{"loc":{"start":{"line":673,"column":15},"end":{"line":765,"column":15}},"type":"cond-expr","locations":[{"start":{"line":674,"column":16},"end":{"line":676,"column":22}},{"start":{"line":677,"column":18},"end":{"line":765,"column":15}}],"line":673},"22":{"loc":{"start":{"line":677,"column":18},"end":{"line":765,"column":15}},"type":"cond-expr","locations":[{"start":{"line":678,"column":16},"end":{"line":760,"column":24}},{"start":{"line":762,"column":16},"end":{"line":764,"column":22}}],"line":677},"23":{"loc":{"start":{"line":726,"column":29},"end":{"line":733,"column":29}},"type":"binary-expr","locations":[{"start":{"line":726,"column":29},"end":{"line":726,"column":59}},{"start":{"line":727,"column":30},"end":{"line":732,"column":39}}],"line":726},"24":{"loc":{"start":{"line":782,"column":15},"end":{"line":855,"column":15}},"type":"cond-expr","locations":[{"start":{"line":783,"column":16},"end":{"line":785,"column":22}},{"start":{"line":786,"column":18},"end":{"line":855,"column":15}}],"line":782},"25":{"loc":{"start":{"line":786,"column":18},"end":{"line":855,"column":15}},"type":"cond-expr","locations":[{"start":{"line":787,"column":16},"end":{"line":850,"column":24}},{"start":{"line":852,"column":16},"end":{"line":854,"column":22}}],"line":786},"26":{"loc":{"start":{"line":806,"column":27},"end":{"line":810,"column":27}},"type":"cond-expr","locations":[{"start":{"line":807,"column":28},"end":{"line":807,"column":84}},{"start":{"line":809,"column":28},"end":{"line":809,"column":76}}],"line":806},"27":{"loc":{"start":{"line":813,"column":27},"end":{"line":819,"column":27}},"type":"cond-expr","locations":[{"start":{"line":814,"column":28},"end":{"line":816,"column":34}},{"start":{"line":818,"column":28},"end":{"line":818,"column":76}}],"line":813}},"s":{"0":0,"1":0,"2":0,"3":0,"4":0,"5":0,"6":0,"7":0,"8":0,"9":0,"10":0,"11":0,"12":0,"13":0,"14":0,"15":0,"16":0,"17":0,"18":0,"19":0,"20":0,"21":0,"22":0,"23":0,"24":0,"25":0,"26":0,"27":0,"28":0,"29":0,"30":0,"31":0,"32":0,"33":0,"34":0,"35":0,"36":0,"37":0,"38":0,"39":0,"40":0,"41":0,"42":0,"43":0,"44":0,"45":0,"46":0,"47":0,"48":0,"49":0,"50":0,"51":0,"52":0,"53":0,"54":0,"55":0,"56":0,"57":0,"58":0,"59":0,"60":0,"61":0,"62":0,"63":0,"64":0,"65":0,"66":0,"67":0,"68":0,"69":0,"70":0,"71":0,"72":0,"73":0,"74":0,"75":0,"76":0,"77":0,"78":0,"79":0,"80":0,"81":0,"82":0,"83":0,"84":0,"85":0,"86":0,"87":0,"88":0,"89":0,"90":0,"91":0,"92":0,"93":0,"94":0,"95":0,"96":0,"97":0,"98":0,"99":0,"100":0,"101":0,"102":0,"103":0,"104":0,"105":0,"106":0,"107":0,"108":0,"109":0,"110":0,"111":0,"112":0,"113":0,"114":0,"115":0,"116":0,"117":0,"118":0,"119":0,"120":0,"121":0,"122":0,"123":0,"124":0,"125":0,"126":0,"127":0,"128":0,"129":0,"130":0,"131":0,"132":0,"133":0,"134":0,"135":0,"136":0,"137":0,"138":0,"139":0,"140":0,"141":0,"142":0},"f":{"0":0,"1":0,"2":0,"3":0,"4":0,"5":0,"6":0,"7":0,"8":0,"9":0,"10":0,"11":0,"12":0,"13":0,"14":0,"15":0,"16":0,"17":0,"18":0,"19":0,"20":0,"21":0,"22":0,"23":0,"24":0,"25":0,"26":0,"27":0,"28":0,"29":0,"30":0,"31":0,"32":0,"33":0,"34":0,"35":0,"36":0,"37":0,"38":0,"39":0,"40":0,"41":0,"42":0,"43":0,"44":0,"45":0,"46":0,"47":0,"48":0,"49":0,"50":0},"b":{"0":[0,0],"1":[0,0],"2":[0,0],"3":[0,0],"4":[0,0],"5":[0,0],"6":[0,0],"7":[0,0],"8":[0,0],"9":[0,0],"10":[0,0],"11":[0,0],"12":[0,0],"13":[0,0],"14":[0,0],"15":[0,0],"16":[0,0],"17":[0,0],"18":[0,0],"19":[0,0],"20":[0,0],"21":[0,0],"22":[0,0],"23":[0,0],"24":[0,0],"25":[0,0],"26":[0,0],"27":[0,0]}}
,"/home/njau-wangari/Sethmed/seth-clinic-cms/app/components/ui/accordion.tsx": {"path":"/home/njau-wangari/Sethmed/seth-clinic-cms/app/components/ui/accordion.tsx","statementMap":{"0":{"start":{"line":9,"column":18},"end":{"line":9,"column":41}},"1":{"start":{"line":11,"column":22},"end":{"line":20,"column":2}},"2":{"start":{"line":15,"column":2},"end":{"line":19,"column":4}},"3":{"start":{"line":21,"column":0},"end":{"line":21,"column":43}},"4":{"start":{"line":23,"column":25},"end":{"line":40,"column":2}},"5":{"start":{"line":27,"column":2},"end":{"line":39,"column":30}},"6":{"start":{"line":41,"column":0},"end":{"line":41,"column":69}},"7":{"start":{"line":43,"column":25},"end":{"line":54,"column":2}},"8":{"start":{"line":47,"column":2},"end":{"line":53,"column":31}},"9":{"start":{"line":56,"column":0},"end":{"line":56,"column":69}}},"fnMap":{"0":{"name":"(anonymous_0)","decl":{"start":{"line":14,"column":2},"end":{"line":14,"column":3}},"loc":{"start":{"line":15,"column":2},"end":{"line":19,"column":4}},"line":15},"1":{"name":"(anonymous_1)","decl":{"start":{"line":26,"column":2},"end":{"line":26,"column":3}},"loc":{"start":{"line":27,"column":2},"end":{"line":39,"column":30}},"line":27},"2":{"name":"(anonymous_2)","decl":{"start":{"line":46,"column":2},"end":{"line":46,"column":3}},"loc":{"start":{"line":47,"column":2},"end":{"line":53,"column":31}},"line":47}},"branchMap":{},"s":{"0":0,"1":0,"2":0,"3":0,"4":0,"5":0,"6":0,"7":0,"8":0,"9":0},"f":{"0":0,"1":0,"2":0},"b":{}}
,"/home/njau-wangari/Sethmed/seth-clinic-cms/app/components/ui/alert-dialog.tsx": {"path":"/home/njau-wangari/Sethmed/seth-clinic-cms/app/components/ui/alert-dialog.tsx","statementMap":{"0":{"start":{"line":9,"column":20},"end":{"line":9,"column":45}},"1":{"start":{"line":11,"column":27},"end":{"line":11,"column":55}},"2":{"start":{"line":13,"column":26},"end":{"line":13,"column":53}},"3":{"start":{"line":15,"column":27},"end":{"line":27,"column":2}},"4":{"start":{"line":19,"column":2},"end":{"line":26,"column":4}},"5":{"start":{"line":28,"column":0},"end":{"line":28,"column":73}},"6":{"start":{"line":30,"column":27},"end":{"line":45,"column":2}},"7":{"start":{"line":34,"column":2},"end":{"line":44,"column":22}},"8":{"start":{"line":46,"column":0},"end":{"line":46,"column":73}},"9":{"start":{"line":48,"column":26},"end":{"line":59,"column":1}},"10":{"start":{"line":52,"column":2},"end":{"line":58,"column":4}},"11":{"start":{"line":60,"column":0},"end":{"line":60,"column":51}},"12":{"start":{"line":62,"column":26},"end":{"line":73,"column":1}},"13":{"start":{"line":66,"column":2},"end":{"line":72,"column":4}},"14":{"start":{"line":74,"column":0},"end":{"line":74,"column":51}},"15":{"start":{"line":76,"column":25},"end":{"line":85,"column":2}},"16":{"start":{"line":80,"column":2},"end":{"line":84,"column":4}},"17":{"start":{"line":86,"column":0},"end":{"line":86,"column":69}},"18":{"start":{"line":88,"column":31},"end":{"line":97,"column":2}},"19":{"start":{"line":92,"column":2},"end":{"line":96,"column":4}},"20":{"start":{"line":98,"column":0},"end":{"line":99,"column":46}},"21":{"start":{"line":101,"column":26},"end":{"line":110,"column":2}},"22":{"start":{"line":105,"column":2},"end":{"line":109,"column":4}},"23":{"start":{"line":111,"column":0},"end":{"line":111,"column":71}},"24":{"start":{"line":113,"column":26},"end":{"line":126,"column":2}},"25":{"start":{"line":117,"column":2},"end":{"line":125,"column":4}},"26":{"start":{"line":127,"column":0},"end":{"line":127,"column":71}}},"fnMap":{"0":{"name":"(anonymous_0)","decl":{"start":{"line":18,"column":2},"end":{"line":18,"column":3}},"loc":{"start":{"line":19,"column":2},"end":{"line":26,"column":4}},"line":19},"1":{"name":"(anonymous_1)","decl":{"start":{"line":33,"column":2},"end":{"line":33,"column":3}},"loc":{"start":{"line":34,"column":2},"end":{"line":44,"column":22}},"line":34},"2":{"name":"(anonymous_2)","decl":{"start":{"line":48,"column":26},"end":{"line":48,"column":27}},"loc":{"start":{"line":52,"column":2},"end":{"line":58,"column":4}},"line":52},"3":{"name":"(anonymous_3)","decl":{"start":{"line":62,"column":26},"end":{"line":62,"column":27}},"loc":{"start":{"line":66,"column":2},"end":{"line":72,"column":4}},"line":66},"4":{"name":"(anonymous_4)","decl":{"start":{"line":79,"column":2},"end":{"line":79,"column":3}},"loc":{"start":{"line":80,"column":2},"end":{"line":84,"column":4}},"line":80},"5":{"name":"(anonymous_5)","decl":{"start":{"line":91,"column":2},"end":{"line":91,"column":3}},"loc":{"start":{"line":92,"column":2},"end":{"line":96,"column":4}},"line":92},"6":{"name":"(anonymous_6)","decl":{"start":{"line":104,"column":2},"end":{"line":104,"column":3}},"loc":{"start":{"line":105,"column":2},"end":{"line":109,"column":4}},"line":105},"7":{"name":"(anonymous_7)","decl":{"start":{"line":116,"column":2},"end":{"line":116,"column":3}},"loc":{"start":{"line":117,"column":2},"end":{"line":125,"column":4}},"line":117}},"branchMap":{},"s":{"0":0,"1":0,"2":0,"3":0,"4":0,"5":0,"6":0,"7":0,"8":0,"9":0,"10":0,"11":0,"12":0,"13":0,"14":0,"15":0,"16":0,"17":0,"18":0,"19":0,"20":0,"21":0,"22":0,"23":0,"24":0,"25":0,"26":0},"f":{"0":0,"1":0,"2":0,"3":0,"4":0,"5":0,"6":0,"7":0},"b":{}}
,"/home/njau-wangari/Sethmed/seth-clinic-cms/app/components/ui/alert.tsx": {"path":"/home/njau-wangari/Sethmed/seth-clinic-cms/app/components/ui/alert.tsx","statementMap":{"0":{"start":{"line":6,"column":22},"end":{"line":20,"column":1}},"1":{"start":{"line":22,"column":14},"end":{"line":32,"column":2}},"2":{"start":{"line":26,"column":2},"end":{"line":31,"column":4}},"3":{"start":{"line":33,"column":0},"end":{"line":33,"column":27}},"4":{"start":{"line":35,"column":19},"end":{"line":44,"column":2}},"5":{"start":{"line":39,"column":2},"end":{"line":43,"column":4}},"6":{"start":{"line":45,"column":0},"end":{"line":45,"column":37}},"7":{"start":{"line":47,"column":25},"end":{"line":56,"column":2}},"8":{"start":{"line":51,"column":2},"end":{"line":55,"column":4}},"9":{"start":{"line":57,"column":0},"end":{"line":57,"column":49}}},"fnMap":{"0":{"name":"(anonymous_0)","decl":{"start":{"line":25,"column":2},"end":{"line":25,"column":3}},"loc":{"start":{"line":26,"column":2},"end":{"line":31,"column":4}},"line":26},"1":{"name":"(anonymous_1)","decl":{"start":{"line":38,"column":2},"end":{"line":38,"column":3}},"loc":{"start":{"line":39,"column":2},"end":{"line":43,"column":4}},"line":39},"2":{"name":"(anonymous_2)","decl":{"start":{"line":50,"column":2},"end":{"line":50,"column":3}},"loc":{"start":{"line":51,"column":2},"end":{"line":55,"column":4}},"line":51}},"branchMap":{},"s":{"0":0,"1":0,"2":0,"3":0,"4":0,"5":0,"6":0,"7":0,"8":0,"9":0},"f":{"0":0,"1":0,"2":0},"b":{}}
,"/home/njau-wangari/Sethmed/seth-clinic-cms/app/components/ui/aspect-ratio.tsx": {"path":"/home/njau-wangari/Sethmed/seth-clinic-cms/app/components/ui/aspect-ratio.tsx","statementMap":{"0":{"start":{"line":5,"column":20},"end":{"line":5,"column":45}}},"fnMap":{},"branchMap":{},"s":{"0":0},"f":{},"b":{}}
,"/home/njau-wangari/Sethmed/seth-clinic-cms/app/components/ui/avatar.tsx": {"path":"/home/njau-wangari/Sethmed/seth-clinic-cms/app/components/ui/avatar.tsx","statementMap":{"0":{"start":{"line":8,"column":15},"end":{"line":20,"column":2}},"1":{"start":{"line":12,"column":2},"end":{"line":19,"column":4}},"2":{"start":{"line":21,"column":0},"end":{"line":21,"column":53}},"3":{"start":{"line":23,"column":20},"end":{"line":32,"column":2}},"4":{"start":{"line":27,"column":2},"end":{"line":31,"column":4}},"5":{"start":{"line":33,"column":0},"end":{"line":33,"column":59}},"6":{"start":{"line":35,"column":23},"end":{"line":47,"column":2}},"7":{"start":{"line":39,"column":2},"end":{"line":46,"column":4}},"8":{"start":{"line":48,"column":0},"end":{"line":48,"column":65}}},"fnMap":{"0":{"name":"(anonymous_0)","decl":{"start":{"line":11,"column":2},"end":{"line":11,"column":3}},"loc":{"start":{"line":12,"column":2},"end":{"line":19,"column":4}},"line":12},"1":{"name":"(anonymous_1)","decl":{"start":{"line":26,"column":2},"end":{"line":26,"column":3}},"loc":{"start":{"line":27,"column":2},"end":{"line":31,"column":4}},"line":27},"2":{"name":"(anonymous_2)","decl":{"start":{"line":38,"column":2},"end":{"line":38,"column":3}},"loc":{"start":{"line":39,"column":2},"end":{"line":46,"column":4}},"line":39}},"branchMap":{},"s":{"0":0,"1":0,"2":0,"3":0,"4":0,"5":0,"6":0,"7":0,"8":0},"f":{"0":0,"1":0,"2":0},"b":{}}
,"/home/njau-wangari/Sethmed/seth-clinic-cms/app/components/ui/badge.tsx": {"path":"/home/njau-wangari/Sethmed/seth-clinic-cms/app/components/ui/badge.tsx","statementMap":{"0":{"start":{"line":6,"column":22},"end":{"line":24,"column":1}},"1":{"start":{"line":31,"column":2},"end":{"line":33,"column":3}}},"fnMap":{"0":{"name":"Badge","decl":{"start":{"line":30,"column":9},"end":{"line":30,"column":14}},"loc":{"start":{"line":30,"column":61},"end":{"line":34,"column":1}},"line":30}},"branchMap":{},"s":{"0":0,"1":0},"f":{"0":0},"b":{}}
,"/home/njau-wangari/Sethmed/seth-clinic-cms/app/components/ui/breadcrumb.tsx": {"path":"/home/njau-wangari/Sethmed/seth-clinic-cms/app/components/ui/breadcrumb.tsx","statementMap":{"0":{"start":{"line":7,"column":19},"end":{"line":12,"column":78}},"1":{"start":{"line":12,"column":25},"end":{"line":12,"column":77}},"2":{"start":{"line":13,"column":0},"end":{"line":13,"column":37}},"3":{"start":{"line":15,"column":23},"end":{"line":27,"column":2}},"4":{"start":{"line":19,"column":2},"end":{"line":26,"column":4}},"5":{"start":{"line":28,"column":0},"end":{"line":28,"column":45}},"6":{"start":{"line":30,"column":23},"end":{"line":39,"column":2}},"7":{"start":{"line":34,"column":2},"end":{"line":38,"column":4}},"8":{"start":{"line":40,"column":0},"end":{"line":40,"column":45}},"9":{"start":{"line":42,"column":23},"end":{"line":57,"column":2}},"10":{"start":{"line":48,"column":15},"end":{"line":48,"column":35}},"11":{"start":{"line":50,"column":2},"end":{"line":56,"column":3}},"12":{"start":{"line":58,"column":0},"end":{"line":58,"column":45}},"13":{"start":{"line":60,"column":23},"end":{"line":72,"column":2}},"14":{"start":{"line":64,"column":2},"end":{"line":71,"column":4}},"15":{"start":{"line":73,"column":0},"end":{"line":73,"column":45}},"16":{"start":{"line":75,"column":28},"end":{"line":88,"column":1}},"17":{"start":{"line":80,"column":2},"end":{"line":87,"column":7}},"18":{"start":{"line":89,"column":0},"end":{"line":89,"column":55}},"19":{"start":{"line":91,"column":27},"end":{"line":104,"column":1}},"20":{"start":{"line":95,"column":2},"end":{"line":103,"column":9}},"21":{"start":{"line":105,"column":0},"end":{"line":105,"column":53}}},"fnMap":{"0":{"name":"(anonymous_0)","decl":{"start":{"line":12,"column":2},"end":{"line":12,"column":3}},"loc":{"start":{"line":12,"column":25},"end":{"line":12,"column":77}},"line":12},"1":{"name":"(anonymous_1)","decl":{"start":{"line":18,"column":2},"end":{"line":18,"column":3}},"loc":{"start":{"line":19,"column":2},"end":{"line":26,"column":4}},"line":19},"2":{"name":"(anonymous_2)","decl":{"start":{"line":33,"column":2},"end":{"line":33,"column":3}},"loc":{"start":{"line":34,"column":2},"end":{"line":38,"column":4}},"line":34},"3":{"name":"(anonymous_3)","decl":{"start":{"line":47,"column":2},"end":{"line":47,"column":3}},"loc":{"start":{"line":47,"column":45},"end":{"line":57,"column":1}},"line":47},"4":{"name":"(anonymous_4)","decl":{"start":{"line":63,"column":2},"end":{"line":63,"column":3}},"loc":{"start":{"line":64,"column":2},"end":{"line":71,"column":4}},"line":64},"5":{"name":"(anonymous_5)","decl":{"start":{"line":75,"column":28},"end":{"line":75,"column":29}},"loc":{"start":{"line":80,"column":2},"end":{"line":87,"column":7}},"line":80},"6":{"name":"(anonymous_6)","decl":{"start":{"line":91,"column":27},"end":{"line":91,"column":28}},"loc":{"start":{"line":95,"column":2},"end":{"line":103,"column":9}},"line":95}},"branchMap":{"0":{"loc":{"start":{"line":48,"column":15},"end":{"line":48,"column":35}},"type":"cond-expr","locations":[{"start":{"line":48,"column":25},"end":{"line":48,"column":29}},{"start":{"line":48,"column":32},"end":{"line":48,"column":35}}],"line":48},"1":{"loc":{"start":{"line":86,"column":5},"end":{"line":86,"column":33}},"type":"binary-expr","locations":[{"start":{"line":86,"column":5},"end":{"line":86,"column":13}},{"start":{"line":86,"column":17},"end":{"line":86,"column":33}}],"line":86}},"s":{"0":0,"1":0,"2":0,"3":0,"4":0,"5":0,"6":0,"7":0,"8":0,"9":0,"10":0,"11":0,"12":0,"13":0,"14":0,"15":0,"16":0,"17":0,"18":0,"19":0,"20":0,"21":0},"f":{"0":0,"1":0,"2":0,"3":0,"4":0,"5":0,"6":0},"b":{"0":[0,0],"1":[0,0]}}
,"/home/njau-wangari/Sethmed/seth-clinic-cms/app/components/ui/button.tsx": {"path":"/home/njau-wangari/Sethmed/seth-clinic-cms/app/components/ui/button.tsx","statementMap":{"0":{"start":{"line":7,"column":23},"end":{"line":34,"column":1}},"1":{"start":{"line":42,"column":15},"end":{"line":53,"column":1}},"2":{"start":{"line":44,"column":17},"end":{"line":44,"column":42}},"3":{"start":{"line":45,"column":4},"end":{"line":51,"column":5}},"4":{"start":{"line":54,"column":0},"end":{"line":54,"column":29}}},"fnMap":{"0":{"name":"(anonymous_0)","decl":{"start":{"line":43,"column":2},"end":{"line":43,"column":3}},"loc":{"start":{"line":43,"column":68},"end":{"line":52,"column":3}},"line":43}},"branchMap":{"0":{"loc":{"start":{"line":43,"column":31},"end":{"line":43,"column":46}},"type":"default-arg","locations":[{"start":{"line":43,"column":41},"end":{"line":43,"column":46}}],"line":43},"1":{"loc":{"start":{"line":44,"column":17},"end":{"line":44,"column":42}},"type":"cond-expr","locations":[{"start":{"line":44,"column":27},"end":{"line":44,"column":31}},{"start":{"line":44,"column":34},"end":{"line":44,"column":42}}],"line":44}},"s":{"0":0,"1":0,"2":0,"3":0,"4":0},"f":{"0":0},"b":{"0":[0],"1":[0,0]}}
,"/home/njau-wangari/Sethmed/seth-clinic-cms/app/components/ui/calendar.tsx": {"path":"/home/njau-wangari/Sethmed/seth-clinic-cms/app/components/ui/calendar.tsx","statementMap":{"0":{"start":{"line":26,"column":28},"end":{"line":26,"column":50}},"1":{"start":{"line":28,"column":2},"end":{"line":172,"column":3}},"2":{"start":{"line":40,"column":10},"end":{"line":40,"column":60}},"3":{"start":{"line":129,"column":10},"end":{"line":136,"column":11}},"4":{"start":{"line":139,"column":10},"end":{"line":143,"column":11}},"5":{"start":{"line":140,"column":12},"end":{"line":142,"column":13}},"6":{"start":{"line":145,"column":10},"end":{"line":152,"column":11}},"7":{"start":{"line":146,"column":12},"end":{"line":151,"column":13}},"8":{"start":{"line":154,"column":10},"end":{"line":156,"column":11}},"9":{"start":{"line":160,"column":10},"end":{"line":166,"column":11}},"10":{"start":{"line":181,"column":28},"end":{"line":181,"column":50}},"11":{"start":{"line":183,"column":14},"end":{"line":183,"column":51}},"12":{"start":{"line":184,"column":2},"end":{"line":186,"column":25}},"13":{"start":{"line":185,"column":4},"end":{"line":185,"column":47}},"14":{"start":{"line":185,"column":27},"end":{"line":185,"column":47}},"15":{"start":{"line":188,"column":2},"end":{"line":210,"column":3}}},"fnMap":{"0":{"name":"Calendar","decl":{"start":{"line":14,"column":9},"end":{"line":14,"column":17}},"loc":{"start":{"line":25,"column":3},"end":{"line":173,"column":1}},"line":25},"1":{"name":"(anonymous_1)","decl":{"start":{"line":39,"column":29},"end":{"line":39,"column":30}},"loc":{"start":{"line":40,"column":10},"end":{"line":40,"column":60}},"line":40},"2":{"name":"(anonymous_2)","decl":{"start":{"line":128,"column":14},"end":{"line":128,"column":15}},"loc":{"start":{"line":128,"column":52},"end":{"line":137,"column":9}},"line":128},"3":{"name":"(anonymous_3)","decl":{"start":{"line":138,"column":17},"end":{"line":138,"column":18}},"loc":{"start":{"line":138,"column":59},"end":{"line":157,"column":9}},"line":138},"4":{"name":"(anonymous_4)","decl":{"start":{"line":159,"column":20},"end":{"line":159,"column":21}},"loc":{"start":{"line":159,"column":48},"end":{"line":167,"column":9}},"line":159},"5":{"name":"CalendarDayButton","decl":{"start":{"line":175,"column":9},"end":{"line":175,"column":26}},"loc":{"start":{"line":180,"column":43},"end":{"line":211,"column":1}},"line":180},"6":{"name":"(anonymous_6)","decl":{"start":{"line":184,"column":18},"end":{"line":184,"column":19}},"loc":{"start":{"line":184,"column":24},"end":{"line":186,"column":3}},"line":184}},"branchMap":{"0":{"loc":{"start":{"line":17,"column":2},"end":{"line":17,"column":24}},"type":"default-arg","locations":[{"start":{"line":17,"column":20},"end":{"line":17,"column":24}}],"line":17},"1":{"loc":{"start":{"line":18,"column":2},"end":{"line":18,"column":25}},"type":"default-arg","locations":[{"start":{"line":18,"column":18},"end":{"line":18,"column":25}}],"line":18},"2":{"loc":{"start":{"line":19,"column":2},"end":{"line":19,"column":25}},"type":"default-arg","locations":[{"start":{"line":19,"column":18},"end":{"line":19,"column":25}}],"line":19},"3":{"loc":{"start":{"line":82,"column":10},"end":{"line":84,"column":119}},"type":"cond-expr","locations":[{"start":{"line":83,"column":14},"end":{"line":83,"column":23}},{"start":{"line":84,"column":14},"end":{"line":84,"column":119}}],"line":82},"4":{"loc":{"start":{"line":139,"column":10},"end":{"line":143,"column":11}},"type":"if","locations":[{"start":{"line":139,"column":10},"end":{"line":143,"column":11}},{"start":{},"end":{}}],"line":139},"5":{"loc":{"start":{"line":145,"column":10},"end":{"line":152,"column":11}},"type":"if","locations":[{"start":{"line":145,"column":10},"end":{"line":152,"column":11}},{"start":{},"end":{}}],"line":145},"6":{"loc":{"start":{"line":185,"column":4},"end":{"line":185,"column":47}},"type":"if","locations":[{"start":{"line":185,"column":4},"end":{"line":185,"column":47}},{"start":{},"end":{}}],"line":185},"7":{"loc":{"start":{"line":195,"column":8},"end":{"line":198,"column":31}},"type":"binary-expr","locations":[{"start":{"line":195,"column":8},"end":{"line":195,"column":26}},{"start":{"line":196,"column":8},"end":{"line":196,"column":30}},{"start":{"line":197,"column":8},"end":{"line":197,"column":28}},{"start":{"line":198,"column":8},"end":{"line":198,"column":31}}],"line":195}},"s":{"0":0,"1":0,"2":0,"3":0,"4":0,"5":0,"6":0,"7":0,"8":0,"9":0,"10":0,"11":0,"12":0,"13":0,"14":0,"15":0},"f":{"0":0,"1":0,"2":0,"3":0,"4":0,"5":0,"6":0},"b":{"0":[0],"1":[0],"2":[0],"3":[0,0],"4":[0,0],"5":[0,0],"6":[0,0],"7":[0,0,0,0]}}
,"/home/njau-wangari/Sethmed/seth-clinic-cms/app/components/ui/card.tsx": {"path":"/home/njau-wangari/Sethmed/seth-clinic-cms/app/components/ui/card.tsx","statementMap":{"0":{"start":{"line":5,"column":13},"end":{"line":17,"column":2}},"1":{"start":{"line":9,"column":2},"end":{"line":16,"column":4}},"2":{"start":{"line":18,"column":0},"end":{"line":18,"column":25}},"3":{"start":{"line":20,"column":19},"end":{"line":29,"column":2}},"4":{"start":{"line":24,"column":2},"end":{"line":28,"column":4}},"5":{"start":{"line":30,"column":0},"end":{"line":30,"column":37}},"6":{"start":{"line":32,"column":18},"end":{"line":44,"column":2}},"7":{"start":{"line":36,"column":2},"end":{"line":43,"column":4}},"8":{"start":{"line":45,"column":0},"end":{"line":45,"column":35}},"9":{"start":{"line":47,"column":24},"end":{"line":56,"column":2}},"10":{"start":{"line":51,"column":2},"end":{"line":55,"column":4}},"11":{"start":{"line":57,"column":0},"end":{"line":57,"column":47}},"12":{"start":{"line":59,"column":20},"end":{"line":64,"column":2}},"13":{"start":{"line":63,"column":2},"end":{"line":63,"column":68}},"14":{"start":{"line":65,"column":0},"end":{"line":65,"column":39}},"15":{"start":{"line":67,"column":19},"end":{"line":76,"column":2}},"16":{"start":{"line":71,"column":2},"end":{"line":75,"column":4}},"17":{"start":{"line":77,"column":0},"end":{"line":77,"column":37}}},"fnMap":{"0":{"name":"(anonymous_0)","decl":{"start":{"line":8,"column":2},"end":{"line":8,"column":3}},"loc":{"start":{"line":9,"column":2},"end":{"line":16,"column":4}},"line":9},"1":{"name":"(anonymous_1)","decl":{"start":{"line":23,"column":2},"end":{"line":23,"column":3}},"loc":{"start":{"line":24,"column":2},"end":{"line":28,"column":4}},"line":24},"2":{"name":"(anonymous_2)","decl":{"start":{"line":35,"column":2},"end":{"line":35,"column":3}},"loc":{"start":{"line":36,"column":2},"end":{"line":43,"column":4}},"line":36},"3":{"name":"(anonymous_3)","decl":{"start":{"line":50,"column":2},"end":{"line":50,"column":3}},"loc":{"start":{"line":51,"column":2},"end":{"line":55,"column":4}},"line":51},"4":{"name":"(anonymous_4)","decl":{"start":{"line":62,"column":2},"end":{"line":62,"column":3}},"loc":{"start":{"line":63,"column":2},"end":{"line":63,"column":68}},"line":63},"5":{"name":"(anonymous_5)","decl":{"start":{"line":70,"column":2},"end":{"line":70,"column":3}},"loc":{"start":{"line":71,"column":2},"end":{"line":75,"column":4}},"line":71}},"branchMap":{},"s":{"0":0,"1":0,"2":0,"3":0,"4":0,"5":0,"6":0,"7":0,"8":0,"9":0,"10":0,"11":0,"12":0,"13":0,"14":0,"15":0,"16":0,"17":0},"f":{"0":0,"1":0,"2":0,"3":0,"4":0,"5":0},"b":{}}
,"/home/njau-wangari/Sethmed/seth-clinic-cms/app/components/ui/carousel.tsx": {"path":"/home/njau-wangari/Sethmed/seth-clinic-cms/app/components/ui/carousel.tsx","statementMap":{"0":{"start":{"line":33,"column":24},"end":{"line":33,"column":78}},"1":{"start":{"line":36,"column":18},"end":{"line":36,"column":51}},"2":{"start":{"line":38,"column":2},"end":{"line":40,"column":3}},"3":{"start":{"line":39,"column":4},"end":{"line":39,"column":69}},"4":{"start":{"line":42,"column":2},"end":{"line":42,"column":16}},"5":{"start":{"line":45,"column":17},"end":{"line":150,"column":1}},"6":{"start":{"line":61,"column":31},"end":{"line":67,"column":5}},"7":{"start":{"line":68,"column":46},"end":{"line":68,"column":67}},"8":{"start":{"line":69,"column":46},"end":{"line":69,"column":67}},"9":{"start":{"line":71,"column":21},"end":{"line":78,"column":10}},"10":{"start":{"line":72,"column":6},"end":{"line":74,"column":7}},"11":{"start":{"line":73,"column":8},"end":{"line":73,"column":14}},"12":{"start":{"line":76,"column":6},"end":{"line":76,"column":43}},"13":{"start":{"line":77,"column":6},"end":{"line":77,"column":43}},"14":{"start":{"line":80,"column":23},"end":{"line":82,"column":13}},"15":{"start":{"line":81,"column":6},"end":{"line":81,"column":23}},"16":{"start":{"line":84,"column":23},"end":{"line":86,"column":13}},"17":{"start":{"line":85,"column":6},"end":{"line":85,"column":23}},"18":{"start":{"line":88,"column":26},"end":{"line":99,"column":5}},"19":{"start":{"line":90,"column":8},"end":{"line":96,"column":9}},"20":{"start":{"line":91,"column":10},"end":{"line":91,"column":32}},"21":{"start":{"line":92,"column":10},"end":{"line":92,"column":22}},"22":{"start":{"line":93,"column":15},"end":{"line":96,"column":9}},"23":{"start":{"line":94,"column":10},"end":{"line":94,"column":32}},"24":{"start":{"line":95,"column":10},"end":{"line":95,"column":22}},"25":{"start":{"line":101,"column":4},"end":{"line":107,"column":21}},"26":{"start":{"line":102,"column":6},"end":{"line":104,"column":7}},"27":{"start":{"line":103,"column":8},"end":{"line":103,"column":14}},"28":{"start":{"line":106,"column":6},"end":{"line":106,"column":17}},"29":{"start":{"line":109,"column":4},"end":{"line":121,"column":23}},"30":{"start":{"line":110,"column":6},"end":{"line":112,"column":7}},"31":{"start":{"line":111,"column":8},"end":{"line":111,"column":14}},"32":{"start":{"line":114,"column":6},"end":{"line":114,"column":19}},"33":{"start":{"line":115,"column":6},"end":{"line":115,"column":32}},"34":{"start":{"line":116,"column":6},"end":{"line":116,"column":32}},"35":{"start":{"line":118,"column":6},"end":{"line":120,"column":7}},"36":{"start":{"line":119,"column":8},"end":{"line":119,"column":36}},"37":{"start":{"line":123,"column":4},"end":{"line":148,"column":5}},"38":{"start":{"line":151,"column":0},"end":{"line":151,"column":33}},"39":{"start":{"line":153,"column":24},"end":{"line":172,"column":2}},"40":{"start":{"line":157,"column":39},"end":{"line":157,"column":52}},"41":{"start":{"line":159,"column":2},"end":{"line":171,"column":3}},"42":{"start":{"line":173,"column":0},"end":{"line":173,"column":47}},"43":{"start":{"line":175,"column":21},"end":{"line":194,"column":2}},"44":{"start":{"line":179,"column":26},"end":{"line":179,"column":39}},"45":{"start":{"line":181,"column":2},"end":{"line":193,"column":3}},"46":{"start":{"line":195,"column":0},"end":{"line":195,"column":41}},"47":{"start":{"line":197,"column":25},"end":{"line":223,"column":2}},"48":{"start":{"line":201,"column":53},"end":{"line":201,"column":66}},"49":{"start":{"line":203,"column":2},"end":{"line":222,"column":3}},"50":{"start":{"line":224,"column":0},"end":{"line":224,"column":49}},"51":{"start":{"line":226,"column":21},"end":{"line":252,"column":2}},"52":{"start":{"line":230,"column":53},"end":{"line":230,"column":66}},"53":{"start":{"line":232,"column":2},"end":{"line":251,"column":3}},"54":{"start":{"line":253,"column":0},"end":{"line":253,"column":41}}},"fnMap":{"0":{"name":"useCarousel","decl":{"start":{"line":35,"column":9},"end":{"line":35,"column":20}},"loc":{"start":{"line":35,"column":23},"end":{"line":43,"column":1}},"line":35},"1":{"name":"(anonymous_1)","decl":{"start":{"line":49,"column":2},"end":{"line":49,"column":3}},"loc":{"start":{"line":60,"column":7},"end":{"line":149,"column":3}},"line":60},"2":{"name":"(anonymous_2)","decl":{"start":{"line":71,"column":39},"end":{"line":71,"column":40}},"loc":{"start":{"line":71,"column":61},"end":{"line":78,"column":5}},"line":71},"3":{"name":"(anonymous_3)","decl":{"start":{"line":80,"column":41},"end":{"line":80,"column":42}},"loc":{"start":{"line":80,"column":47},"end":{"line":82,"column":5}},"line":80},"4":{"name":"(anonymous_4)","decl":{"start":{"line":84,"column":41},"end":{"line":84,"column":42}},"loc":{"start":{"line":84,"column":47},"end":{"line":86,"column":5}},"line":84},"5":{"name":"(anonymous_5)","decl":{"start":{"line":89,"column":6},"end":{"line":89,"column":7}},"loc":{"start":{"line":89,"column":54},"end":{"line":97,"column":7}},"line":89},"6":{"name":"(anonymous_6)","decl":{"start":{"line":101,"column":20},"end":{"line":101,"column":21}},"loc":{"start":{"line":101,"column":26},"end":{"line":107,"column":5}},"line":101},"7":{"name":"(anonymous_7)","decl":{"start":{"line":109,"column":20},"end":{"line":109,"column":21}},"loc":{"start":{"line":109,"column":26},"end":{"line":121,"column":5}},"line":109},"8":{"name":"(anonymous_8)","decl":{"start":{"line":118,"column":13},"end":{"line":118,"column":14}},"loc":{"start":{"line":118,"column":19},"end":{"line":120,"column":7}},"line":118},"9":{"name":"(anonymous_9)","decl":{"start":{"line":156,"column":2},"end":{"line":156,"column":3}},"loc":{"start":{"line":156,"column":36},"end":{"line":172,"column":1}},"line":156},"10":{"name":"(anonymous_10)","decl":{"start":{"line":178,"column":2},"end":{"line":178,"column":3}},"loc":{"start":{"line":178,"column":36},"end":{"line":194,"column":1}},"line":178},"11":{"name":"(anonymous_11)","decl":{"start":{"line":200,"column":2},"end":{"line":200,"column":3}},"loc":{"start":{"line":200,"column":72},"end":{"line":223,"column":1}},"line":200},"12":{"name":"(anonymous_12)","decl":{"start":{"line":229,"column":2},"end":{"line":229,"column":3}},"loc":{"start":{"line":229,"column":72},"end":{"line":252,"column":1}},"line":229}},"branchMap":{"0":{"loc":{"start":{"line":38,"column":2},"end":{"line":40,"column":3}},"type":"if","locations":[{"start":{"line":38,"column":2},"end":{"line":40,"column":3}},{"start":{},"end":{}}],"line":38},"1":{"loc":{"start":{"line":51,"column":6},"end":{"line":51,"column":32}},"type":"default-arg","locations":[{"start":{"line":51,"column":20},"end":{"line":51,"column":32}}],"line":51},"2":{"loc":{"start":{"line":64,"column":14},"end":{"line":64,"column":54}},"type":"cond-expr","locations":[{"start":{"line":64,"column":45},"end":{"line":64,"column":48}},{"start":{"line":64,"column":51},"end":{"line":64,"column":54}}],"line":64},"3":{"loc":{"start":{"line":72,"column":6},"end":{"line":74,"column":7}},"type":"if","locations":[{"start":{"line":72,"column":6},"end":{"line":74,"column":7}},{"start":{},"end":{}}],"line":72},"4":{"loc":{"start":{"line":90,"column":8},"end":{"line":96,"column":9}},"type":"if","locations":[{"start":{"line":90,"column":8},"end":{"line":96,"column":9}},{"start":{"line":93,"column":15},"end":{"line":96,"column":9}}],"line":90},"5":{"loc":{"start":{"line":93,"column":15},"end":{"line":96,"column":9}},"type":"if","locations":[{"start":{"line":93,"column":15},"end":{"line":96,"column":9}},{"start":{},"end":{}}],"line":93},"6":{"loc":{"start":{"line":102,"column":6},"end":{"line":104,"column":7}},"type":"if","locations":[{"start":{"line":102,"column":6},"end":{"line":104,"column":7}},{"start":{},"end":{}}],"line":102},"7":{"loc":{"start":{"line":102,"column":10},"end":{"line":102,"column":25}},"type":"binary-expr","locations":[{"start":{"line":102,"column":10},"end":{"line":102,"column":14}},{"start":{"line":102,"column":18},"end":{"line":102,"column":25}}],"line":102},"8":{"loc":{"start":{"line":110,"column":6},"end":{"line":112,"column":7}},"type":"if","locations":[{"start":{"line":110,"column":6},"end":{"line":112,"column":7}},{"start":{},"end":{}}],"line":110},"9":{"loc":{"start":{"line":130,"column":12},"end":{"line":130,"column":75}},"type":"binary-expr","locations":[{"start":{"line":130,"column":12},"end":{"line":130,"column":23}},{"start":{"line":130,"column":28},"end":{"line":130,"column":74}}],"line":130},"10":{"loc":{"start":{"line":130,"column":28},"end":{"line":130,"column":74}},"type":"cond-expr","locations":[{"start":{"line":130,"column":49},"end":{"line":130,"column":59}},{"start":{"line":130,"column":62},"end":{"line":130,"column":74}}],"line":130},"11":{"loc":{"start":{"line":165,"column":10},"end":{"line":165,"column":67}},"type":"cond-expr","locations":[{"start":{"line":165,"column":41},"end":{"line":165,"column":48}},{"start":{"line":165,"column":51},"end":{"line":165,"column":67}}],"line":165},"12":{"loc":{"start":{"line":188,"column":8},"end":{"line":188,"column":54}},"type":"cond-expr","locations":[{"start":{"line":188,"column":39},"end":{"line":188,"column":45}},{"start":{"line":188,"column":48},"end":{"line":188,"column":54}}],"line":188},"13":{"loc":{"start":{"line":200,"column":16},"end":{"line":200,"column":35}},"type":"default-arg","locations":[{"start":{"line":200,"column":26},"end":{"line":200,"column":35}}],"line":200},"14":{"loc":{"start":{"line":200,"column":37},"end":{"line":200,"column":50}},"type":"default-arg","locations":[{"start":{"line":200,"column":44},"end":{"line":200,"column":50}}],"line":200},"15":{"loc":{"start":{"line":210,"column":8},"end":{"line":212,"column":57}},"type":"cond-expr","locations":[{"start":{"line":211,"column":12},"end":{"line":211,"column":47}},{"start":{"line":212,"column":12},"end":{"line":212,"column":57}}],"line":210},"16":{"loc":{"start":{"line":229,"column":16},"end":{"line":229,"column":35}},"type":"default-arg","locations":[{"start":{"line":229,"column":26},"end":{"line":229,"column":35}}],"line":229},"17":{"loc":{"start":{"line":229,"column":37},"end":{"line":229,"column":50}},"type":"default-arg","locations":[{"start":{"line":229,"column":44},"end":{"line":229,"column":50}}],"line":229},"18":{"loc":{"start":{"line":239,"column":8},"end":{"line":241,"column":60}},"type":"cond-expr","locations":[{"start":{"line":240,"column":12},"end":{"line":240,"column":48}},{"start":{"line":241,"column":12},"end":{"line":241,"column":60}}],"line":239}},"s":{"0":0,"1":0,"2":0,"3":0,"4":0,"5":0,"6":0,"7":0,"8":0,"9":0,"10":0,"11":0,"12":0,"13":0,"14":0,"15":0,"16":0,"17":0,"18":0,"19":0,"20":0,"21":0,"22":0,"23":0,"24":0,"25":0,"26":0,"27":0,"28":0,"29":0,"30":0,"31":0,"32":0,"33":0,"34":0,"35":0,"36":0,"37":0,"38":0,"39":0,"40":0,"41":0,"42":0,"43":0,"44":0,"45":0,"46":0,"47":0,"48":0,"49":0,"50":0,"51":0,"52":0,"53":0,"54":0},"f":{"0":0,"1":0,"2":0,"3":0,"4":0,"5":0,"6":0,"7":0,"8":0,"9":0,"10":0,"11":0,"12":0},"b":{"0":[0,0],"1":[0],"2":[0,0],"3":[0,0],"4":[0,0],"5":[0,0],"6":[0,0],"7":[0,0],"8":[0,0],"9":[0,0],"10":[0,0],"11":[0,0],"12":[0,0],"13":[0],"14":[0],"15":[0,0],"16":[0],"17":[0],"18":[0,0]}}
,"/home/njau-wangari/Sethmed/seth-clinic-cms/app/components/ui/chart.tsx": {"path":"/home/njau-wangari/Sethmed/seth-clinic-cms/app/components/ui/chart.tsx","statementMap":{"0":{"start":{"line":9,"column":15},"end":{"line":9,"column":52}},"1":{"start":{"line":25,"column":21},"end":{"line":25,"column":72}},"2":{"start":{"line":28,"column":18},"end":{"line":28,"column":48}},"3":{"start":{"line":30,"column":2},"end":{"line":32,"column":3}},"4":{"start":{"line":31,"column":4},"end":{"line":31,"column":72}},"5":{"start":{"line":34,"column":2},"end":{"line":34,"column":16}},"6":{"start":{"line":37,"column":23},"end":{"line":67,"column":2}},"7":{"start":{"line":46,"column":19},"end":{"line":46,"column":32}},"8":{"start":{"line":47,"column":18},"end":{"line":47,"column":61}},"9":{"start":{"line":49,"column":2},"end":{"line":66,"column":3}},"10":{"start":{"line":68,"column":0},"end":{"line":68,"column":36}},"11":{"start":{"line":70,"column":19},"end":{"line":101,"column":1}},"12":{"start":{"line":71,"column":22},"end":{"line":73,"column":3}},"13":{"start":{"line":72,"column":21},"end":{"line":72,"column":49}},"14":{"start":{"line":75,"column":2},"end":{"line":77,"column":3}},"15":{"start":{"line":76,"column":4},"end":{"line":76,"column":15}},"16":{"start":{"line":79,"column":2},"end":{"line":100,"column":3}},"17":{"start":{"line":84,"column":33},"end":{"line":95,"column":1}},"18":{"start":{"line":89,"column":6},"end":{"line":90,"column":22}},"19":{"start":{"line":91,"column":4},"end":{"line":91,"column":55}},"20":{"start":{"line":103,"column":21},"end":{"line":103,"column":46}},"21":{"start":{"line":105,"column":28},"end":{"line":256,"column":1}},"22":{"start":{"line":134,"column":23},"end":{"line":134,"column":33}},"23":{"start":{"line":136,"column":25},"end":{"line":170,"column":6}},"24":{"start":{"line":137,"column":6},"end":{"line":139,"column":7}},"25":{"start":{"line":138,"column":8},"end":{"line":138,"column":19}},"26":{"start":{"line":141,"column":21},"end":{"line":141,"column":28}},"27":{"start":{"line":142,"column":18},"end":{"line":142,"column":71}},"28":{"start":{"line":143,"column":25},"end":{"line":143,"column":71}},"29":{"start":{"line":145,"column":8},"end":{"line":147,"column":29}},"30":{"start":{"line":149,"column":6},"end":{"line":155,"column":7}},"31":{"start":{"line":150,"column":8},"end":{"line":154,"column":9}},"32":{"start":{"line":157,"column":6},"end":{"line":159,"column":7}},"33":{"start":{"line":158,"column":8},"end":{"line":158,"column":19}},"34":{"start":{"line":161,"column":6},"end":{"line":161,"column":77}},"35":{"start":{"line":172,"column":4},"end":{"line":174,"column":5}},"36":{"start":{"line":173,"column":6},"end":{"line":173,"column":17}},"37":{"start":{"line":176,"column":22},"end":{"line":176,"column":65}},"38":{"start":{"line":178,"column":4},"end":{"line":254,"column":5}},"39":{"start":{"line":189,"column":24},"end":{"line":189,"column":76}},"40":{"start":{"line":190,"column":31},"end":{"line":190,"column":77}},"41":{"start":{"line":191,"column":35},"end":{"line":191,"column":75}},"42":{"start":{"line":193,"column":12},"end":{"line":250,"column":13}},"43":{"start":{"line":257,"column":0},"end":{"line":257,"column":48}},"44":{"start":{"line":259,"column":20},"end":{"line":259,"column":44}},"45":{"start":{"line":261,"column":27},"end":{"line":316,"column":1}},"46":{"start":{"line":273,"column":23},"end":{"line":273,"column":33}},"47":{"start":{"line":275,"column":4},"end":{"line":277,"column":5}},"48":{"start":{"line":276,"column":6},"end":{"line":276,"column":17}},"49":{"start":{"line":279,"column":4},"end":{"line":314,"column":5}},"50":{"start":{"line":289,"column":22},"end":{"line":289,"column":61}},"51":{"start":{"line":290,"column":29},"end":{"line":290,"column":75}},"52":{"start":{"line":292,"column":10},"end":{"line":311,"column":11}},"53":{"start":{"line":317,"column":0},"end":{"line":317,"column":46}},"54":{"start":{"line":325,"column":2},"end":{"line":327,"column":3}},"55":{"start":{"line":326,"column":4},"end":{"line":326,"column":20}},"56":{"start":{"line":330,"column":4},"end":{"line":334,"column":17}},"57":{"start":{"line":336,"column":31},"end":{"line":336,"column":34}},"58":{"start":{"line":338,"column":2},"end":{"line":351,"column":3}},"59":{"start":{"line":342,"column":4},"end":{"line":342,"column":67}},"60":{"start":{"line":343,"column":9},"end":{"line":351,"column":3}},"61":{"start":{"line":348,"column":4},"end":{"line":350,"column":15}},"62":{"start":{"line":353,"column":2},"end":{"line":355,"column":40}}},"fnMap":{"0":{"name":"useChart","decl":{"start":{"line":27,"column":9},"end":{"line":27,"column":17}},"loc":{"start":{"line":27,"column":20},"end":{"line":35,"column":1}},"line":27},"1":{"name":"(anonymous_1)","decl":{"start":{"line":45,"column":2},"end":{"line":45,"column":3}},"loc":{"start":{"line":45,"column":58},"end":{"line":67,"column":1}},"line":45},"2":{"name":"(anonymous_2)","decl":{"start":{"line":70,"column":19},"end":{"line":70,"column":20}},"loc":{"start":{"line":70,"column":76},"end":{"line":101,"column":1}},"line":70},"3":{"name":"(anonymous_3)","decl":{"start":{"line":72,"column":4},"end":{"line":72,"column":5}},"loc":{"start":{"line":72,"column":21},"end":{"line":72,"column":49}},"line":72},"4":{"name":"(anonymous_4)","decl":{"start":{"line":84,"column":12},"end":{"line":84,"column":13}},"loc":{"start":{"line":84,"column":33},"end":{"line":95,"column":1}},"line":84},"5":{"name":"(anonymous_5)","decl":{"start":{"line":87,"column":7},"end":{"line":87,"column":8}},"loc":{"start":{"line":87,"column":30},"end":{"line":92,"column":3}},"line":87},"6":{"name":"(anonymous_6)","decl":{"start":{"line":116,"column":2},"end":{"line":116,"column":3}},"loc":{"start":{"line":133,"column":7},"end":{"line":255,"column":3}},"line":133},"7":{"name":"(anonymous_7)","decl":{"start":{"line":136,"column":39},"end":{"line":136,"column":40}},"loc":{"start":{"line":136,"column":45},"end":{"line":162,"column":5}},"line":136},"8":{"name":"(anonymous_8)","decl":{"start":{"line":188,"column":23},"end":{"line":188,"column":24}},"loc":{"start":{"line":188,"column":40},"end":{"line":251,"column":11}},"line":188},"9":{"name":"(anonymous_9)","decl":{"start":{"line":269,"column":2},"end":{"line":269,"column":3}},"loc":{"start":{"line":272,"column":7},"end":{"line":315,"column":3}},"line":272},"10":{"name":"(anonymous_10)","decl":{"start":{"line":288,"column":21},"end":{"line":288,"column":22}},"loc":{"start":{"line":288,"column":31},"end":{"line":312,"column":9}},"line":288},"11":{"name":"getPayloadConfigFromPayload","decl":{"start":{"line":320,"column":9},"end":{"line":320,"column":36}},"loc":{"start":{"line":324,"column":2},"end":{"line":356,"column":1}},"line":324}},"branchMap":{"0":{"loc":{"start":{"line":30,"column":2},"end":{"line":32,"column":3}},"type":"if","locations":[{"start":{"line":30,"column":2},"end":{"line":32,"column":3}},{"start":{},"end":{}}],"line":30},"1":{"loc":{"start":{"line":47,"column":27},"end":{"line":47,"column":59}},"type":"binary-expr","locations":[{"start":{"line":47,"column":27},"end":{"line":47,"column":29}},{"start":{"line":47,"column":33},"end":{"line":47,"column":59}}],"line":47},"2":{"loc":{"start":{"line":72,"column":21},"end":{"line":72,"column":49}},"type":"binary-expr","locations":[{"start":{"line":72,"column":21},"end":{"line":72,"column":33}},{"start":{"line":72,"column":37},"end":{"line":72,"column":49}}],"line":72},"3":{"loc":{"start":{"line":75,"column":2},"end":{"line":77,"column":3}},"type":"if","locations":[{"start":{"line":75,"column":2},"end":{"line":77,"column":3}},{"start":{},"end":{}}],"line":75},"4":{"loc":{"start":{"line":89,"column":6},"end":{"line":90,"column":22}},"type":"binary-expr","locations":[{"start":{"line":89,"column":6},"end":{"line":89,"column":64}},{"start":{"line":90,"column":6},"end":{"line":90,"column":22}}],"line":89},"5":{"loc":{"start":{"line":91,"column":11},"end":{"line":91,"column":55}},"type":"cond-expr","locations":[{"start":{"line":91,"column":19},"end":{"line":91,"column":48}},{"start":{"line":91,"column":51},"end":{"line":91,"column":55}}],"line":91},"6":{"loc":{"start":{"line":121,"column":6},"end":{"line":121,"column":23}},"type":"default-arg","locations":[{"start":{"line":121,"column":18},"end":{"line":121,"column":23}}],"line":121},"7":{"loc":{"start":{"line":122,"column":6},"end":{"line":122,"column":23}},"type":"default-arg","locations":[{"start":{"line":122,"column":18},"end":{"line":122,"column":23}}],"line":122},"8":{"loc":{"start":{"line":123,"column":6},"end":{"line":123,"column":27}},"type":"default-arg","locations":[{"start":{"line":123,"column":22},"end":{"line":123,"column":27}}],"line":123},"9":{"loc":{"start":{"line":137,"column":6},"end":{"line":139,"column":7}},"type":"if","locations":[{"start":{"line":137,"column":6},"end":{"line":139,"column":7}},{"start":{},"end":{}}],"line":137},"10":{"loc":{"start":{"line":137,"column":10},"end":{"line":137,"column":39}},"type":"binary-expr","locations":[{"start":{"line":137,"column":10},"end":{"line":137,"column":19}},{"start":{"line":137,"column":23},"end":{"line":137,"column":39}}],"line":137},"11":{"loc":{"start":{"line":142,"column":21},"end":{"line":142,"column":69}},"type":"binary-expr","locations":[{"start":{"line":142,"column":21},"end":{"line":142,"column":29}},{"start":{"line":142,"column":33},"end":{"line":142,"column":45}},{"start":{"line":142,"column":49},"end":{"line":142,"column":58}},{"start":{"line":142,"column":62},"end":{"line":142,"column":69}}],"line":142},"12":{"loc":{"start":{"line":145,"column":8},"end":{"line":147,"column":29}},"type":"cond-expr","locations":[{"start":{"line":146,"column":12},"end":{"line":146,"column":64}},{"start":{"line":147,"column":12},"end":{"line":147,"column":29}}],"line":145},"13":{"loc":{"start":{"line":145,"column":8},"end":{"line":145,"column":46}},"type":"binary-expr","locations":[{"start":{"line":145,"column":8},"end":{"line":145,"column":17}},{"start":{"line":145,"column":21},"end":{"line":145,"column":46}}],"line":145},"14":{"loc":{"start":{"line":146,"column":12},"end":{"line":146,"column":64}},"type":"binary-expr","locations":[{"start":{"line":146,"column":12},"end":{"line":146,"column":55}},{"start":{"line":146,"column":59},"end":{"line":146,"column":64}}],"line":146},"15":{"loc":{"start":{"line":149,"column":6},"end":{"line":155,"column":7}},"type":"if","locations":[{"start":{"line":149,"column":6},"end":{"line":155,"column":7}},{"start":{},"end":{}}],"line":149},"16":{"loc":{"start":{"line":157,"column":6},"end":{"line":159,"column":7}},"type":"if","locations":[{"start":{"line":157,"column":6},"end":{"line":159,"column":7}},{"start":{},"end":{}}],"line":157},"17":{"loc":{"start":{"line":172,"column":4},"end":{"line":174,"column":5}},"type":"if","locations":[{"start":{"line":172,"column":4},"end":{"line":174,"column":5}},{"start":{},"end":{}}],"line":172},"18":{"loc":{"start":{"line":172,"column":8},"end":{"line":172,"column":35}},"type":"binary-expr","locations":[{"start":{"line":172,"column":8},"end":{"line":172,"column":15}},{"start":{"line":172,"column":19},"end":{"line":172,"column":35}}],"line":172},"19":{"loc":{"start":{"line":176,"column":22},"end":{"line":176,"column":65}},"type":"binary-expr","locations":[{"start":{"line":176,"column":22},"end":{"line":176,"column":42}},{"start":{"line":176,"column":46},"end":{"line":176,"column":65}}],"line":176},"20":{"loc":{"start":{"line":186,"column":9},"end":{"line":186,"column":41}},"type":"cond-expr","locations":[{"start":{"line":186,"column":22},"end":{"line":186,"column":34}},{"start":{"line":186,"column":37},"end":{"line":186,"column":41}}],"line":186},"21":{"loc":{"start":{"line":189,"column":27},"end":{"line":189,"column":74}},"type":"binary-expr","locations":[{"start":{"line":189,"column":27},"end":{"line":189,"column":34}},{"start":{"line":189,"column":38},"end":{"line":189,"column":47}},{"start":{"line":189,"column":51},"end":{"line":189,"column":63}},{"start":{"line":189,"column":67},"end":{"line":189,"column":74}}],"line":189},"22":{"loc":{"start":{"line":191,"column":35},"end":{"line":191,"column":75}},"type":"binary-expr","locations":[{"start":{"line":191,"column":35},"end":{"line":191,"column":40}},{"start":{"line":191,"column":44},"end":{"line":191,"column":61}},{"start":{"line":191,"column":65},"end":{"line":191,"column":75}}],"line":191},"23":{"loc":{"start":{"line":198,"column":18},"end":{"line":198,"column":55}},"type":"binary-expr","locations":[{"start":{"line":198,"column":18},"end":{"line":198,"column":37}},{"start":{"line":198,"column":41},"end":{"line":198,"column":55}}],"line":198},"24":{"loc":{"start":{"line":201,"column":17},"end":{"line":248,"column":17}},"type":"cond-expr","locations":[{"start":{"line":202,"column":18},"end":{"line":202,"column":77}},{"start":{"line":204,"column":18},"end":{"line":247,"column":21}}],"line":201},"25":{"loc":{"start":{"line":201,"column":17},"end":{"line":201,"column":68}},"type":"binary-expr","locations":[{"start":{"line":201,"column":17},"end":{"line":201,"column":26}},{"start":{"line":201,"column":30},"end":{"line":201,"column":55}},{"start":{"line":201,"column":59},"end":{"line":201,"column":68}}],"line":201},"26":{"loc":{"start":{"line":205,"column":21},"end":{"line":228,"column":21}},"type":"cond-expr","locations":[{"start":{"line":206,"column":22},"end":{"line":206,"column":41}},{"start":{"line":208,"column":22},"end":{"line":227,"column":23}}],"line":205},"27":{"loc":{"start":{"line":208,"column":22},"end":{"line":227,"column":23}},"type":"binary-expr","locations":[{"start":{"line":208,"column":22},"end":{"line":208,"column":36}},{"start":{"line":209,"column":24},"end":{"line":226,"column":26}}],"line":208},"28":{"loc":{"start":{"line":217,"column":40},"end":{"line":217,"column":75}},"type":"binary-expr","locations":[{"start":{"line":217,"column":40},"end":{"line":217,"column":49}},{"start":{"line":217,"column":53},"end":{"line":217,"column":75}}],"line":217},"29":{"loc":{"start":{"line":232,"column":24},"end":{"line":232,"column":64}},"type":"cond-expr","locations":[{"start":{"line":232,"column":36},"end":{"line":232,"column":47}},{"start":{"line":232,"column":50},"end":{"line":232,"column":64}}],"line":232},"30":{"loc":{"start":{"line":236,"column":25},"end":{"line":236,"column":56}},"type":"cond-expr","locations":[{"start":{"line":236,"column":37},"end":{"line":236,"column":49}},{"start":{"line":236,"column":52},"end":{"line":236,"column":56}}],"line":236},"31":{"loc":{"start":{"line":238,"column":27},"end":{"line":238,"column":57}},"type":"binary-expr","locations":[{"start":{"line":238,"column":27},"end":{"line":238,"column":44}},{"start":{"line":238,"column":48},"end":{"line":238,"column":57}}],"line":238},"32":{"loc":{"start":{"line":241,"column":23},"end":{"line":245,"column":23}},"type":"binary-expr","locations":[{"start":{"line":241,"column":23},"end":{"line":241,"column":33}},{"start":{"line":242,"column":24},"end":{"line":244,"column":31}}],"line":241},"33":{"loc":{"start":{"line":270,"column":17},"end":{"line":270,"column":33}},"type":"default-arg","locations":[{"start":{"line":270,"column":28},"end":{"line":270,"column":33}}],"line":270},"34":{"loc":{"start":{"line":270,"column":44},"end":{"line":270,"column":68}},"type":"default-arg","locations":[{"start":{"line":270,"column":60},"end":{"line":270,"column":68}}],"line":270},"35":{"loc":{"start":{"line":275,"column":4},"end":{"line":277,"column":5}}
[...]
,"/home/njau-wangari/Sethmed/seth-clinic-cms/components/ui/use-mobile.tsx": {"path":"/home/njau-wangari/Sethmed/seth-clinic-cms/components/ui/use-mobile.tsx","statementMap":{"0":{"start":{"line":3,"column":26},"end":{"line":3,"column":29}},"1":{"start":{"line":6,"column":34},"end":{"line":6,"column":80}},"2":{"start":{"line":8,"column":2},"end":{"line":16,"column":8}},"3":{"start":{"line":9,"column":16},"end":{"line":9,"column":76}},"4":{"start":{"line":10,"column":21},"end":{"line":12,"column":5}},"5":{"start":{"line":11,"column":6},"end":{"line":11,"column":56}},"6":{"start":{"line":13,"column":4},"end":{"line":13,"column":44}},"7":{"start":{"line":14,"column":4},"end":{"line":14,"column":54}},"8":{"start":{"line":15,"column":4},"end":{"line":15,"column":60}},"9":{"start":{"line":15,"column":17},"end":{"line":15,"column":60}},"10":{"start":{"line":18,"column":2},"end":{"line":18,"column":19}}},"fnMap":{"0":{"name":"useIsMobile","decl":{"start":{"line":5,"column":16},"end":{"line":5,"column":27}},"loc":{"start":{"line":5,"column":30},"end":{"line":19,"column":1}},"line":5},"1":{"name":"(anonymous_1)","decl":{"start":{"line":8,"column":18},"end":{"line":8,"column":19}},"loc":{"start":{"line":8,"column":24},"end":{"line":16,"column":3}},"line":8},"2":{"name":"(anonymous_2)","decl":{"start":{"line":10,"column":21},"end":{"line":10,"column":22}},"loc":{"start":{"line":10,"column":27},"end":{"line":12,"column":5}},"line":10},"3":{"name":"(anonymous_3)","decl":{"start":{"line":15,"column":11},"end":{"line":15,"column":12}},"loc":{"start":{"line":15,"column":17},"end":{"line":15,"column":60}},"line":15}},"branchMap":{},"s":{"0":0,"1":0,"2":0,"3":0,"4":0,"5":0,"6":0,"7":0,"8":0,"9":0,"10":0},"f":{"0":0,"1":0,"2":0,"3":0},"b":{}}
,"/home/njau-wangari/Sethmed/seth-clinic-cms/components/ui/use-toast.ts": {"path":"/home/njau-wangari/Sethmed/seth-clinic-cms/components/ui/use-toast.ts","statementMap":{"0":{"start":{"line":11,"column":20},"end":{"line":11,"column":21}},"1":{"start":{"line":12,"column":27},"end":{"line":12,"column":34}},"2":{"start":{"line":21,"column":20},"end":{"line":26,"column":10}},"3":{"start":{"line":28,"column":12},"end":{"line":28,"column":13}},"4":{"start":{"line":31,"column":2},"end":{"line":31,"column":47}},"5":{"start":{"line":32,"column":2},"end":{"line":32,"column":25}},"6":{"start":{"line":59,"column":22},"end":{"line":59,"column":70}},"7":{"start":{"line":61,"column":25},"end":{"line":75,"column":1}},"8":{"start":{"line":62,"column":2},"end":{"line":64,"column":3}},"9":{"start":{"line":63,"column":4},"end":{"line":63,"column":10}},"10":{"start":{"line":66,"column":18},"end":{"line":72,"column":24}},"11":{"start":{"line":67,"column":4},"end":{"line":67,"column":33}},"12":{"start":{"line":68,"column":4},"end":{"line":71,"column":6}},"13":{"start":{"line":74,"column":2},"end":{"line":74,"column":37}},"14":{"start":{"line":77,"column":23},"end":{"line":130,"column":1}},"15":{"start":{"line":78,"column":2},"end":{"line":129,"column":3}},"16":{"start":{"line":80,"column":6},"end":{"line":83,"column":7}},"17":{"start":{"line":86,"column":6},"end":{"line":91,"column":7}},"18":{"start":{"line":89,"column":10},"end":{"line":89,"column":66}},"19":{"start":{"line":94,"column":26},"end":{"line":94,"column":32}},"20":{"start":{"line":98,"column":6},"end":{"line":104,"column":7}},"21":{"start":{"line":99,"column":8},"end":{"line":99,"column":33}},"22":{"start":{"line":101,"column":8},"end":{"line":103,"column":10}},"23":{"start":{"line":102,"column":10},"end":{"line":102,"column":36}},"24":{"start":{"line":106,"column":6},"end":{"line":116,"column":7}},"25":{"start":{"line":109,"column":10},"end":{"line":114,"column":15}},"26":{"start":{"line":119,"column":6},"end":{"line":124,"column":7}},"27":{"start":{"line":120,"column":8},"end":{"line":123,"column":9}},"28":{"start":{"line":125,"column":6},"end":{"line":128,"column":7}},"29":{"start":{"line":127,"column":43},"end":{"line":127,"column":66}},"30":{"start":{"line":132,"column":49},"end":{"line":132,"column":51}},"31":{"start":{"line":134,"column":25},"end":{"line":134,"column":39}},"32":{"start":{"line":137,"column":2},"end":{"line":137,"column":44}},"33":{"start":{"line":138,"column":2},"end":{"line":140,"column":4}},"34":{"start":{"line":139,"column":4},"end":{"line":139,"column":25}},"35":{"start":{"line":146,"column":13},"end":{"line":146,"column":20}},"36":{"start":{"line":148,"column":17},"end":{"line":152,"column":6}},"37":{"start":{"line":149,"column":4},"end":{"line":152,"column":6}},"38":{"start":{"line":153,"column":18},"end":{"line":153,"column":72}},"39":{"start":{"line":153,"column":24},"end":{"line":153,"column":72}},"40":{"start":{"line":155,"column":2},"end":{"line":165,"column":4}},"41":{"start":{"line":162,"column":8},"end":{"line":162,"column":28}},"42":{"start":{"line":162,"column":19},"end":{"line":162,"column":28}},"43":{"start":{"line":167,"column":2},"end":{"line":171,"column":3}},"44":{"start":{"line":175,"column":28},"end":{"line":175,"column":62}},"45":{"start":{"line":177,"column":2},"end":{"line":185,"column":13}},"46":{"start":{"line":178,"column":4},"end":{"line":178,"column":28}},"47":{"start":{"line":179,"column":4},"end":{"line":184,"column":5}},"48":{"start":{"line":180,"column":20},"end":{"line":180,"column":47}},"49":{"start":{"line":181,"column":6},"end":{"line":183,"column":7}},"50":{"start":{"line":182,"column":8},"end":{"line":182,"column":34}},"51":{"start":{"line":187,"column":2},"end":{"line":191,"column":3}},"52":{"start":{"line":190,"column":35},"end":{"line":190,"column":79}}},"fnMap":{"0":{"name":"genId","decl":{"start":{"line":30,"column":9},"end":{"line":30,"column":14}},"loc":{"start":{"line":30,"column":17},"end":{"line":33,"column":1}},"line":30},"1":{"name":"(anonymous_1)","decl":{"start":{"line":61,"column":25},"end":{"line":61,"column":26}},"loc":{"start":{"line":61,"column":46},"end":{"line":75,"column":1}},"line":61},"2":{"name":"(anonymous_2)","decl":{"start":{"line":66,"column":29},"end":{"line":66,"column":30}},"loc":{"start":{"line":66,"column":35},"end":{"line":72,"column":3}},"line":66},"3":{"name":"(anonymous_3)","decl":{"start":{"line":77,"column":23},"end":{"line":77,"column":24}},"loc":{"start":{"line":77,"column":64},"end":{"line":130,"column":1}},"line":77},"4":{"name":"(anonymous_4)","decl":{"start":{"line":88,"column":33},"end":{"line":88,"column":34}},"loc":{"start":{"line":89,"column":10},"end":{"line":89,"column":66}},"line":89},"5":{"name":"(anonymous_5)","decl":{"start":{"line":101,"column":29},"end":{"line":101,"column":30}},"loc":{"start":{"line":101,"column":40},"end":{"line":103,"column":9}},"line":101},"6":{"name":"(anonymous_6)","decl":{"start":{"line":108,"column":33},"end":{"line":108,"column":34}},"loc":{"start":{"line":109,"column":10},"end":{"line":114,"column":15}},"line":109},"7":{"name":"(anonymous_7)","decl":{"start":{"line":127,"column":36},"end":{"line":127,"column":37}},"loc":{"start":{"line":127,"column":43},"end":{"line":127,"column":66}},"line":127},"8":{"name":"dispatch","decl":{"start":{"line":136,"column":9},"end":{"line":136,"column":17}},"loc":{"start":{"line":136,"column":34},"end":{"line":141,"column":1}},"line":136},"9":{"name":"(anonymous_9)","decl":{"start":{"line":138,"column":20},"end":{"line":138,"column":21}},"loc":{"start":{"line":138,"column":34},"end":{"line":140,"column":3}},"line":138},"10":{"name":"toast","decl":{"start":{"line":145,"column":9},"end":{"line":145,"column":14}},"loc":{"start":{"line":145,"column":36},"end":{"line":172,"column":1}},"line":145},"11":{"name":"(anonymous_11)","decl":{"start":{"line":148,"column":17},"end":{"line":148,"column":18}},"loc":{"start":{"line":149,"column":4},"end":{"line":152,"column":6}},"line":149},"12":{"name":"(anonymous_12)","decl":{"start":{"line":153,"column":18},"end":{"line":153,"column":19}},"loc":{"start":{"line":153,"column":24},"end":{"line":153,"column":72}},"line":153},"13":{"name":"(anonymous_13)","decl":{"start":{"line":161,"column":20},"end":{"line":161,"column":21}},"loc":{"start":{"line":161,"column":30},"end":{"line":163,"column":7}},"line":161},"14":{"name":"useToast","decl":{"start":{"line":174,"column":9},"end":{"line":174,"column":17}},"loc":{"start":{"line":174,"column":20},"end":{"line":192,"column":1}},"line":174},"15":{"name":"(anonymous_15)","decl":{"start":{"line":177,"column":18},"end":{"line":177,"column":19}},"loc":{"start":{"line":177,"column":24},"end":{"line":185,"column":3}},"line":177},"16":{"name":"(anonymous_16)","decl":{"start":{"line":179,"column":11},"end":{"line":179,"column":12}},"loc":{"start":{"line":179,"column":17},"end":{"line":184,"column":5}},"line":179},"17":{"name":"(anonymous_17)","decl":{"start":{"line":190,"column":13},"end":{"line":190,"column":14}},"loc":{"start":{"line":190,"column":35},"end":{"line":190,"column":79}},"line":190}},"branchMap":{"0":{"loc":{"start":{"line":62,"column":2},"end":{"line":64,"column":3}},"type":"if","locations":[{"start":{"line":62,"column":2},"end":{"line":64,"column":3}},{"start":{},"end":{}}],"line":62},"1":{"loc":{"start":{"line":78,"column":2},"end":{"line":129,"column":3}},"type":"switch","locations":[{"start":{"line":79,"column":4},"end":{"line":83,"column":7}},{"start":{"line":85,"column":4},"end":{"line":91,"column":7}},{"start":{"line":93,"column":4},"end":{"line":117,"column":5}},{"start":{"line":118,"column":4},"end":{"line":128,"column":7}}],"line":78},"2":{"loc":{"start":{"line":89,"column":10},"end":{"line":89,"column":66}},"type":"cond-expr","locations":[{"start":{"line":89,"column":37},"end":{"line":89,"column":62}},{"start":{"line":89,"column":65},"end":{"line":89,"column":66}}],"line":89},"3":{"loc":{"start":{"line":98,"column":6},"end":{"line":104,"column":7}},"type":"if","locations":[{"start":{"line":98,"column":6},"end":{"line":104,"column":7}},{"start":{"line":100,"column":13},"end":{"line":104,"column":7}}],"line":98},"4":{"loc":{"start":{"line":109,"column":10},"end":{"line":114,"column":15}},"type":"cond-expr","locations":[{"start":{"line":110,"column":14},"end":{"line":113,"column":15}},{"start":{"line":114,"column":14},"end":{"line":114,"column":15}}],"line":109},"5":{"loc":{"start":{"line":109,"column":10},"end":{"line":109,"column":51}},"type":"binary-expr","locations":[{"start":{"line":109,"column":10},"end":{"line":109,"column":26}},{"start":{"line":109,"column":30},"end":{"line":109,"column":51}}],"line":109},"6":{"loc":{"start":{"line":119,"column":6},"end":{"line":124,"column":7}},"type":"if","locations":[{"start":{"line":119,"column":6},"end":{"line":124,"column":7}},{"start":{},"end":{}}],"line":119},"7":{"loc":{"start":{"line":162,"column":8},"end":{"line":162,"column":28}},"type":"if","locations":[{"start":{"line":162,"column":8},"end":{"line":162,"column":28}},{"start":{},"end":{}}],"line":162},"8":{"loc":{"start":{"line":181,"column":6},"end":{"line":183,"column":7}},"type":"if","locations":[{"start":{"line":181,"column":6},"end":{"line":183,"column":7}},{"start":{},"end":{}}],"line":181}},"s":{"0":0,"1":0,"2":0,"3":0,"4":0,"5":0,"6":0,"7":0,"8":0,"9":0,"10":0,"11":0,"12":0,"13":0,"14":0,"15":0,"16":0,"17":0,"18":0,"19":0,"20":0,"21":0,"22":0,"23":0,"24":0,"25":0,"26":0,"27":0,"28":0,"29":0,"30":0,"31":0,"32":0,"33":0,"34":0,"35":0,"36":0,"37":0,"38":0,"39":0,"40":0,"41":0,"42":0,"43":0,"44":0,"45":0,"46":0,"47":0,"48":0,"49":0,"50":0,"51":0,"52":0},"f":{"0":0,"1":0,"2":0,"3":0,"4":0,"5":0,"6":0,"7":0,"8":0,"9":0,"10":0,"11":0,"12":0,"13":0,"14":0,"15":0,"16":0,"17":0},"b":{"0":[0,0],"1":[0,0,0,0],"2":[0,0],"3":[0,0],"4":[0,0],"5":[0,0],"6":[0,0],"7":[0,0],"8":[0,0]}}
,"/home/njau-wangari/Sethmed/seth-clinic-cms/lib/auth.ts": {"path":"/home/njau-wangari/Sethmed/seth-clinic-cms/lib/auth.ts","statementMap":{"0":{"start":{"line":27,"column":21},"end":{"line":27,"column":83}},"1":{"start":{"line":29,"column":28},"end":{"line":138,"column":1}},"2":{"start":{"line":31,"column":19},"end":{"line":127,"column":5}},"3":{"start":{"line":39,"column":8},"end":{"line":39,"column":32}},"4":{"start":{"line":40,"column":8},"end":{"line":61,"column":9}},"5":{"start":{"line":41,"column":27},"end":{"line":44,"column":12}},"6":{"start":{"line":46,"column":10},"end":{"line":57,"column":11}},"7":{"start":{"line":47,"column":56},"end":{"line":47,"column":74}},"8":{"start":{"line":48,"column":12},"end":{"line":54,"column":14}},"9":{"start":{"line":56,"column":12},"end":{"line":56,"column":68}},"10":{"start":{"line":59,"column":10},"end":{"line":59,"column":35}},"11":{"start":{"line":60,"column":10},"end":{"line":60,"column":74}},"12":{"start":{"line":65,"column":32},"end":{"line":65,"column":37}},"13":{"start":{"line":66,"column":8},"end":{"line":87,"column":9}},"14":{"start":{"line":67,"column":10},"end":{"line":77,"column":11}},"15":{"start":{"line":68,"column":12},"end":{"line":76,"column":13}},"16":{"start":{"line":79,"column":10},"end":{"line":79,"column":47}},"17":{"start":{"line":81,"column":10},"end":{"line":86,"column":12}},"18":{"start":{"line":91,"column":33},"end":{"line":91,"column":38}},"19":{"start":{"line":92,"column":8},"end":{"line":92,"column":39}},"20":{"start":{"line":92,"column":27},"end":{"line":92,"column":39}},"21":{"start":{"line":94,"column":8},"end":{"line":116,"column":9}},"22":{"start":{"line":95,"column":27},"end":{"line":97,"column":12}},"23":{"start":{"line":99,"column":10},"end":{"line":106,"column":11}},"24":{"start":{"line":100,"column":83},"end":{"line":100,"column":101}},"25":{"start":{"line":101,"column":12},"end":{"line":104,"column":14}},"26":{"start":{"line":105,"column":12},"end":{"line":105,"column":23}},"27":{"start":{"line":108,"column":10},"end":{"line":108,"column":55}},"28":{"start":{"line":110,"column":10},"end":{"line":115,"column":12}},"29":{"start":{"line":117,"column":8},"end":{"line":117,"column":20}},"30":{"start":{"line":121,"column":8},"end":{"line":121,"column":46}},"31":{"start":{"line":125,"column":8},"end":{"line":125,"column":42}},"32":{"start":{"line":130,"column":30},"end":{"line":135,"column":7}},"33":{"start":{"line":141,"column":0},"end":{"line":161,"column":1}},"34":{"start":{"line":142,"column":16},"end":{"line":142,"column":24}},"35":{"start":{"line":144,"column":28},"end":{"line":144,"column":40}},"36":{"start":{"line":146,"column":4},"end":{"line":157,"column":5}},"37":{"start":{"line":147,"column":6},"end":{"line":147,"column":35}},"38":{"start":{"line":149,"column":50},"end":{"line":149,"column":73}},"39":{"start":{"line":150,"column":22},"end":{"line":150,"column":48}},"40":{"start":{"line":152,"column":6},"end":{"line":156,"column":7}},"41":{"start":{"line":153,"column":31},"end":{"line":153,"column":66}},"42":{"start":{"line":154,"column":8},"end":{"line":154,"column":74}},"43":{"start":{"line":155,"column":8},"end":{"line":155,"column":37}},"44":{"start":{"line":159,"column":4},"end":{"line":159,"column":32}}},"fnMap":{"0":{"name":"(anonymous_0)","decl":{"start":{"line":31,"column":4},"end":{"line":31,"column":5}},"loc":{"start":{"line":31,"column":19},"end":{"line":127,"column":5}},"line":31},"1":{"name":"(anonymous_1)","decl":{"start":{"line":38,"column":13},"end":{"line":38,"column":14}},"loc":{"start":{"line":38,"column":59},"end":{"line":62,"column":7}},"line":38},"2":{"name":"(anonymous_2)","decl":{"start":{"line":64,"column":14},"end":{"line":64,"column":15}},"loc":{"start":{"line":64,"column":26},"end":{"line":88,"column":7}},"line":64},"3":{"name":"(anonymous_3)","decl":{"start":{"line":90,"column":26},"end":{"line":90,"column":27}},"loc":{"start":{"line":90,"column":38},"end":{"line":118,"column":7}},"line":90},"4":{"name":"(anonymous_4)","decl":{"start":{"line":120,"column":15},"end":{"line":120,"column":16}},"loc":{"start":{"line":120,"column":42},"end":{"line":122,"column":7}},"line":120},"5":{"name":"(anonymous_5)","decl":{"start":{"line":124,"column":17},"end":{"line":124,"column":18}},"loc":{"start":{"line":124,"column":64},"end":{"line":126,"column":7}},"line":124},"6":{"name":"(anonymous_6)","decl":{"start":{"line":130,"column":18},"end":{"line":130,"column":19}},"loc":{"start":{"line":130,"column":30},"end":{"line":135,"column":7}},"line":130},"7":{"name":"(anonymous_7)","decl":{"start":{"line":142,"column":2},"end":{"line":142,"column":3}},"loc":{"start":{"line":142,"column":16},"end":{"line":142,"column":24}},"line":142},"8":{"name":"(anonymous_8)","decl":{"start":{"line":143,"column":2},"end":{"line":143,"column":3}},"loc":{"start":{"line":143,"column":19},"end":{"line":160,"column":3}},"line":143}},"branchMap":{"0":{"loc":{"start":{"line":27,"column":21},"end":{"line":27,"column":83}},"type":"binary-expr","locations":[{"start":{"line":27,"column":21},"end":{"line":27,"column":52}},{"start":{"line":27,"column":56},"end":{"line":27,"column":83}}],"line":27},"1":{"loc":{"start":{"line":46,"column":10},"end":{"line":57,"column":11}},"type":"if","locations":[{"start":{"line":46,"column":10},"end":{"line":57,"column":11}},{"start":{"line":55,"column":17},"end":{"line":57,"column":11}}],"line":46},"2":{"loc":{"start":{"line":56,"column":28},"end":{"line":56,"column":67}},"type":"binary-expr","locations":[{"start":{"line":56,"column":28},"end":{"line":56,"column":49}},{"start":{"line":56,"column":53},"end":{"line":56,"column":67}}],"line":56},"3":{"loc":{"start":{"line":60,"column":26},"end":{"line":60,"column":73}},"type":"binary-expr","locations":[{"start":{"line":60,"column":26},"end":{"line":60,"column":55}},{"start":{"line":60,"column":59},"end":{"line":60,"column":73}}],"line":60},"4":{"loc":{"start":{"line":67,"column":10},"end":{"line":77,"column":11}},"type":"if","locations":[{"start":{"line":67,"column":10},"end":{"line":77,"column":11}},{"start":{},"end":{}}],"line":67},"5":{"loc":{"start":{"line":92,"column":8},"end":{"line":92,"column":39}},"type":"if","locations":[{"start":{"line":92,"column":8},"end":{"line":92,"column":39}},{"start":{},"end":{}}],"line":92},"6":{"loc":{"start":{"line":99,"column":10},"end":{"line":106,"column":11}},"type":"if","locations":[{"start":{"line":99,"column":10},"end":{"line":106,"column":11}},{"start":{},"end":{}}],"line":99},"7":{"loc":{"start":{"line":146,"column":4},"end":{"line":157,"column":5}},"type":"if","locations":[{"start":{"line":146,"column":4},"end":{"line":157,"column":5}},{"start":{},"end":{}}],"line":146},"8":{"loc":{"start":{"line":146,"column":8},"end":{"line":146,"column":65}},"type":"binary-expr","locations":[{"start":{"line":146,"column":8},"end":{"line":146,"column":38}},{"start":{"line":146,"column":42},"end":{"line":146,"column":65}}],"line":146},"9":{"loc":{"start":{"line":152,"column":6},"end":{"line":156,"column":7}},"type":"if","locations":[{"start":{"line":152,"column":6},"end":{"line":156,"column":7}},{"start":{},"end":{}}],"line":152}},"s":{"0":0,"1":0,"2":0,"3":0,"4":0,"5":0,"6":0,"7":0,"8":0,"9":0,"10":0,"11":0,"12":0,"13":0,"14":0,"15":0,"16":0,"17":0,"18":0,"19":0,"20":0,"21":0,"22":0,"23":0,"24":0,"25":0,"26":0,"27":0,"28":0,"29":0,"30":0,"31":0,"32":0,"33":0,"34":0,"35":0,"36":0,"37":0,"38":0,"39":0,"40":0,"41":0,"42":0,"43":0,"44":0},"f":{"0":0,"1":0,"2":0,"3":0,"4":0,"5":0,"6":0,"7":0,"8":0},"b":{"0":[0,0],"1":[0,0],"2":[0,0],"3":[0,0],"4":[0,0],"5":[0,0],"6":[0,0],"7":[0,0],"8":[0,0],"9":[0,0]}}
,"/home/njau-wangari/Sethmed/seth-clinic-cms/lib/utils.ts": {"path":"/home/njau-wangari/Sethmed/seth-clinic-cms/lib/utils.ts","statementMap":{"0":{"start":{"line":5,"column":2},"end":{"line":5,"column":30}}},"fnMap":{"0":{"name":"cn","decl":{"start":{"line":4,"column":16},"end":{"line":4,"column":18}},"loc":{"start":{"line":4,"column":44},"end":{"line":6,"column":1}},"line":4}},"branchMap":{},"s":{"0":329},"f":{"0":329},"b":{},"_coverageSchema":"1a1c01bbd47fc00a2c39e90264f33305004495a9","hash":"a8306e3dca80ddbe1e25a26c5de1623d87627c6e"}
}
